[2022-11-23T09:45:56.997-0600] {manager.py:483} INFO - Processing files using up to 1 processes at a time 
[2022-11-23T09:45:56.998-0600] {manager.py:484} INFO - Process each file at most once every 30 seconds
[2022-11-23T09:45:56.998-0600] {manager.py:485} INFO - Checking for new files in /home/Rex/jetbrains-toolbox-1.26.5.13419/Py/Dexter-airflow/airflow/dags every 300 seconds
[2022-11-23T09:45:56.998-0600] {manager.py:724} INFO - Searching for files in /home/Rex/jetbrains-toolbox-1.26.5.13419/Py/Dexter-airflow/airflow/dags
[2022-11-23T09:45:57.007-0600] {manager.py:727} INFO - There are 36 files in /home/Rex/jetbrains-toolbox-1.26.5.13419/Py/Dexter-airflow/airflow/dags
[2022-11-23T09:45:57.155-0600] {manager.py:846} INFO - 
================================================================================
DAG File Processing Stats

File Path                                                                                                                                                       PID    Runtime      # DAGs    # Errors  Last Runtime    Last Run
--------------------------------------------------------------------------------------------------------------------------------------------------------------  -----  ---------  --------  ----------  --------------  -------------------
/home/Rex/jetbrains-toolbox-1.26.5.13419/Py/Dexter-airflow/venv/lib64/python3.10/site-packages/airflow/example_dags/example_bash_operator.py                                             0           0
/home/Rex/jetbrains-toolbox-1.26.5.13419/Py/Dexter-airflow/venv/lib64/python3.10/site-packages/airflow/example_dags/example_branch_datetime_operator.py                                  0           0
/home/Rex/jetbrains-toolbox-1.26.5.13419/Py/Dexter-airflow/venv/lib64/python3.10/site-packages/airflow/example_dags/example_branch_day_of_week_operator.py                               0           0
/home/Rex/jetbrains-toolbox-1.26.5.13419/Py/Dexter-airflow/venv/lib64/python3.10/site-packages/airflow/example_dags/example_branch_labels.py                                             0           0
/home/Rex/jetbrains-toolbox-1.26.5.13419/Py/Dexter-airflow/venv/lib64/python3.10/site-packages/airflow/example_dags/example_branch_operator.py                                           0           0
/home/Rex/jetbrains-toolbox-1.26.5.13419/Py/Dexter-airflow/venv/lib64/python3.10/site-packages/airflow/example_dags/example_branch_operator_decorator.py                                 0           0
/home/Rex/jetbrains-toolbox-1.26.5.13419/Py/Dexter-airflow/venv/lib64/python3.10/site-packages/airflow/example_dags/example_branch_python_dop_operator_3.py                              0           0
/home/Rex/jetbrains-toolbox-1.26.5.13419/Py/Dexter-airflow/venv/lib64/python3.10/site-packages/airflow/example_dags/example_complex.py                                                   0           0
/home/Rex/jetbrains-toolbox-1.26.5.13419/Py/Dexter-airflow/venv/lib64/python3.10/site-packages/airflow/example_dags/example_dag_decorator.py                                             0           0
/home/Rex/jetbrains-toolbox-1.26.5.13419/Py/Dexter-airflow/venv/lib64/python3.10/site-packages/airflow/example_dags/example_datasets.py                                                  0           0
/home/Rex/jetbrains-toolbox-1.26.5.13419/Py/Dexter-airflow/venv/lib64/python3.10/site-packages/airflow/example_dags/example_external_task_marker_dag.py                                  0           0
/home/Rex/jetbrains-toolbox-1.26.5.13419/Py/Dexter-airflow/venv/lib64/python3.10/site-packages/airflow/example_dags/example_kubernetes_executor.py                                       0           0
/home/Rex/jetbrains-toolbox-1.26.5.13419/Py/Dexter-airflow/venv/lib64/python3.10/site-packages/airflow/example_dags/example_latest_only.py                                               0           0
/home/Rex/jetbrains-toolbox-1.26.5.13419/Py/Dexter-airflow/venv/lib64/python3.10/site-packages/airflow/example_dags/example_latest_only_with_trigger.py                                  0           0
/home/Rex/jetbrains-toolbox-1.26.5.13419/Py/Dexter-airflow/venv/lib64/python3.10/site-packages/airflow/example_dags/example_local_kubernetes_executor.py                                 0           0
/home/Rex/jetbrains-toolbox-1.26.5.13419/Py/Dexter-airflow/venv/lib64/python3.10/site-packages/airflow/example_dags/example_nested_branch_dag.py                                         0           0
/home/Rex/jetbrains-toolbox-1.26.5.13419/Py/Dexter-airflow/venv/lib64/python3.10/site-packages/airflow/example_dags/example_passing_params_via_test_command.py                           0           0
/home/Rex/jetbrains-toolbox-1.26.5.13419/Py/Dexter-airflow/venv/lib64/python3.10/site-packages/airflow/example_dags/example_python_operator.py                                           0           0
/home/Rex/jetbrains-toolbox-1.26.5.13419/Py/Dexter-airflow/venv/lib64/python3.10/site-packages/airflow/example_dags/example_short_circuit_decorator.py                                   0           0
/home/Rex/jetbrains-toolbox-1.26.5.13419/Py/Dexter-airflow/venv/lib64/python3.10/site-packages/airflow/example_dags/example_short_circuit_operator.py                                    0           0
/home/Rex/jetbrains-toolbox-1.26.5.13419/Py/Dexter-airflow/venv/lib64/python3.10/site-packages/airflow/example_dags/example_skip_dag.py                                                  0           0
/home/Rex/jetbrains-toolbox-1.26.5.13419/Py/Dexter-airflow/venv/lib64/python3.10/site-packages/airflow/example_dags/example_sla_dag.py                                                   0           0
/home/Rex/jetbrains-toolbox-1.26.5.13419/Py/Dexter-airflow/venv/lib64/python3.10/site-packages/airflow/example_dags/example_subdag_operator.py                                           0           0
/home/Rex/jetbrains-toolbox-1.26.5.13419/Py/Dexter-airflow/venv/lib64/python3.10/site-packages/airflow/example_dags/example_task_group.py                                                0           0
/home/Rex/jetbrains-toolbox-1.26.5.13419/Py/Dexter-airflow/venv/lib64/python3.10/site-packages/airflow/example_dags/example_task_group_decorator.py                                      0           0
/home/Rex/jetbrains-toolbox-1.26.5.13419/Py/Dexter-airflow/venv/lib64/python3.10/site-packages/airflow/example_dags/example_time_delta_sensor_async.py                                   0           0
/home/Rex/jetbrains-toolbox-1.26.5.13419/Py/Dexter-airflow/venv/lib64/python3.10/site-packages/airflow/example_dags/example_trigger_controller_dag.py                                    0           0
/home/Rex/jetbrains-toolbox-1.26.5.13419/Py/Dexter-airflow/venv/lib64/python3.10/site-packages/airflow/example_dags/example_trigger_target_dag.py                                        0           0
/home/Rex/jetbrains-toolbox-1.26.5.13419/Py/Dexter-airflow/venv/lib64/python3.10/site-packages/airflow/example_dags/example_xcom.py                                                      0           0
/home/Rex/jetbrains-toolbox-1.26.5.13419/Py/Dexter-airflow/venv/lib64/python3.10/site-packages/airflow/example_dags/example_xcomargs.py                                                  0           0
/home/Rex/jetbrains-toolbox-1.26.5.13419/Py/Dexter-airflow/venv/lib64/python3.10/site-packages/airflow/example_dags/tutorial.py                                                          0           0
/home/Rex/jetbrains-toolbox-1.26.5.13419/Py/Dexter-airflow/venv/lib64/python3.10/site-packages/airflow/example_dags/tutorial_dag.py                                                      0           0
/home/Rex/jetbrains-toolbox-1.26.5.13419/Py/Dexter-airflow/venv/lib64/python3.10/site-packages/airflow/example_dags/tutorial_taskflow_api.py                                             0           0
/home/Rex/jetbrains-toolbox-1.26.5.13419/Py/Dexter-airflow/venv/lib64/python3.10/site-packages/airflow/example_dags/tutorial_taskflow_api_virtualenv.py                                  0           0
/home/Rex/jetbrains-toolbox-1.26.5.13419/Py/Dexter-airflow/venv/lib64/python3.10/site-packages/airflow/example_dags/plugins/workday.py                                                   0           0
/home/Rex/jetbrains-toolbox-1.26.5.13419/Py/Dexter-airflow/venv/lib64/python3.10/site-packages/airflow/example_dags/subdags/subdag.py                                                    0           0  0.11s           2022-11-23T15:45:57
================================================================================
[2022-11-23T09:46:27.360-0600] {manager.py:846} INFO - 
================================================================================
DAG File Processing Stats

File Path                                                                                                                                                       PID    Runtime      # DAGs    # Errors  Last Runtime    Last Run
--------------------------------------------------------------------------------------------------------------------------------------------------------------  -----  ---------  --------  ----------  --------------  -------------------
/home/Rex/jetbrains-toolbox-1.26.5.13419/Py/Dexter-airflow/venv/lib64/python3.10/site-packages/airflow/example_dags/example_bash_operator.py                                             0           0
/home/Rex/jetbrains-toolbox-1.26.5.13419/Py/Dexter-airflow/venv/lib64/python3.10/site-packages/airflow/example_dags/example_branch_datetime_operator.py                                  0           0
/home/Rex/jetbrains-toolbox-1.26.5.13419/Py/Dexter-airflow/venv/lib64/python3.10/site-packages/airflow/example_dags/example_branch_day_of_week_operator.py                               0           0
/home/Rex/jetbrains-toolbox-1.26.5.13419/Py/Dexter-airflow/venv/lib64/python3.10/site-packages/airflow/example_dags/example_branch_labels.py                                             0           0
/home/Rex/jetbrains-toolbox-1.26.5.13419/Py/Dexter-airflow/venv/lib64/python3.10/site-packages/airflow/example_dags/example_branch_operator.py                                           0           0
/home/Rex/jetbrains-toolbox-1.26.5.13419/Py/Dexter-airflow/venv/lib64/python3.10/site-packages/airflow/example_dags/example_branch_operator_decorator.py                                 0           0
/home/Rex/jetbrains-toolbox-1.26.5.13419/Py/Dexter-airflow/venv/lib64/python3.10/site-packages/airflow/example_dags/example_branch_python_dop_operator_3.py                              0           0
/home/Rex/jetbrains-toolbox-1.26.5.13419/Py/Dexter-airflow/venv/lib64/python3.10/site-packages/airflow/example_dags/example_complex.py                                                   0           0
/home/Rex/jetbrains-toolbox-1.26.5.13419/Py/Dexter-airflow/venv/lib64/python3.10/site-packages/airflow/example_dags/example_kubernetes_executor.py                                       0           0
/home/Rex/jetbrains-toolbox-1.26.5.13419/Py/Dexter-airflow/venv/lib64/python3.10/site-packages/airflow/example_dags/example_latest_only.py                                               0           0
/home/Rex/jetbrains-toolbox-1.26.5.13419/Py/Dexter-airflow/venv/lib64/python3.10/site-packages/airflow/example_dags/example_latest_only_with_trigger.py                                  0           0
/home/Rex/jetbrains-toolbox-1.26.5.13419/Py/Dexter-airflow/venv/lib64/python3.10/site-packages/airflow/example_dags/example_local_kubernetes_executor.py                                 0           0
/home/Rex/jetbrains-toolbox-1.26.5.13419/Py/Dexter-airflow/venv/lib64/python3.10/site-packages/airflow/example_dags/tutorial_taskflow_api_virtualenv.py                                  0           0  0.11s           2022-11-23T15:46:02
/home/Rex/jetbrains-toolbox-1.26.5.13419/Py/Dexter-airflow/venv/lib64/python3.10/site-packages/airflow/example_dags/plugins/workday.py                                                   0           0  0.11s           2022-11-23T15:46:03
/home/Rex/jetbrains-toolbox-1.26.5.13419/Py/Dexter-airflow/venv/lib64/python3.10/site-packages/airflow/example_dags/subdags/subdag.py                                                    0           0  0.11s           2022-11-23T15:45:57
/home/Rex/jetbrains-toolbox-1.26.5.13419/Py/Dexter-airflow/venv/lib64/python3.10/site-packages/airflow/example_dags/example_dag_decorator.py                                             1           0  0.30s           2022-11-23T15:46:24
/home/Rex/jetbrains-toolbox-1.26.5.13419/Py/Dexter-airflow/venv/lib64/python3.10/site-packages/airflow/example_dags/example_nested_branch_dag.py                                         1           0  0.21s           2022-11-23T15:46:13
/home/Rex/jetbrains-toolbox-1.26.5.13419/Py/Dexter-airflow/venv/lib64/python3.10/site-packages/airflow/example_dags/example_passing_params_via_test_command.py                           1           0  0.31s           2022-11-23T15:46:14
/home/Rex/jetbrains-toolbox-1.26.5.13419/Py/Dexter-airflow/venv/lib64/python3.10/site-packages/airflow/example_dags/example_python_operator.py                                           1           0  0.32s           2022-11-23T15:46:16
/home/Rex/jetbrains-toolbox-1.26.5.13419/Py/Dexter-airflow/venv/lib64/python3.10/site-packages/airflow/example_dags/example_short_circuit_decorator.py                                   1           0  0.32s           2022-11-23T15:46:17
/home/Rex/jetbrains-toolbox-1.26.5.13419/Py/Dexter-airflow/venv/lib64/python3.10/site-packages/airflow/example_dags/example_short_circuit_operator.py                                    1           0  0.31s           2022-11-23T15:46:19
/home/Rex/jetbrains-toolbox-1.26.5.13419/Py/Dexter-airflow/venv/lib64/python3.10/site-packages/airflow/example_dags/example_skip_dag.py                                                  1           0  0.21s           2022-11-23T15:46:20
/home/Rex/jetbrains-toolbox-1.26.5.13419/Py/Dexter-airflow/venv/lib64/python3.10/site-packages/airflow/example_dags/example_sla_dag.py                                                   1           0  0.31s           2022-11-23T15:46:21
/home/Rex/jetbrains-toolbox-1.26.5.13419/Py/Dexter-airflow/venv/lib64/python3.10/site-packages/airflow/example_dags/example_task_group.py                                                1           0  0.21s           2022-11-23T15:46:04
/home/Rex/jetbrains-toolbox-1.26.5.13419/Py/Dexter-airflow/venv/lib64/python3.10/site-packages/airflow/example_dags/example_task_group_decorator.py                                      1           0  0.32s           2022-11-23T15:46:05
/home/Rex/jetbrains-toolbox-1.26.5.13419/Py/Dexter-airflow/venv/lib64/python3.10/site-packages/airflow/example_dags/example_time_delta_sensor_async.py                                   1           0  0.31s           2022-11-23T15:46:07
/home/Rex/jetbrains-toolbox-1.26.5.13419/Py/Dexter-airflow/venv/lib64/python3.10/site-packages/airflow/example_dags/example_trigger_controller_dag.py                                    1           0  0.22s           2022-11-23T15:46:08
/home/Rex/jetbrains-toolbox-1.26.5.13419/Py/Dexter-airflow/venv/lib64/python3.10/site-packages/airflow/example_dags/example_trigger_target_dag.py                                        1           0  0.32s           2022-11-23T15:46:09
/home/Rex/jetbrains-toolbox-1.26.5.13419/Py/Dexter-airflow/venv/lib64/python3.10/site-packages/airflow/example_dags/example_xcom.py                                                      1           0  0.31s           2022-11-23T15:46:11
/home/Rex/jetbrains-toolbox-1.26.5.13419/Py/Dexter-airflow/venv/lib64/python3.10/site-packages/airflow/example_dags/tutorial.py                                                          1           0  0.31s           2022-11-23T15:45:58
/home/Rex/jetbrains-toolbox-1.26.5.13419/Py/Dexter-airflow/venv/lib64/python3.10/site-packages/airflow/example_dags/tutorial_dag.py                                                      1           0  0.20s           2022-11-23T15:45:59
/home/Rex/jetbrains-toolbox-1.26.5.13419/Py/Dexter-airflow/venv/lib64/python3.10/site-packages/airflow/example_dags/tutorial_taskflow_api.py                                             1           0  0.31s           2022-11-23T15:46:01
/home/Rex/jetbrains-toolbox-1.26.5.13419/Py/Dexter-airflow/venv/lib64/python3.10/site-packages/airflow/example_dags/example_external_task_marker_dag.py                                  2           0  0.41s           2022-11-23T15:46:27
/home/Rex/jetbrains-toolbox-1.26.5.13419/Py/Dexter-airflow/venv/lib64/python3.10/site-packages/airflow/example_dags/example_xcomargs.py                                                  2           0  0.31s           2022-11-23T15:46:12
/home/Rex/jetbrains-toolbox-1.26.5.13419/Py/Dexter-airflow/venv/lib64/python3.10/site-packages/airflow/example_dags/example_subdag_operator.py                                           3           0  0.32s           2022-11-23T15:46:23
/home/Rex/jetbrains-toolbox-1.26.5.13419/Py/Dexter-airflow/venv/lib64/python3.10/site-packages/airflow/example_dags/example_datasets.py                                                  6           0  0.51s           2022-11-23T15:46:25
================================================================================
[2022-11-23T09:46:57.769-0600] {manager.py:846} INFO - 
================================================================================
DAG File Processing Stats

File Path                                                                                                                                                       PID    Runtime      # DAGs    # Errors  Last Runtime    Last Run
--------------------------------------------------------------------------------------------------------------------------------------------------------------  -----  ---------  --------  ----------  --------------  -------------------
/home/Rex/jetbrains-toolbox-1.26.5.13419/Py/Dexter-airflow/venv/lib64/python3.10/site-packages/airflow/example_dags/example_kubernetes_executor.py                                       0           0  0.11s           2022-11-23T15:46:27
/home/Rex/jetbrains-toolbox-1.26.5.13419/Py/Dexter-airflow/venv/lib64/python3.10/site-packages/airflow/example_dags/example_local_kubernetes_executor.py                                 0           0  0.11s           2022-11-23T15:46:30
/home/Rex/jetbrains-toolbox-1.26.5.13419/Py/Dexter-airflow/venv/lib64/python3.10/site-packages/airflow/example_dags/tutorial_taskflow_api_virtualenv.py                                  0           0  0.11s           2022-11-23T15:46:45
/home/Rex/jetbrains-toolbox-1.26.5.13419/Py/Dexter-airflow/venv/lib64/python3.10/site-packages/airflow/example_dags/plugins/workday.py                                                   0           0  0.10s           2022-11-23T15:46:46
/home/Rex/jetbrains-toolbox-1.26.5.13419/Py/Dexter-airflow/venv/lib64/python3.10/site-packages/airflow/example_dags/subdags/subdag.py                                                    0           0  0.11s           2022-11-23T15:46:41
/home/Rex/jetbrains-toolbox-1.26.5.13419/Py/Dexter-airflow/venv/lib64/python3.10/site-packages/airflow/example_dags/example_bash_operator.py                                             1           0  0.30s           2022-11-23T15:46:40
/home/Rex/jetbrains-toolbox-1.26.5.13419/Py/Dexter-airflow/venv/lib64/python3.10/site-packages/airflow/example_dags/example_branch_day_of_week_operator.py                               1           0  0.22s           2022-11-23T15:46:33
/home/Rex/jetbrains-toolbox-1.26.5.13419/Py/Dexter-airflow/venv/lib64/python3.10/site-packages/airflow/example_dags/example_branch_labels.py                                             1           0  0.21s           2022-11-23T15:46:34
/home/Rex/jetbrains-toolbox-1.26.5.13419/Py/Dexter-airflow/venv/lib64/python3.10/site-packages/airflow/example_dags/example_branch_operator.py                                           1           0  0.31s           2022-11-23T15:46:35
/home/Rex/jetbrains-toolbox-1.26.5.13419/Py/Dexter-airflow/venv/lib64/python3.10/site-packages/airflow/example_dags/example_branch_operator_decorator.py                                 1           0  0.31s           2022-11-23T15:46:37
/home/Rex/jetbrains-toolbox-1.26.5.13419/Py/Dexter-airflow/venv/lib64/python3.10/site-packages/airflow/example_dags/example_branch_python_dop_operator_3.py                              1           0  0.32s           2022-11-23T15:46:38
/home/Rex/jetbrains-toolbox-1.26.5.13419/Py/Dexter-airflow/venv/lib64/python3.10/site-packages/airflow/example_dags/example_complex.py                                                   1           0  0.31s           2022-11-23T15:46:38
/home/Rex/jetbrains-toolbox-1.26.5.13419/Py/Dexter-airflow/venv/lib64/python3.10/site-packages/airflow/example_dags/example_dag_decorator.py                                             1           0  0.30s           2022-11-23T15:46:24
/home/Rex/jetbrains-toolbox-1.26.5.13419/Py/Dexter-airflow/venv/lib64/python3.10/site-packages/airflow/example_dags/example_latest_only.py                                               1           0  0.21s           2022-11-23T15:46:28
/home/Rex/jetbrains-toolbox-1.26.5.13419/Py/Dexter-airflow/venv/lib64/python3.10/site-packages/airflow/example_dags/example_latest_only_with_trigger.py                                  1           0  0.21s           2022-11-23T15:46:29
/home/Rex/jetbrains-toolbox-1.26.5.13419/Py/Dexter-airflow/venv/lib64/python3.10/site-packages/airflow/example_dags/example_nested_branch_dag.py                                         1           0  0.20s           2022-11-23T15:46:54
/home/Rex/jetbrains-toolbox-1.26.5.13419/Py/Dexter-airflow/venv/lib64/python3.10/site-packages/airflow/example_dags/example_passing_params_via_test_command.py                           1           0  0.21s           2022-11-23T15:46:55
/home/Rex/jetbrains-toolbox-1.26.5.13419/Py/Dexter-airflow/venv/lib64/python3.10/site-packages/airflow/example_dags/example_python_operator.py                                           1           0  0.21s           2022-11-23T15:46:56
/home/Rex/jetbrains-toolbox-1.26.5.13419/Py/Dexter-airflow/venv/lib64/python3.10/site-packages/airflow/example_dags/example_short_circuit_decorator.py                                   1           0  0.21s           2022-11-23T15:46:57
/home/Rex/jetbrains-toolbox-1.26.5.13419/Py/Dexter-airflow/venv/lib64/python3.10/site-packages/airflow/example_dags/example_short_circuit_operator.py                                    1           0  0.31s           2022-11-23T15:46:19
/home/Rex/jetbrains-toolbox-1.26.5.13419/Py/Dexter-airflow/venv/lib64/python3.10/site-packages/airflow/example_dags/example_skip_dag.py                                                  1           0  0.21s           2022-11-23T15:46:20
/home/Rex/jetbrains-toolbox-1.26.5.13419/Py/Dexter-airflow/venv/lib64/python3.10/site-packages/airflow/example_dags/example_sla_dag.py                                                   1           0  0.31s           2022-11-23T15:46:21
/home/Rex/jetbrains-toolbox-1.26.5.13419/Py/Dexter-airflow/venv/lib64/python3.10/site-packages/airflow/example_dags/example_task_group.py                                                1           0  0.21s           2022-11-23T15:46:47
/home/Rex/jetbrains-toolbox-1.26.5.13419/Py/Dexter-airflow/venv/lib64/python3.10/site-packages/airflow/example_dags/example_task_group_decorator.py                                      1           0  0.21s           2022-11-23T15:46:48
/home/Rex/jetbrains-toolbox-1.26.5.13419/Py/Dexter-airflow/venv/lib64/python3.10/site-packages/airflow/example_dags/example_time_delta_sensor_async.py                                   1           0  0.21s           2022-11-23T15:46:49
/home/Rex/jetbrains-toolbox-1.26.5.13419/Py/Dexter-airflow/venv/lib64/python3.10/site-packages/airflow/example_dags/example_trigger_controller_dag.py                                    1           0  0.11s           2022-11-23T15:46:50
/home/Rex/jetbrains-toolbox-1.26.5.13419/Py/Dexter-airflow/venv/lib64/python3.10/site-packages/airflow/example_dags/example_trigger_target_dag.py                                        1           0  0.20s           2022-11-23T15:46:51
/home/Rex/jetbrains-toolbox-1.26.5.13419/Py/Dexter-airflow/venv/lib64/python3.10/site-packages/airflow/example_dags/example_xcom.py                                                      1           0  0.21s           2022-11-23T15:46:52
/home/Rex/jetbrains-toolbox-1.26.5.13419/Py/Dexter-airflow/venv/lib64/python3.10/site-packages/airflow/example_dags/tutorial.py                                                          1           0  0.21s           2022-11-23T15:46:42
/home/Rex/jetbrains-toolbox-1.26.5.13419/Py/Dexter-airflow/venv/lib64/python3.10/site-packages/airflow/example_dags/tutorial_dag.py                                                      1           0  0.12s           2022-11-23T15:46:43
/home/Rex/jetbrains-toolbox-1.26.5.13419/Py/Dexter-airflow/venv/lib64/python3.10/site-packages/airflow/example_dags/tutorial_taskflow_api.py                                             1           0  0.22s           2022-11-23T15:46:43
/home/Rex/jetbrains-toolbox-1.26.5.13419/Py/Dexter-airflow/venv/lib64/python3.10/site-packages/airflow/example_dags/example_external_task_marker_dag.py                                  2           0  0.41s           2022-11-23T15:46:27
/home/Rex/jetbrains-toolbox-1.26.5.13419/Py/Dexter-airflow/venv/lib64/python3.10/site-packages/airflow/example_dags/example_xcomargs.py                                                  2           0  0.21s           2022-11-23T15:46:54
/home/Rex/jetbrains-toolbox-1.26.5.13419/Py/Dexter-airflow/venv/lib64/python3.10/site-packages/airflow/example_dags/example_branch_datetime_operator.py                                  3           0  0.31s           2022-11-23T15:46:32
/home/Rex/jetbrains-toolbox-1.26.5.13419/Py/Dexter-airflow/venv/lib64/python3.10/site-packages/airflow/example_dags/example_subdag_operator.py                                           3           0  0.32s           2022-11-23T15:46:23
/home/Rex/jetbrains-toolbox-1.26.5.13419/Py/Dexter-airflow/venv/lib64/python3.10/site-packages/airflow/example_dags/example_datasets.py                                                  6           0  0.51s           2022-11-23T15:46:25
================================================================================
[2022-11-23T09:47:27.975-0600] {manager.py:846} INFO - 
================================================================================
DAG File Processing Stats

File Path                                                                                                                                                       PID    Runtime      # DAGs    # Errors  Last Runtime    Last Run
--------------------------------------------------------------------------------------------------------------------------------------------------------------  -----  ---------  --------  ----------  --------------  -------------------
/home/Rex/jetbrains-toolbox-1.26.5.13419/Py/Dexter-airflow/venv/lib64/python3.10/site-packages/airflow/example_dags/example_kubernetes_executor.py                                       0           0  0.11s           2022-11-23T15:47:07
/home/Rex/jetbrains-toolbox-1.26.5.13419/Py/Dexter-airflow/venv/lib64/python3.10/site-packages/airflow/example_dags/example_local_kubernetes_executor.py                                 0           0  0.10s           2022-11-23T15:47:09
/home/Rex/jetbrains-toolbox-1.26.5.13419/Py/Dexter-airflow/venv/lib64/python3.10/site-packages/airflow/example_dags/tutorial_taskflow_api_virtualenv.py                                  0           0  0.11s           2022-11-23T15:47:25
/home/Rex/jetbrains-toolbox-1.26.5.13419/Py/Dexter-airflow/venv/lib64/python3.10/site-packages/airflow/example_dags/plugins/workday.py                                                   0           0  0.11s           2022-11-23T15:47:25
/home/Rex/jetbrains-toolbox-1.26.5.13419/Py/Dexter-airflow/venv/lib64/python3.10/site-packages/airflow/example_dags/subdags/subdag.py                                                    0           0  0.11s           2022-11-23T15:47:12
/home/Rex/jetbrains-toolbox-1.26.5.13419/Py/Dexter-airflow/venv/lib64/python3.10/site-packages/airflow/example_dags/example_bash_operator.py                                             1           0  0.21s           2022-11-23T15:47:20
/home/Rex/jetbrains-toolbox-1.26.5.13419/Py/Dexter-airflow/venv/lib64/python3.10/site-packages/airflow/example_dags/example_branch_day_of_week_operator.py                               1           0  0.11s           2022-11-23T15:47:12
/home/Rex/jetbrains-toolbox-1.26.5.13419/Py/Dexter-airflow/venv/lib64/python3.10/site-packages/airflow/example_dags/example_branch_labels.py                                             1           0  0.21s           2022-11-23T15:47:14
/home/Rex/jetbrains-toolbox-1.26.5.13419/Py/Dexter-airflow/venv/lib64/python3.10/site-packages/airflow/example_dags/example_branch_operator.py                                           1           0  0.22s           2022-11-23T15:47:15
/home/Rex/jetbrains-toolbox-1.26.5.13419/Py/Dexter-airflow/venv/lib64/python3.10/site-packages/airflow/example_dags/example_branch_operator_decorator.py                                 1           0  0.21s           2022-11-23T15:47:16
/home/Rex/jetbrains-toolbox-1.26.5.13419/Py/Dexter-airflow/venv/lib64/python3.10/site-packages/airflow/example_dags/example_branch_python_dop_operator_3.py                              1           0  0.21s           2022-11-23T15:47:17
/home/Rex/jetbrains-toolbox-1.26.5.13419/Py/Dexter-airflow/venv/lib64/python3.10/site-packages/airflow/example_dags/example_complex.py                                                   1           0  0.21s           2022-11-23T15:47:19
/home/Rex/jetbrains-toolbox-1.26.5.13419/Py/Dexter-airflow/venv/lib64/python3.10/site-packages/airflow/example_dags/example_dag_decorator.py                                             1           0  0.21s           2022-11-23T15:47:03
/home/Rex/jetbrains-toolbox-1.26.5.13419/Py/Dexter-airflow/venv/lib64/python3.10/site-packages/airflow/example_dags/example_latest_only.py                                               1           0  0.21s           2022-11-23T15:47:08
/home/Rex/jetbrains-toolbox-1.26.5.13419/Py/Dexter-airflow/venv/lib64/python3.10/site-packages/airflow/example_dags/example_latest_only_with_trigger.py                                  1           0  0.10s           2022-11-23T15:47:08
/home/Rex/jetbrains-toolbox-1.26.5.13419/Py/Dexter-airflow/venv/lib64/python3.10/site-packages/airflow/example_dags/example_nested_branch_dag.py                                         1           0  0.20s           2022-11-23T15:46:54
/home/Rex/jetbrains-toolbox-1.26.5.13419/Py/Dexter-airflow/venv/lib64/python3.10/site-packages/airflow/example_dags/example_passing_params_via_test_command.py                           1           0  0.21s           2022-11-23T15:46:55
/home/Rex/jetbrains-toolbox-1.26.5.13419/Py/Dexter-airflow/venv/lib64/python3.10/site-packages/airflow/example_dags/example_python_operator.py                                           1           0  0.21s           2022-11-23T15:46:56
/home/Rex/jetbrains-toolbox-1.26.5.13419/Py/Dexter-airflow/venv/lib64/python3.10/site-packages/airflow/example_dags/example_short_circuit_decorator.py                                   1           0  0.21s           2022-11-23T15:46:57
/home/Rex/jetbrains-toolbox-1.26.5.13419/Py/Dexter-airflow/venv/lib64/python3.10/site-packages/airflow/example_dags/example_short_circuit_operator.py                                    1           0  0.21s           2022-11-23T15:46:58
/home/Rex/jetbrains-toolbox-1.26.5.13419/Py/Dexter-airflow/venv/lib64/python3.10/site-packages/airflow/example_dags/example_skip_dag.py                                                  1           0  0.21s           2022-11-23T15:46:59
/home/Rex/jetbrains-toolbox-1.26.5.13419/Py/Dexter-airflow/venv/lib64/python3.10/site-packages/airflow/example_dags/example_sla_dag.py                                                   1           0  0.21s           2022-11-23T15:47:01
/home/Rex/jetbrains-toolbox-1.26.5.13419/Py/Dexter-airflow/venv/lib64/python3.10/site-packages/airflow/example_dags/example_task_group.py                                                1           0  0.21s           2022-11-23T15:47:26
/home/Rex/jetbrains-toolbox-1.26.5.13419/Py/Dexter-airflow/venv/lib64/python3.10/site-packages/airflow/example_dags/example_task_group_decorator.py                                      1           0  0.21s           2022-11-23T15:47:27
/home/Rex/jetbrains-toolbox-1.26.5.13419/Py/Dexter-airflow/venv/lib64/python3.10/site-packages/airflow/example_dags/example_time_delta_sensor_async.py                                   1           0  0.21s           2022-11-23T15:46:49
/home/Rex/jetbrains-toolbox-1.26.5.13419/Py/Dexter-airflow/venv/lib64/python3.10/site-packages/airflow/example_dags/example_trigger_controller_dag.py                                    1           0  0.11s           2022-11-23T15:46:50
/home/Rex/jetbrains-toolbox-1.26.5.13419/Py/Dexter-airflow/venv/lib64/python3.10/site-packages/airflow/example_dags/example_trigger_target_dag.py                                        1           0  0.20s           2022-11-23T15:46:51
/home/Rex/jetbrains-toolbox-1.26.5.13419/Py/Dexter-airflow/venv/lib64/python3.10/site-packages/airflow/example_dags/example_xcom.py                                                      1           0  0.21s           2022-11-23T15:46:52
/home/Rex/jetbrains-toolbox-1.26.5.13419/Py/Dexter-airflow/venv/lib64/python3.10/site-packages/airflow/example_dags/tutorial.py                                                          1           0  0.11s           2022-11-23T15:47:21
/home/Rex/jetbrains-toolbox-1.26.5.13419/Py/Dexter-airflow/venv/lib64/python3.10/site-packages/airflow/example_dags/tutorial_dag.py                                                      1           0  0.21s           2022-11-23T15:47:22
/home/Rex/jetbrains-toolbox-1.26.5.13419/Py/Dexter-airflow/venv/lib64/python3.10/site-packages/airflow/example_dags/tutorial_taskflow_api.py                                             1           0  0.21s           2022-11-23T15:47:24
/home/Rex/jetbrains-toolbox-1.26.5.13419/Py/Dexter-airflow/venv/lib64/python3.10/site-packages/airflow/example_dags/example_external_task_marker_dag.py                                  2           0  0.21s           2022-11-23T15:47:06
/home/Rex/jetbrains-toolbox-1.26.5.13419/Py/Dexter-airflow/venv/lib64/python3.10/site-packages/airflow/example_dags/example_xcomargs.py                                                  2           0  0.21s           2022-11-23T15:46:54
/home/Rex/jetbrains-toolbox-1.26.5.13419/Py/Dexter-airflow/venv/lib64/python3.10/site-packages/airflow/example_dags/example_branch_datetime_operator.py                                  3           0  0.21s           2022-11-23T15:47:11
/home/Rex/jetbrains-toolbox-1.26.5.13419/Py/Dexter-airflow/venv/lib64/python3.10/site-packages/airflow/example_dags/example_subdag_operator.py                                           3           0  0.21s           2022-11-23T15:47:02
/home/Rex/jetbrains-toolbox-1.26.5.13419/Py/Dexter-airflow/venv/lib64/python3.10/site-packages/airflow/example_dags/example_datasets.py                                                  6           0  0.21s           2022-11-23T15:47:04
================================================================================
