[2022-11-23T09:45:57.058-0600] {processor.py:154} INFO - Started process (PID=16803) to work on /home/Rex/jetbrains-toolbox-1.26.5.13419/Py/Dexter-airflow/venv/lib64/python3.10/site-packages/airflow/example_dags/subdags/subdag.py
[2022-11-23T09:45:57.058-0600] {processor.py:756} INFO - Processing file /home/Rex/jetbrains-toolbox-1.26.5.13419/Py/Dexter-airflow/venv/lib64/python3.10/site-packages/airflow/example_dags/subdags/subdag.py for tasks to queue
[2022-11-23T09:45:57.062-0600] {logging_mixin.py:137} INFO - [2022-11-23T09:45:57.061-0600] {dagbag.py:537} INFO - Filling up the DagBag from /home/Rex/jetbrains-toolbox-1.26.5.13419/Py/Dexter-airflow/venv/lib64/python3.10/site-packages/airflow/example_dags/subdags/subdag.py
[2022-11-23T09:45:57.068-0600] {processor.py:768} WARNING - No viable dags retrieved from /home/Rex/jetbrains-toolbox-1.26.5.13419/Py/Dexter-airflow/venv/lib64/python3.10/site-packages/airflow/example_dags/subdags/subdag.py
[2022-11-23T09:45:57.077-0600] {processor.py:176} INFO - Processing /home/Rex/jetbrains-toolbox-1.26.5.13419/Py/Dexter-airflow/venv/lib64/python3.10/site-packages/airflow/example_dags/subdags/subdag.py took 0.022 seconds
[2022-11-23T09:46:41.089-0600] {processor.py:154} INFO - Started process (PID=16963) to work on /home/Rex/jetbrains-toolbox-1.26.5.13419/Py/Dexter-airflow/venv/lib64/python3.10/site-packages/airflow/example_dags/subdags/subdag.py
[2022-11-23T09:46:41.090-0600] {processor.py:756} INFO - Processing file /home/Rex/jetbrains-toolbox-1.26.5.13419/Py/Dexter-airflow/venv/lib64/python3.10/site-packages/airflow/example_dags/subdags/subdag.py for tasks to queue
[2022-11-23T09:46:41.092-0600] {logging_mixin.py:137} INFO - [2022-11-23T09:46:41.092-0600] {dagbag.py:537} INFO - Filling up the DagBag from /home/Rex/jetbrains-toolbox-1.26.5.13419/Py/Dexter-airflow/venv/lib64/python3.10/site-packages/airflow/example_dags/subdags/subdag.py
[2022-11-23T09:46:41.097-0600] {processor.py:768} WARNING - No viable dags retrieved from /home/Rex/jetbrains-toolbox-1.26.5.13419/Py/Dexter-airflow/venv/lib64/python3.10/site-packages/airflow/example_dags/subdags/subdag.py
[2022-11-23T09:46:41.112-0600] {processor.py:176} INFO - Processing /home/Rex/jetbrains-toolbox-1.26.5.13419/Py/Dexter-airflow/venv/lib64/python3.10/site-packages/airflow/example_dags/subdags/subdag.py took 0.027 seconds
[2022-11-23T09:47:12.264-0600] {processor.py:154} INFO - Started process (PID=17059) to work on /home/Rex/jetbrains-toolbox-1.26.5.13419/Py/Dexter-airflow/venv/lib64/python3.10/site-packages/airflow/example_dags/subdags/subdag.py
[2022-11-23T09:47:12.268-0600] {processor.py:756} INFO - Processing file /home/Rex/jetbrains-toolbox-1.26.5.13419/Py/Dexter-airflow/venv/lib64/python3.10/site-packages/airflow/example_dags/subdags/subdag.py for tasks to queue
[2022-11-23T09:47:12.273-0600] {logging_mixin.py:137} INFO - [2022-11-23T09:47:12.272-0600] {dagbag.py:537} INFO - Filling up the DagBag from /home/Rex/jetbrains-toolbox-1.26.5.13419/Py/Dexter-airflow/venv/lib64/python3.10/site-packages/airflow/example_dags/subdags/subdag.py
[2022-11-23T09:47:12.281-0600] {processor.py:768} WARNING - No viable dags retrieved from /home/Rex/jetbrains-toolbox-1.26.5.13419/Py/Dexter-airflow/venv/lib64/python3.10/site-packages/airflow/example_dags/subdags/subdag.py
[2022-11-23T09:47:12.292-0600] {processor.py:176} INFO - Processing /home/Rex/jetbrains-toolbox-1.26.5.13419/Py/Dexter-airflow/venv/lib64/python3.10/site-packages/airflow/example_dags/subdags/subdag.py took 0.034 seconds
[2022-11-23T09:47:44.206-0600] {processor.py:154} INFO - Started process (PID=17108) to work on /home/Rex/jetbrains-toolbox-1.26.5.13419/Py/Dexter-airflow/venv/lib64/python3.10/site-packages/airflow/example_dags/subdags/subdag.py
[2022-11-23T09:47:44.208-0600] {processor.py:756} INFO - Processing file /home/Rex/jetbrains-toolbox-1.26.5.13419/Py/Dexter-airflow/venv/lib64/python3.10/site-packages/airflow/example_dags/subdags/subdag.py for tasks to queue
[2022-11-23T09:47:44.211-0600] {logging_mixin.py:137} INFO - [2022-11-23T09:47:44.211-0600] {dagbag.py:537} INFO - Filling up the DagBag from /home/Rex/jetbrains-toolbox-1.26.5.13419/Py/Dexter-airflow/venv/lib64/python3.10/site-packages/airflow/example_dags/subdags/subdag.py
[2022-11-23T09:47:44.215-0600] {processor.py:768} WARNING - No viable dags retrieved from /home/Rex/jetbrains-toolbox-1.26.5.13419/Py/Dexter-airflow/venv/lib64/python3.10/site-packages/airflow/example_dags/subdags/subdag.py
[2022-11-23T09:47:44.224-0600] {processor.py:176} INFO - Processing /home/Rex/jetbrains-toolbox-1.26.5.13419/Py/Dexter-airflow/venv/lib64/python3.10/site-packages/airflow/example_dags/subdags/subdag.py took 0.026 seconds
