[2022-11-23T09:46:13.390-0600] {processor.py:154} INFO - Started process (PID=16918) to work on /home/Rex/jetbrains-toolbox-1.26.5.13419/Py/Dexter-airflow/venv/lib64/python3.10/site-packages/airflow/example_dags/example_nested_branch_dag.py
[2022-11-23T09:46:13.391-0600] {processor.py:756} INFO - Processing file /home/Rex/jetbrains-toolbox-1.26.5.13419/Py/Dexter-airflow/venv/lib64/python3.10/site-packages/airflow/example_dags/example_nested_branch_dag.py for tasks to queue
[2022-11-23T09:46:13.394-0600] {logging_mixin.py:137} INFO - [2022-11-23T09:46:13.393-0600] {dagbag.py:537} INFO - Filling up the DagBag from /home/Rex/jetbrains-toolbox-1.26.5.13419/Py/Dexter-airflow/venv/lib64/python3.10/site-packages/airflow/example_dags/example_nested_branch_dag.py
[2022-11-23T09:46:13.423-0600] {processor.py:766} INFO - DAG(s) dict_keys(['example_nested_branch_dag']) retrieved from /home/Rex/jetbrains-toolbox-1.26.5.13419/Py/Dexter-airflow/venv/lib64/python3.10/site-packages/airflow/example_dags/example_nested_branch_dag.py
[2022-11-23T09:46:13.524-0600] {logging_mixin.py:137} INFO - [2022-11-23T09:46:13.524-0600] {manager.py:507} INFO - Created Permission View: can edit on DAG:example_nested_branch_dag
[2022-11-23T09:46:13.534-0600] {logging_mixin.py:137} INFO - [2022-11-23T09:46:13.534-0600] {manager.py:507} INFO - Created Permission View: can delete on DAG:example_nested_branch_dag
[2022-11-23T09:46:13.541-0600] {logging_mixin.py:137} INFO - [2022-11-23T09:46:13.541-0600] {manager.py:507} INFO - Created Permission View: can read on DAG:example_nested_branch_dag
[2022-11-23T09:46:13.542-0600] {logging_mixin.py:137} INFO - [2022-11-23T09:46:13.541-0600] {dag.py:2585} INFO - Sync 1 DAGs
[2022-11-23T09:46:13.553-0600] {logging_mixin.py:137} INFO - [2022-11-23T09:46:13.551-0600] {dag.py:2606} INFO - Creating ORM DAG for example_nested_branch_dag
[2022-11-23T09:46:13.561-0600] {logging_mixin.py:137} INFO - [2022-11-23T09:46:13.561-0600] {dag.py:3336} INFO - Setting next_dagrun for example_nested_branch_dag to 2022-11-22T00:00:00+00:00, run_after=2022-11-23T00:00:00+00:00
[2022-11-23T09:46:13.575-0600] {processor.py:176} INFO - Processing /home/Rex/jetbrains-toolbox-1.26.5.13419/Py/Dexter-airflow/venv/lib64/python3.10/site-packages/airflow/example_dags/example_nested_branch_dag.py took 0.187 seconds
[2022-11-23T09:46:54.277-0600] {processor.py:154} INFO - Started process (PID=17031) to work on /home/Rex/jetbrains-toolbox-1.26.5.13419/Py/Dexter-airflow/venv/lib64/python3.10/site-packages/airflow/example_dags/example_nested_branch_dag.py
[2022-11-23T09:46:54.278-0600] {processor.py:756} INFO - Processing file /home/Rex/jetbrains-toolbox-1.26.5.13419/Py/Dexter-airflow/venv/lib64/python3.10/site-packages/airflow/example_dags/example_nested_branch_dag.py for tasks to queue
[2022-11-23T09:46:54.283-0600] {logging_mixin.py:137} INFO - [2022-11-23T09:46:54.283-0600] {dagbag.py:537} INFO - Filling up the DagBag from /home/Rex/jetbrains-toolbox-1.26.5.13419/Py/Dexter-airflow/venv/lib64/python3.10/site-packages/airflow/example_dags/example_nested_branch_dag.py
[2022-11-23T09:46:54.310-0600] {processor.py:766} INFO - DAG(s) dict_keys(['example_nested_branch_dag']) retrieved from /home/Rex/jetbrains-toolbox-1.26.5.13419/Py/Dexter-airflow/venv/lib64/python3.10/site-packages/airflow/example_dags/example_nested_branch_dag.py
[2022-11-23T09:46:54.348-0600] {logging_mixin.py:137} INFO - [2022-11-23T09:46:54.348-0600] {dag.py:2585} INFO - Sync 1 DAGs
[2022-11-23T09:46:54.376-0600] {logging_mixin.py:137} INFO - [2022-11-23T09:46:54.376-0600] {dag.py:3336} INFO - Setting next_dagrun for example_nested_branch_dag to 2022-11-22T00:00:00+00:00, run_after=2022-11-23T00:00:00+00:00
[2022-11-23T09:46:54.413-0600] {processor.py:176} INFO - Processing /home/Rex/jetbrains-toolbox-1.26.5.13419/Py/Dexter-airflow/venv/lib64/python3.10/site-packages/airflow/example_dags/example_nested_branch_dag.py took 0.139 seconds
[2022-11-23T09:47:35.415-0600] {processor.py:154} INFO - Started process (PID=17101) to work on /home/Rex/jetbrains-toolbox-1.26.5.13419/Py/Dexter-airflow/venv/lib64/python3.10/site-packages/airflow/example_dags/example_nested_branch_dag.py
[2022-11-23T09:47:35.416-0600] {processor.py:756} INFO - Processing file /home/Rex/jetbrains-toolbox-1.26.5.13419/Py/Dexter-airflow/venv/lib64/python3.10/site-packages/airflow/example_dags/example_nested_branch_dag.py for tasks to queue
[2022-11-23T09:47:35.418-0600] {logging_mixin.py:137} INFO - [2022-11-23T09:47:35.418-0600] {dagbag.py:537} INFO - Filling up the DagBag from /home/Rex/jetbrains-toolbox-1.26.5.13419/Py/Dexter-airflow/venv/lib64/python3.10/site-packages/airflow/example_dags/example_nested_branch_dag.py
[2022-11-23T09:47:35.448-0600] {processor.py:766} INFO - DAG(s) dict_keys(['example_nested_branch_dag']) retrieved from /home/Rex/jetbrains-toolbox-1.26.5.13419/Py/Dexter-airflow/venv/lib64/python3.10/site-packages/airflow/example_dags/example_nested_branch_dag.py
[2022-11-23T09:47:35.463-0600] {logging_mixin.py:137} INFO - [2022-11-23T09:47:35.463-0600] {dag.py:2585} INFO - Sync 1 DAGs
[2022-11-23T09:47:35.482-0600] {logging_mixin.py:137} INFO - [2022-11-23T09:47:35.482-0600] {dag.py:3336} INFO - Setting next_dagrun for example_nested_branch_dag to 2022-11-22T00:00:00+00:00, run_after=2022-11-23T00:00:00+00:00
[2022-11-23T09:47:35.511-0600] {processor.py:176} INFO - Processing /home/Rex/jetbrains-toolbox-1.26.5.13419/Py/Dexter-airflow/venv/lib64/python3.10/site-packages/airflow/example_dags/example_nested_branch_dag.py took 0.103 seconds
