[2022-11-23T09:46:28.082-0600] {processor.py:154} INFO - Started process (PID=16944) to work on /home/Rex/jetbrains-toolbox-1.26.5.13419/Py/Dexter-airflow/venv/lib64/python3.10/site-packages/airflow/example_dags/example_latest_only.py
[2022-11-23T09:46:28.084-0600] {processor.py:756} INFO - Processing file /home/Rex/jetbrains-toolbox-1.26.5.13419/Py/Dexter-airflow/venv/lib64/python3.10/site-packages/airflow/example_dags/example_latest_only.py for tasks to queue
[2022-11-23T09:46:28.087-0600] {logging_mixin.py:137} INFO - [2022-11-23T09:46:28.087-0600] {dagbag.py:537} INFO - Filling up the DagBag from /home/Rex/jetbrains-toolbox-1.26.5.13419/Py/Dexter-airflow/venv/lib64/python3.10/site-packages/airflow/example_dags/example_latest_only.py
[2022-11-23T09:46:28.110-0600] {processor.py:766} INFO - DAG(s) dict_keys(['latest_only']) retrieved from /home/Rex/jetbrains-toolbox-1.26.5.13419/Py/Dexter-airflow/venv/lib64/python3.10/site-packages/airflow/example_dags/example_latest_only.py
[2022-11-23T09:46:28.207-0600] {logging_mixin.py:137} INFO - [2022-11-23T09:46:28.207-0600] {manager.py:507} INFO - Created Permission View: can edit on DAG:latest_only
[2022-11-23T09:46:28.217-0600] {logging_mixin.py:137} INFO - [2022-11-23T09:46:28.217-0600] {manager.py:507} INFO - Created Permission View: can delete on DAG:latest_only
[2022-11-23T09:46:28.225-0600] {logging_mixin.py:137} INFO - [2022-11-23T09:46:28.225-0600] {manager.py:507} INFO - Created Permission View: can read on DAG:latest_only
[2022-11-23T09:46:28.225-0600] {logging_mixin.py:137} INFO - [2022-11-23T09:46:28.225-0600] {dag.py:2585} INFO - Sync 1 DAGs
[2022-11-23T09:46:28.237-0600] {logging_mixin.py:137} INFO - [2022-11-23T09:46:28.237-0600] {dag.py:2606} INFO - Creating ORM DAG for latest_only
[2022-11-23T09:46:28.244-0600] {logging_mixin.py:137} INFO - [2022-11-23T09:46:28.244-0600] {dag.py:3336} INFO - Setting next_dagrun for latest_only to 2022-11-23T11:46:28.243882+00:00, run_after=2022-11-23T15:46:28.243882+00:00
[2022-11-23T09:46:28.257-0600] {processor.py:176} INFO - Processing /home/Rex/jetbrains-toolbox-1.26.5.13419/Py/Dexter-airflow/venv/lib64/python3.10/site-packages/airflow/example_dags/example_latest_only.py took 0.181 seconds
[2022-11-23T09:47:08.238-0600] {processor.py:154} INFO - Started process (PID=17052) to work on /home/Rex/jetbrains-toolbox-1.26.5.13419/Py/Dexter-airflow/venv/lib64/python3.10/site-packages/airflow/example_dags/example_latest_only.py
[2022-11-23T09:47:08.240-0600] {processor.py:756} INFO - Processing file /home/Rex/jetbrains-toolbox-1.26.5.13419/Py/Dexter-airflow/venv/lib64/python3.10/site-packages/airflow/example_dags/example_latest_only.py for tasks to queue
[2022-11-23T09:47:08.242-0600] {logging_mixin.py:137} INFO - [2022-11-23T09:47:08.242-0600] {dagbag.py:537} INFO - Filling up the DagBag from /home/Rex/jetbrains-toolbox-1.26.5.13419/Py/Dexter-airflow/venv/lib64/python3.10/site-packages/airflow/example_dags/example_latest_only.py
[2022-11-23T09:47:08.269-0600] {processor.py:766} INFO - DAG(s) dict_keys(['latest_only']) retrieved from /home/Rex/jetbrains-toolbox-1.26.5.13419/Py/Dexter-airflow/venv/lib64/python3.10/site-packages/airflow/example_dags/example_latest_only.py
[2022-11-23T09:47:08.301-0600] {logging_mixin.py:137} INFO - [2022-11-23T09:47:08.301-0600] {dag.py:2585} INFO - Sync 1 DAGs
[2022-11-23T09:47:08.320-0600] {logging_mixin.py:137} INFO - [2022-11-23T09:47:08.320-0600] {dag.py:3336} INFO - Setting next_dagrun for latest_only to 2022-11-23T11:47:08.320471+00:00, run_after=2022-11-23T15:47:08.320471+00:00
[2022-11-23T09:47:08.342-0600] {processor.py:176} INFO - Processing /home/Rex/jetbrains-toolbox-1.26.5.13419/Py/Dexter-airflow/venv/lib64/python3.10/site-packages/airflow/example_dags/example_latest_only.py took 0.109 seconds
[2022-11-23T09:47:50.674-0600] {processor.py:154} INFO - Started process (PID=17122) to work on /home/Rex/jetbrains-toolbox-1.26.5.13419/Py/Dexter-airflow/venv/lib64/python3.10/site-packages/airflow/example_dags/example_latest_only.py
[2022-11-23T09:47:50.676-0600] {processor.py:756} INFO - Processing file /home/Rex/jetbrains-toolbox-1.26.5.13419/Py/Dexter-airflow/venv/lib64/python3.10/site-packages/airflow/example_dags/example_latest_only.py for tasks to queue
[2022-11-23T09:47:50.679-0600] {logging_mixin.py:137} INFO - [2022-11-23T09:47:50.678-0600] {dagbag.py:537} INFO - Filling up the DagBag from /home/Rex/jetbrains-toolbox-1.26.5.13419/Py/Dexter-airflow/venv/lib64/python3.10/site-packages/airflow/example_dags/example_latest_only.py
[2022-11-23T09:47:50.706-0600] {processor.py:766} INFO - DAG(s) dict_keys(['latest_only']) retrieved from /home/Rex/jetbrains-toolbox-1.26.5.13419/Py/Dexter-airflow/venv/lib64/python3.10/site-packages/airflow/example_dags/example_latest_only.py
[2022-11-23T09:47:50.739-0600] {logging_mixin.py:137} INFO - [2022-11-23T09:47:50.738-0600] {dag.py:2585} INFO - Sync 1 DAGs
[2022-11-23T09:47:50.762-0600] {logging_mixin.py:137} INFO - [2022-11-23T09:47:50.762-0600] {dag.py:3336} INFO - Setting next_dagrun for latest_only to 2022-11-23T11:47:50.761941+00:00, run_after=2022-11-23T15:47:50.761941+00:00
[2022-11-23T09:47:50.794-0600] {processor.py:176} INFO - Processing /home/Rex/jetbrains-toolbox-1.26.5.13419/Py/Dexter-airflow/venv/lib64/python3.10/site-packages/airflow/example_dags/example_latest_only.py took 0.127 seconds
