[2022-11-23T09:46:16.036-0600] {processor.py:154} INFO - Started process (PID=16920) to work on /home/Rex/jetbrains-toolbox-1.26.5.13419/Py/Dexter-airflow/venv/lib64/python3.10/site-packages/airflow/example_dags/example_python_operator.py
[2022-11-23T09:46:16.040-0600] {processor.py:756} INFO - Processing file /home/Rex/jetbrains-toolbox-1.26.5.13419/Py/Dexter-airflow/venv/lib64/python3.10/site-packages/airflow/example_dags/example_python_operator.py for tasks to queue
[2022-11-23T09:46:16.043-0600] {logging_mixin.py:137} INFO - [2022-11-23T09:46:16.043-0600] {dagbag.py:537} INFO - Filling up the DagBag from /home/Rex/jetbrains-toolbox-1.26.5.13419/Py/Dexter-airflow/venv/lib64/python3.10/site-packages/airflow/example_dags/example_python_operator.py
[2022-11-23T09:46:16.069-0600] {logging_mixin.py:137} INFO - [2022-11-23T09:46:16.069-0600] {taskmixin.py:205} WARNING - Dependency <Task(_PythonDecoratedOperator): print_the_context>, log_sql_query already registered for DAG: example_python_operator
[2022-11-23T09:46:16.070-0600] {logging_mixin.py:137} INFO - [2022-11-23T09:46:16.070-0600] {taskmixin.py:205} WARNING - Dependency <Task(_PythonDecoratedOperator): log_sql_query>, print_the_context already registered for DAG: example_python_operator
[2022-11-23T09:46:16.070-0600] {logging_mixin.py:137} INFO - [2022-11-23T09:46:16.070-0600] {taskmixin.py:205} WARNING - Dependency <Task(_PythonDecoratedOperator): print_the_context>, log_sql_query already registered for DAG: example_python_operator
[2022-11-23T09:46:16.070-0600] {logging_mixin.py:137} INFO - [2022-11-23T09:46:16.070-0600] {taskmixin.py:205} WARNING - Dependency <Task(_PythonDecoratedOperator): log_sql_query>, print_the_context already registered for DAG: example_python_operator
[2022-11-23T09:46:16.071-0600] {logging_mixin.py:137} INFO - [2022-11-23T09:46:16.071-0600] {taskmixin.py:205} WARNING - Dependency <Task(_PythonDecoratedOperator): print_the_context>, log_sql_query already registered for DAG: example_python_operator
[2022-11-23T09:46:16.071-0600] {logging_mixin.py:137} INFO - [2022-11-23T09:46:16.071-0600] {taskmixin.py:205} WARNING - Dependency <Task(_PythonDecoratedOperator): log_sql_query>, print_the_context already registered for DAG: example_python_operator
[2022-11-23T09:46:16.072-0600] {logging_mixin.py:137} INFO - [2022-11-23T09:46:16.072-0600] {taskmixin.py:205} WARNING - Dependency <Task(_PythonDecoratedOperator): print_the_context>, log_sql_query already registered for DAG: example_python_operator
[2022-11-23T09:46:16.072-0600] {logging_mixin.py:137} INFO - [2022-11-23T09:46:16.072-0600] {taskmixin.py:205} WARNING - Dependency <Task(_PythonDecoratedOperator): log_sql_query>, print_the_context already registered for DAG: example_python_operator
[2022-11-23T09:46:16.072-0600] {logging_mixin.py:137} INFO - [2022-11-23T09:46:16.072-0600] {example_python_operator.py:85} WARNING - The virtalenv_python example task requires virtualenv, please install it.
[2022-11-23T09:46:16.077-0600] {processor.py:766} INFO - DAG(s) dict_keys(['example_python_operator']) retrieved from /home/Rex/jetbrains-toolbox-1.26.5.13419/Py/Dexter-airflow/venv/lib64/python3.10/site-packages/airflow/example_dags/example_python_operator.py
[2022-11-23T09:46:16.163-0600] {logging_mixin.py:137} INFO - [2022-11-23T09:46:16.163-0600] {manager.py:507} INFO - Created Permission View: can edit on DAG:example_python_operator
[2022-11-23T09:46:16.179-0600] {logging_mixin.py:137} INFO - [2022-11-23T09:46:16.178-0600] {manager.py:507} INFO - Created Permission View: can delete on DAG:example_python_operator
[2022-11-23T09:46:16.186-0600] {logging_mixin.py:137} INFO - [2022-11-23T09:46:16.185-0600] {manager.py:507} INFO - Created Permission View: can read on DAG:example_python_operator
[2022-11-23T09:46:16.186-0600] {logging_mixin.py:137} INFO - [2022-11-23T09:46:16.186-0600] {dag.py:2585} INFO - Sync 1 DAGs
[2022-11-23T09:46:16.192-0600] {logging_mixin.py:137} INFO - [2022-11-23T09:46:16.192-0600] {dag.py:2606} INFO - Creating ORM DAG for example_python_operator
[2022-11-23T09:46:16.200-0600] {logging_mixin.py:137} INFO - [2022-11-23T09:46:16.199-0600] {dag.py:3336} INFO - Setting next_dagrun for example_python_operator to None, run_after=None
[2022-11-23T09:46:16.217-0600] {processor.py:176} INFO - Processing /home/Rex/jetbrains-toolbox-1.26.5.13419/Py/Dexter-airflow/venv/lib64/python3.10/site-packages/airflow/example_dags/example_python_operator.py took 0.192 seconds
[2022-11-23T09:46:56.821-0600] {processor.py:154} INFO - Started process (PID=17037) to work on /home/Rex/jetbrains-toolbox-1.26.5.13419/Py/Dexter-airflow/venv/lib64/python3.10/site-packages/airflow/example_dags/example_python_operator.py
[2022-11-23T09:46:56.828-0600] {processor.py:756} INFO - Processing file /home/Rex/jetbrains-toolbox-1.26.5.13419/Py/Dexter-airflow/venv/lib64/python3.10/site-packages/airflow/example_dags/example_python_operator.py for tasks to queue
[2022-11-23T09:46:56.830-0600] {logging_mixin.py:137} INFO - [2022-11-23T09:46:56.830-0600] {dagbag.py:537} INFO - Filling up the DagBag from /home/Rex/jetbrains-toolbox-1.26.5.13419/Py/Dexter-airflow/venv/lib64/python3.10/site-packages/airflow/example_dags/example_python_operator.py
[2022-11-23T09:46:56.851-0600] {logging_mixin.py:137} INFO - [2022-11-23T09:46:56.851-0600] {taskmixin.py:205} WARNING - Dependency <Task(_PythonDecoratedOperator): print_the_context>, log_sql_query already registered for DAG: example_python_operator
[2022-11-23T09:46:56.852-0600] {logging_mixin.py:137} INFO - [2022-11-23T09:46:56.851-0600] {taskmixin.py:205} WARNING - Dependency <Task(_PythonDecoratedOperator): log_sql_query>, print_the_context already registered for DAG: example_python_operator
[2022-11-23T09:46:56.852-0600] {logging_mixin.py:137} INFO - [2022-11-23T09:46:56.852-0600] {taskmixin.py:205} WARNING - Dependency <Task(_PythonDecoratedOperator): print_the_context>, log_sql_query already registered for DAG: example_python_operator
[2022-11-23T09:46:56.852-0600] {logging_mixin.py:137} INFO - [2022-11-23T09:46:56.852-0600] {taskmixin.py:205} WARNING - Dependency <Task(_PythonDecoratedOperator): log_sql_query>, print_the_context already registered for DAG: example_python_operator
[2022-11-23T09:46:56.853-0600] {logging_mixin.py:137} INFO - [2022-11-23T09:46:56.853-0600] {taskmixin.py:205} WARNING - Dependency <Task(_PythonDecoratedOperator): print_the_context>, log_sql_query already registered for DAG: example_python_operator
[2022-11-23T09:46:56.853-0600] {logging_mixin.py:137} INFO - [2022-11-23T09:46:56.853-0600] {taskmixin.py:205} WARNING - Dependency <Task(_PythonDecoratedOperator): log_sql_query>, print_the_context already registered for DAG: example_python_operator
[2022-11-23T09:46:56.853-0600] {logging_mixin.py:137} INFO - [2022-11-23T09:46:56.853-0600] {taskmixin.py:205} WARNING - Dependency <Task(_PythonDecoratedOperator): print_the_context>, log_sql_query already registered for DAG: example_python_operator
[2022-11-23T09:46:56.854-0600] {logging_mixin.py:137} INFO - [2022-11-23T09:46:56.853-0600] {taskmixin.py:205} WARNING - Dependency <Task(_PythonDecoratedOperator): log_sql_query>, print_the_context already registered for DAG: example_python_operator
[2022-11-23T09:46:56.854-0600] {logging_mixin.py:137} INFO - [2022-11-23T09:46:56.854-0600] {example_python_operator.py:85} WARNING - The virtalenv_python example task requires virtualenv, please install it.
[2022-11-23T09:46:56.858-0600] {processor.py:766} INFO - DAG(s) dict_keys(['example_python_operator']) retrieved from /home/Rex/jetbrains-toolbox-1.26.5.13419/Py/Dexter-airflow/venv/lib64/python3.10/site-packages/airflow/example_dags/example_python_operator.py
[2022-11-23T09:46:56.881-0600] {logging_mixin.py:137} INFO - [2022-11-23T09:46:56.881-0600] {dag.py:2585} INFO - Sync 1 DAGs
[2022-11-23T09:46:56.893-0600] {logging_mixin.py:137} INFO - [2022-11-23T09:46:56.893-0600] {dag.py:3336} INFO - Setting next_dagrun for example_python_operator to None, run_after=None
[2022-11-23T09:46:56.911-0600] {processor.py:176} INFO - Processing /home/Rex/jetbrains-toolbox-1.26.5.13419/Py/Dexter-airflow/venv/lib64/python3.10/site-packages/airflow/example_dags/example_python_operator.py took 0.098 seconds
[2022-11-23T09:47:37.947-0600] {processor.py:154} INFO - Started process (PID=17103) to work on /home/Rex/jetbrains-toolbox-1.26.5.13419/Py/Dexter-airflow/venv/lib64/python3.10/site-packages/airflow/example_dags/example_python_operator.py
[2022-11-23T09:47:37.955-0600] {processor.py:756} INFO - Processing file /home/Rex/jetbrains-toolbox-1.26.5.13419/Py/Dexter-airflow/venv/lib64/python3.10/site-packages/airflow/example_dags/example_python_operator.py for tasks to queue
[2022-11-23T09:47:37.959-0600] {logging_mixin.py:137} INFO - [2022-11-23T09:47:37.958-0600] {dagbag.py:537} INFO - Filling up the DagBag from /home/Rex/jetbrains-toolbox-1.26.5.13419/Py/Dexter-airflow/venv/lib64/python3.10/site-packages/airflow/example_dags/example_python_operator.py
[2022-11-23T09:47:37.977-0600] {logging_mixin.py:137} INFO - [2022-11-23T09:47:37.976-0600] {taskmixin.py:205} WARNING - Dependency <Task(_PythonDecoratedOperator): print_the_context>, log_sql_query already registered for DAG: example_python_operator
[2022-11-23T09:47:37.977-0600] {logging_mixin.py:137} INFO - [2022-11-23T09:47:37.977-0600] {taskmixin.py:205} WARNING - Dependency <Task(_PythonDecoratedOperator): log_sql_query>, print_the_context already registered for DAG: example_python_operator
[2022-11-23T09:47:37.977-0600] {logging_mixin.py:137} INFO - [2022-11-23T09:47:37.977-0600] {taskmixin.py:205} WARNING - Dependency <Task(_PythonDecoratedOperator): print_the_context>, log_sql_query already registered for DAG: example_python_operator
[2022-11-23T09:47:37.977-0600] {logging_mixin.py:137} INFO - [2022-11-23T09:47:37.977-0600] {taskmixin.py:205} WARNING - Dependency <Task(_PythonDecoratedOperator): log_sql_query>, print_the_context already registered for DAG: example_python_operator
[2022-11-23T09:47:37.978-0600] {logging_mixin.py:137} INFO - [2022-11-23T09:47:37.978-0600] {taskmixin.py:205} WARNING - Dependency <Task(_PythonDecoratedOperator): print_the_context>, log_sql_query already registered for DAG: example_python_operator
[2022-11-23T09:47:37.978-0600] {logging_mixin.py:137} INFO - [2022-11-23T09:47:37.978-0600] {taskmixin.py:205} WARNING - Dependency <Task(_PythonDecoratedOperator): log_sql_query>, print_the_context already registered for DAG: example_python_operator
[2022-11-23T09:47:37.979-0600] {logging_mixin.py:137} INFO - [2022-11-23T09:47:37.979-0600] {taskmixin.py:205} WARNING - Dependency <Task(_PythonDecoratedOperator): print_the_context>, log_sql_query already registered for DAG: example_python_operator
[2022-11-23T09:47:37.979-0600] {logging_mixin.py:137} INFO - [2022-11-23T09:47:37.979-0600] {taskmixin.py:205} WARNING - Dependency <Task(_PythonDecoratedOperator): log_sql_query>, print_the_context already registered for DAG: example_python_operator
[2022-11-23T09:47:37.979-0600] {logging_mixin.py:137} INFO - [2022-11-23T09:47:37.979-0600] {example_python_operator.py:85} WARNING - The virtalenv_python example task requires virtualenv, please install it.
[2022-11-23T09:47:37.988-0600] {processor.py:766} INFO - DAG(s) dict_keys(['example_python_operator']) retrieved from /home/Rex/jetbrains-toolbox-1.26.5.13419/Py/Dexter-airflow/venv/lib64/python3.10/site-packages/airflow/example_dags/example_python_operator.py
[2022-11-23T09:47:38.009-0600] {logging_mixin.py:137} INFO - [2022-11-23T09:47:38.009-0600] {dag.py:2585} INFO - Sync 1 DAGs
[2022-11-23T09:47:38.028-0600] {logging_mixin.py:137} INFO - [2022-11-23T09:47:38.028-0600] {dag.py:3336} INFO - Setting next_dagrun for example_python_operator to None, run_after=None
[2022-11-23T09:47:38.048-0600] {processor.py:176} INFO - Processing /home/Rex/jetbrains-toolbox-1.26.5.13419/Py/Dexter-airflow/venv/lib64/python3.10/site-packages/airflow/example_dags/example_python_operator.py took 0.108 seconds
