[2022-11-23T09:46:18.776-0600] {processor.py:154} INFO - Started process (PID=16927) to work on /home/Rex/jetbrains-toolbox-1.26.5.13419/Py/Dexter-airflow/venv/lib64/python3.10/site-packages/airflow/example_dags/example_short_circuit_operator.py
[2022-11-23T09:46:18.778-0600] {processor.py:756} INFO - Processing file /home/Rex/jetbrains-toolbox-1.26.5.13419/Py/Dexter-airflow/venv/lib64/python3.10/site-packages/airflow/example_dags/example_short_circuit_operator.py for tasks to queue
[2022-11-23T09:46:18.780-0600] {logging_mixin.py:137} INFO - [2022-11-23T09:46:18.780-0600] {dagbag.py:537} INFO - Filling up the DagBag from /home/Rex/jetbrains-toolbox-1.26.5.13419/Py/Dexter-airflow/venv/lib64/python3.10/site-packages/airflow/example_dags/example_short_circuit_operator.py
[2022-11-23T09:46:18.806-0600] {processor.py:766} INFO - DAG(s) dict_keys(['example_short_circuit_operator']) retrieved from /home/Rex/jetbrains-toolbox-1.26.5.13419/Py/Dexter-airflow/venv/lib64/python3.10/site-packages/airflow/example_dags/example_short_circuit_operator.py
[2022-11-23T09:46:18.904-0600] {logging_mixin.py:137} INFO - [2022-11-23T09:46:18.902-0600] {manager.py:507} INFO - Created Permission View: can edit on DAG:example_short_circuit_operator
[2022-11-23T09:46:18.923-0600] {logging_mixin.py:137} INFO - [2022-11-23T09:46:18.922-0600] {manager.py:507} INFO - Created Permission View: can delete on DAG:example_short_circuit_operator
[2022-11-23T09:46:18.936-0600] {logging_mixin.py:137} INFO - [2022-11-23T09:46:18.935-0600] {manager.py:507} INFO - Created Permission View: can read on DAG:example_short_circuit_operator
[2022-11-23T09:46:18.936-0600] {logging_mixin.py:137} INFO - [2022-11-23T09:46:18.936-0600] {dag.py:2585} INFO - Sync 1 DAGs
[2022-11-23T09:46:18.945-0600] {logging_mixin.py:137} INFO - [2022-11-23T09:46:18.945-0600] {dag.py:2606} INFO - Creating ORM DAG for example_short_circuit_operator
[2022-11-23T09:46:18.950-0600] {logging_mixin.py:137} INFO - [2022-11-23T09:46:18.950-0600] {dag.py:3336} INFO - Setting next_dagrun for example_short_circuit_operator to 2022-11-22T15:46:18.950761+00:00, run_after=2022-11-23T15:46:18.950761+00:00
[2022-11-23T09:46:18.966-0600] {processor.py:176} INFO - Processing /home/Rex/jetbrains-toolbox-1.26.5.13419/Py/Dexter-airflow/venv/lib64/python3.10/site-packages/airflow/example_dags/example_short_circuit_operator.py took 0.195 seconds
[2022-11-23T09:46:58.556-0600] {processor.py:154} INFO - Started process (PID=17040) to work on /home/Rex/jetbrains-toolbox-1.26.5.13419/Py/Dexter-airflow/venv/lib64/python3.10/site-packages/airflow/example_dags/example_short_circuit_operator.py
[2022-11-23T09:46:58.558-0600] {processor.py:756} INFO - Processing file /home/Rex/jetbrains-toolbox-1.26.5.13419/Py/Dexter-airflow/venv/lib64/python3.10/site-packages/airflow/example_dags/example_short_circuit_operator.py for tasks to queue
[2022-11-23T09:46:58.560-0600] {logging_mixin.py:137} INFO - [2022-11-23T09:46:58.560-0600] {dagbag.py:537} INFO - Filling up the DagBag from /home/Rex/jetbrains-toolbox-1.26.5.13419/Py/Dexter-airflow/venv/lib64/python3.10/site-packages/airflow/example_dags/example_short_circuit_operator.py
[2022-11-23T09:46:58.579-0600] {processor.py:766} INFO - DAG(s) dict_keys(['example_short_circuit_operator']) retrieved from /home/Rex/jetbrains-toolbox-1.26.5.13419/Py/Dexter-airflow/venv/lib64/python3.10/site-packages/airflow/example_dags/example_short_circuit_operator.py
[2022-11-23T09:46:58.603-0600] {logging_mixin.py:137} INFO - [2022-11-23T09:46:58.603-0600] {dag.py:2585} INFO - Sync 1 DAGs
[2022-11-23T09:46:58.620-0600] {logging_mixin.py:137} INFO - [2022-11-23T09:46:58.619-0600] {dag.py:3336} INFO - Setting next_dagrun for example_short_circuit_operator to 2022-11-22T15:46:58.618882+00:00, run_after=2022-11-23T15:46:58.618882+00:00
[2022-11-23T09:46:58.645-0600] {processor.py:176} INFO - Processing /home/Rex/jetbrains-toolbox-1.26.5.13419/Py/Dexter-airflow/venv/lib64/python3.10/site-packages/airflow/example_dags/example_short_circuit_operator.py took 0.097 seconds
[2022-11-23T09:47:40.486-0600] {processor.py:154} INFO - Started process (PID=17105) to work on /home/Rex/jetbrains-toolbox-1.26.5.13419/Py/Dexter-airflow/venv/lib64/python3.10/site-packages/airflow/example_dags/example_short_circuit_operator.py
[2022-11-23T09:47:40.487-0600] {processor.py:756} INFO - Processing file /home/Rex/jetbrains-toolbox-1.26.5.13419/Py/Dexter-airflow/venv/lib64/python3.10/site-packages/airflow/example_dags/example_short_circuit_operator.py for tasks to queue
[2022-11-23T09:47:40.489-0600] {logging_mixin.py:137} INFO - [2022-11-23T09:47:40.488-0600] {dagbag.py:537} INFO - Filling up the DagBag from /home/Rex/jetbrains-toolbox-1.26.5.13419/Py/Dexter-airflow/venv/lib64/python3.10/site-packages/airflow/example_dags/example_short_circuit_operator.py
[2022-11-23T09:47:40.517-0600] {processor.py:766} INFO - DAG(s) dict_keys(['example_short_circuit_operator']) retrieved from /home/Rex/jetbrains-toolbox-1.26.5.13419/Py/Dexter-airflow/venv/lib64/python3.10/site-packages/airflow/example_dags/example_short_circuit_operator.py
[2022-11-23T09:47:40.545-0600] {logging_mixin.py:137} INFO - [2022-11-23T09:47:40.545-0600] {dag.py:2585} INFO - Sync 1 DAGs
[2022-11-23T09:47:40.557-0600] {logging_mixin.py:137} INFO - [2022-11-23T09:47:40.557-0600] {dag.py:3336} INFO - Setting next_dagrun for example_short_circuit_operator to 2022-11-22T15:47:40.557389+00:00, run_after=2022-11-23T15:47:40.557389+00:00
[2022-11-23T09:47:40.583-0600] {processor.py:176} INFO - Processing /home/Rex/jetbrains-toolbox-1.26.5.13419/Py/Dexter-airflow/venv/lib64/python3.10/site-packages/airflow/example_dags/example_short_circuit_operator.py took 0.101 seconds
