[2022-11-23T09:46:26.974-0600] {processor.py:154} INFO - Started process (PID=16942) to work on /home/Rex/jetbrains-toolbox-1.26.5.13419/Py/Dexter-airflow/venv/lib64/python3.10/site-packages/airflow/example_dags/example_external_task_marker_dag.py
[2022-11-23T09:46:26.976-0600] {processor.py:756} INFO - Processing file /home/Rex/jetbrains-toolbox-1.26.5.13419/Py/Dexter-airflow/venv/lib64/python3.10/site-packages/airflow/example_dags/example_external_task_marker_dag.py for tasks to queue
[2022-11-23T09:46:26.978-0600] {logging_mixin.py:137} INFO - [2022-11-23T09:46:26.978-0600] {dagbag.py:537} INFO - Filling up the DagBag from /home/Rex/jetbrains-toolbox-1.26.5.13419/Py/Dexter-airflow/venv/lib64/python3.10/site-packages/airflow/example_dags/example_external_task_marker_dag.py
[2022-11-23T09:46:26.994-0600] {processor.py:766} INFO - DAG(s) dict_keys(['example_external_task_marker_child', 'example_external_task_marker_parent']) retrieved from /home/Rex/jetbrains-toolbox-1.26.5.13419/Py/Dexter-airflow/venv/lib64/python3.10/site-packages/airflow/example_dags/example_external_task_marker_dag.py
[2022-11-23T09:46:27.180-0600] {logging_mixin.py:137} INFO - [2022-11-23T09:46:27.180-0600] {manager.py:507} INFO - Created Permission View: can edit on DAG:example_external_task_marker_child
[2022-11-23T09:46:27.189-0600] {logging_mixin.py:137} INFO - [2022-11-23T09:46:27.189-0600] {manager.py:507} INFO - Created Permission View: can delete on DAG:example_external_task_marker_child
[2022-11-23T09:46:27.211-0600] {logging_mixin.py:137} INFO - [2022-11-23T09:46:27.211-0600] {manager.py:507} INFO - Created Permission View: can read on DAG:example_external_task_marker_child
[2022-11-23T09:46:27.251-0600] {logging_mixin.py:137} INFO - [2022-11-23T09:46:27.251-0600] {manager.py:507} INFO - Created Permission View: can edit on DAG:example_external_task_marker_parent
[2022-11-23T09:46:27.269-0600] {logging_mixin.py:137} INFO - [2022-11-23T09:46:27.268-0600] {manager.py:507} INFO - Created Permission View: can delete on DAG:example_external_task_marker_parent
[2022-11-23T09:46:27.283-0600] {logging_mixin.py:137} INFO - [2022-11-23T09:46:27.283-0600] {manager.py:507} INFO - Created Permission View: can read on DAG:example_external_task_marker_parent
[2022-11-23T09:46:27.284-0600] {logging_mixin.py:137} INFO - [2022-11-23T09:46:27.283-0600] {dag.py:2585} INFO - Sync 2 DAGs
[2022-11-23T09:46:27.293-0600] {logging_mixin.py:137} INFO - [2022-11-23T09:46:27.293-0600] {dag.py:2606} INFO - Creating ORM DAG for example_external_task_marker_child
[2022-11-23T09:46:27.294-0600] {logging_mixin.py:137} INFO - [2022-11-23T09:46:27.294-0600] {dag.py:2606} INFO - Creating ORM DAG for example_external_task_marker_parent
[2022-11-23T09:46:27.305-0600] {logging_mixin.py:137} INFO - [2022-11-23T09:46:27.305-0600] {dag.py:3336} INFO - Setting next_dagrun for example_external_task_marker_child to None, run_after=None
[2022-11-23T09:46:27.306-0600] {logging_mixin.py:137} INFO - [2022-11-23T09:46:27.306-0600] {dag.py:3336} INFO - Setting next_dagrun for example_external_task_marker_parent to None, run_after=None
[2022-11-23T09:46:27.319-0600] {processor.py:176} INFO - Processing /home/Rex/jetbrains-toolbox-1.26.5.13419/Py/Dexter-airflow/venv/lib64/python3.10/site-packages/airflow/example_dags/example_external_task_marker_dag.py took 0.354 seconds
[2022-11-23T09:47:05.847-0600] {processor.py:154} INFO - Started process (PID=17048) to work on /home/Rex/jetbrains-toolbox-1.26.5.13419/Py/Dexter-airflow/venv/lib64/python3.10/site-packages/airflow/example_dags/example_external_task_marker_dag.py
[2022-11-23T09:47:05.848-0600] {processor.py:756} INFO - Processing file /home/Rex/jetbrains-toolbox-1.26.5.13419/Py/Dexter-airflow/venv/lib64/python3.10/site-packages/airflow/example_dags/example_external_task_marker_dag.py for tasks to queue
[2022-11-23T09:47:05.849-0600] {logging_mixin.py:137} INFO - [2022-11-23T09:47:05.849-0600] {dagbag.py:537} INFO - Filling up the DagBag from /home/Rex/jetbrains-toolbox-1.26.5.13419/Py/Dexter-airflow/venv/lib64/python3.10/site-packages/airflow/example_dags/example_external_task_marker_dag.py
[2022-11-23T09:47:05.864-0600] {processor.py:766} INFO - DAG(s) dict_keys(['example_external_task_marker_parent', 'example_external_task_marker_child']) retrieved from /home/Rex/jetbrains-toolbox-1.26.5.13419/Py/Dexter-airflow/venv/lib64/python3.10/site-packages/airflow/example_dags/example_external_task_marker_dag.py
[2022-11-23T09:47:05.986-0600] {logging_mixin.py:137} INFO - [2022-11-23T09:47:05.986-0600] {dag.py:2585} INFO - Sync 2 DAGs
[2022-11-23T09:47:06.006-0600] {logging_mixin.py:137} INFO - [2022-11-23T09:47:06.005-0600] {dag.py:3336} INFO - Setting next_dagrun for example_external_task_marker_child to None, run_after=None
[2022-11-23T09:47:06.007-0600] {logging_mixin.py:137} INFO - [2022-11-23T09:47:06.007-0600] {dag.py:3336} INFO - Setting next_dagrun for example_external_task_marker_parent to None, run_after=None
[2022-11-23T09:47:06.026-0600] {processor.py:176} INFO - Processing /home/Rex/jetbrains-toolbox-1.26.5.13419/Py/Dexter-airflow/venv/lib64/python3.10/site-packages/airflow/example_dags/example_external_task_marker_dag.py took 0.183 seconds
[2022-11-23T09:47:48.241-0600] {processor.py:154} INFO - Started process (PID=17114) to work on /home/Rex/jetbrains-toolbox-1.26.5.13419/Py/Dexter-airflow/venv/lib64/python3.10/site-packages/airflow/example_dags/example_external_task_marker_dag.py
[2022-11-23T09:47:48.247-0600] {processor.py:756} INFO - Processing file /home/Rex/jetbrains-toolbox-1.26.5.13419/Py/Dexter-airflow/venv/lib64/python3.10/site-packages/airflow/example_dags/example_external_task_marker_dag.py for tasks to queue
[2022-11-23T09:47:48.249-0600] {logging_mixin.py:137} INFO - [2022-11-23T09:47:48.249-0600] {dagbag.py:537} INFO - Filling up the DagBag from /home/Rex/jetbrains-toolbox-1.26.5.13419/Py/Dexter-airflow/venv/lib64/python3.10/site-packages/airflow/example_dags/example_external_task_marker_dag.py
[2022-11-23T09:47:48.265-0600] {processor.py:766} INFO - DAG(s) dict_keys(['example_external_task_marker_parent', 'example_external_task_marker_child']) retrieved from /home/Rex/jetbrains-toolbox-1.26.5.13419/Py/Dexter-airflow/venv/lib64/python3.10/site-packages/airflow/example_dags/example_external_task_marker_dag.py
[2022-11-23T09:47:48.376-0600] {logging_mixin.py:137} INFO - [2022-11-23T09:47:48.376-0600] {dag.py:2585} INFO - Sync 2 DAGs
[2022-11-23T09:47:48.402-0600] {logging_mixin.py:137} INFO - [2022-11-23T09:47:48.402-0600] {dag.py:3336} INFO - Setting next_dagrun for example_external_task_marker_child to None, run_after=None
[2022-11-23T09:47:48.405-0600] {logging_mixin.py:137} INFO - [2022-11-23T09:47:48.405-0600] {dag.py:3336} INFO - Setting next_dagrun for example_external_task_marker_parent to None, run_after=None
[2022-11-23T09:47:48.428-0600] {processor.py:176} INFO - Processing /home/Rex/jetbrains-toolbox-1.26.5.13419/Py/Dexter-airflow/venv/lib64/python3.10/site-packages/airflow/example_dags/example_external_task_marker_dag.py took 0.189 seconds
