[2022-11-23T09:46:05.643-0600] {processor.py:154} INFO - Started process (PID=16890) to work on /home/Rex/jetbrains-toolbox-1.26.5.13419/Py/Dexter-airflow/venv/lib64/python3.10/site-packages/airflow/example_dags/example_task_group_decorator.py
[2022-11-23T09:46:05.646-0600] {processor.py:756} INFO - Processing file /home/Rex/jetbrains-toolbox-1.26.5.13419/Py/Dexter-airflow/venv/lib64/python3.10/site-packages/airflow/example_dags/example_task_group_decorator.py for tasks to queue
[2022-11-23T09:46:05.652-0600] {logging_mixin.py:137} INFO - [2022-11-23T09:46:05.651-0600] {dagbag.py:537} INFO - Filling up the DagBag from /home/Rex/jetbrains-toolbox-1.26.5.13419/Py/Dexter-airflow/venv/lib64/python3.10/site-packages/airflow/example_dags/example_task_group_decorator.py
[2022-11-23T09:46:05.684-0600] {processor.py:766} INFO - DAG(s) dict_keys(['example_task_group_decorator']) retrieved from /home/Rex/jetbrains-toolbox-1.26.5.13419/Py/Dexter-airflow/venv/lib64/python3.10/site-packages/airflow/example_dags/example_task_group_decorator.py
[2022-11-23T09:46:05.779-0600] {logging_mixin.py:137} INFO - [2022-11-23T09:46:05.779-0600] {manager.py:507} INFO - Created Permission View: can edit on DAG:example_task_group_decorator
[2022-11-23T09:46:05.794-0600] {logging_mixin.py:137} INFO - [2022-11-23T09:46:05.794-0600] {manager.py:507} INFO - Created Permission View: can delete on DAG:example_task_group_decorator
[2022-11-23T09:46:05.807-0600] {logging_mixin.py:137} INFO - [2022-11-23T09:46:05.807-0600] {manager.py:507} INFO - Created Permission View: can read on DAG:example_task_group_decorator
[2022-11-23T09:46:05.808-0600] {logging_mixin.py:137} INFO - [2022-11-23T09:46:05.808-0600] {dag.py:2585} INFO - Sync 1 DAGs
[2022-11-23T09:46:05.822-0600] {logging_mixin.py:137} INFO - [2022-11-23T09:46:05.822-0600] {dag.py:2606} INFO - Creating ORM DAG for example_task_group_decorator
[2022-11-23T09:46:05.829-0600] {logging_mixin.py:137} INFO - [2022-11-23T09:46:05.829-0600] {dag.py:3336} INFO - Setting next_dagrun for example_task_group_decorator to 2022-11-22T15:46:05.829223+00:00, run_after=2022-11-23T15:46:05.829223+00:00
[2022-11-23T09:46:05.842-0600] {processor.py:176} INFO - Processing /home/Rex/jetbrains-toolbox-1.26.5.13419/Py/Dexter-airflow/venv/lib64/python3.10/site-packages/airflow/example_dags/example_task_group_decorator.py took 0.208 seconds
[2022-11-23T09:46:48.284-0600] {processor.py:154} INFO - Started process (PID=16999) to work on /home/Rex/jetbrains-toolbox-1.26.5.13419/Py/Dexter-airflow/venv/lib64/python3.10/site-packages/airflow/example_dags/example_task_group_decorator.py
[2022-11-23T09:46:48.286-0600] {processor.py:756} INFO - Processing file /home/Rex/jetbrains-toolbox-1.26.5.13419/Py/Dexter-airflow/venv/lib64/python3.10/site-packages/airflow/example_dags/example_task_group_decorator.py for tasks to queue
[2022-11-23T09:46:48.287-0600] {logging_mixin.py:137} INFO - [2022-11-23T09:46:48.287-0600] {dagbag.py:537} INFO - Filling up the DagBag from /home/Rex/jetbrains-toolbox-1.26.5.13419/Py/Dexter-airflow/venv/lib64/python3.10/site-packages/airflow/example_dags/example_task_group_decorator.py
[2022-11-23T09:46:48.325-0600] {processor.py:766} INFO - DAG(s) dict_keys(['example_task_group_decorator']) retrieved from /home/Rex/jetbrains-toolbox-1.26.5.13419/Py/Dexter-airflow/venv/lib64/python3.10/site-packages/airflow/example_dags/example_task_group_decorator.py
[2022-11-23T09:46:48.359-0600] {logging_mixin.py:137} INFO - [2022-11-23T09:46:48.359-0600] {dag.py:2585} INFO - Sync 1 DAGs
[2022-11-23T09:46:48.389-0600] {logging_mixin.py:137} INFO - [2022-11-23T09:46:48.389-0600] {dag.py:3336} INFO - Setting next_dagrun for example_task_group_decorator to 2022-11-22T15:46:48.389098+00:00, run_after=2022-11-23T15:46:48.389098+00:00
[2022-11-23T09:46:48.414-0600] {processor.py:176} INFO - Processing /home/Rex/jetbrains-toolbox-1.26.5.13419/Py/Dexter-airflow/venv/lib64/python3.10/site-packages/airflow/example_dags/example_task_group_decorator.py took 0.133 seconds
[2022-11-23T09:47:27.777-0600] {processor.py:154} INFO - Started process (PID=17090) to work on /home/Rex/jetbrains-toolbox-1.26.5.13419/Py/Dexter-airflow/venv/lib64/python3.10/site-packages/airflow/example_dags/example_task_group_decorator.py
[2022-11-23T09:47:27.778-0600] {processor.py:756} INFO - Processing file /home/Rex/jetbrains-toolbox-1.26.5.13419/Py/Dexter-airflow/venv/lib64/python3.10/site-packages/airflow/example_dags/example_task_group_decorator.py for tasks to queue
[2022-11-23T09:47:27.784-0600] {logging_mixin.py:137} INFO - [2022-11-23T09:47:27.784-0600] {dagbag.py:537} INFO - Filling up the DagBag from /home/Rex/jetbrains-toolbox-1.26.5.13419/Py/Dexter-airflow/venv/lib64/python3.10/site-packages/airflow/example_dags/example_task_group_decorator.py
[2022-11-23T09:47:27.814-0600] {processor.py:766} INFO - DAG(s) dict_keys(['example_task_group_decorator']) retrieved from /home/Rex/jetbrains-toolbox-1.26.5.13419/Py/Dexter-airflow/venv/lib64/python3.10/site-packages/airflow/example_dags/example_task_group_decorator.py
[2022-11-23T09:47:27.835-0600] {logging_mixin.py:137} INFO - [2022-11-23T09:47:27.835-0600] {dag.py:2585} INFO - Sync 1 DAGs
[2022-11-23T09:47:27.849-0600] {logging_mixin.py:137} INFO - [2022-11-23T09:47:27.848-0600] {dag.py:3336} INFO - Setting next_dagrun for example_task_group_decorator to 2022-11-22T15:47:27.848040+00:00, run_after=2022-11-23T15:47:27.848040+00:00
[2022-11-23T09:47:27.888-0600] {processor.py:176} INFO - Processing /home/Rex/jetbrains-toolbox-1.26.5.13419/Py/Dexter-airflow/venv/lib64/python3.10/site-packages/airflow/example_dags/example_task_group_decorator.py took 0.114 seconds
