[2022-11-23T09:46:12.032-0600] {processor.py:154} INFO - Started process (PID=16916) to work on /home/Rex/jetbrains-toolbox-1.26.5.13419/Py/Dexter-airflow/venv/lib64/python3.10/site-packages/airflow/example_dags/example_xcomargs.py
[2022-11-23T09:46:12.035-0600] {processor.py:756} INFO - Processing file /home/Rex/jetbrains-toolbox-1.26.5.13419/Py/Dexter-airflow/venv/lib64/python3.10/site-packages/airflow/example_dags/example_xcomargs.py for tasks to queue
[2022-11-23T09:46:12.039-0600] {logging_mixin.py:137} INFO - [2022-11-23T09:46:12.039-0600] {dagbag.py:537} INFO - Filling up the DagBag from /home/Rex/jetbrains-toolbox-1.26.5.13419/Py/Dexter-airflow/venv/lib64/python3.10/site-packages/airflow/example_dags/example_xcomargs.py
[2022-11-23T09:46:12.070-0600] {processor.py:766} INFO - DAG(s) dict_keys(['example_xcom_args_with_operators', 'example_xcom_args']) retrieved from /home/Rex/jetbrains-toolbox-1.26.5.13419/Py/Dexter-airflow/venv/lib64/python3.10/site-packages/airflow/example_dags/example_xcomargs.py
[2022-11-23T09:46:12.183-0600] {logging_mixin.py:137} INFO - [2022-11-23T09:46:12.181-0600] {manager.py:507} INFO - Created Permission View: can edit on DAG:example_xcom_args_with_operators
[2022-11-23T09:46:12.197-0600] {logging_mixin.py:137} INFO - [2022-11-23T09:46:12.196-0600] {manager.py:507} INFO - Created Permission View: can delete on DAG:example_xcom_args_with_operators
[2022-11-23T09:46:12.211-0600] {logging_mixin.py:137} INFO - [2022-11-23T09:46:12.210-0600] {manager.py:507} INFO - Created Permission View: can read on DAG:example_xcom_args_with_operators
[2022-11-23T09:46:12.238-0600] {logging_mixin.py:137} INFO - [2022-11-23T09:46:12.238-0600] {manager.py:507} INFO - Created Permission View: can edit on DAG:example_xcom_args
[2022-11-23T09:46:12.248-0600] {logging_mixin.py:137} INFO - [2022-11-23T09:46:12.247-0600] {manager.py:507} INFO - Created Permission View: can delete on DAG:example_xcom_args
[2022-11-23T09:46:12.260-0600] {logging_mixin.py:137} INFO - [2022-11-23T09:46:12.260-0600] {manager.py:507} INFO - Created Permission View: can read on DAG:example_xcom_args
[2022-11-23T09:46:12.260-0600] {logging_mixin.py:137} INFO - [2022-11-23T09:46:12.260-0600] {dag.py:2585} INFO - Sync 2 DAGs
[2022-11-23T09:46:12.274-0600] {logging_mixin.py:137} INFO - [2022-11-23T09:46:12.274-0600] {dag.py:2606} INFO - Creating ORM DAG for example_xcom_args
[2022-11-23T09:46:12.274-0600] {logging_mixin.py:137} INFO - [2022-11-23T09:46:12.274-0600] {dag.py:2606} INFO - Creating ORM DAG for example_xcom_args_with_operators
[2022-11-23T09:46:12.286-0600] {logging_mixin.py:137} INFO - [2022-11-23T09:46:12.285-0600] {dag.py:3336} INFO - Setting next_dagrun for example_xcom_args to None, run_after=None
[2022-11-23T09:46:12.287-0600] {logging_mixin.py:137} INFO - [2022-11-23T09:46:12.286-0600] {dag.py:3336} INFO - Setting next_dagrun for example_xcom_args_with_operators to None, run_after=None
[2022-11-23T09:46:12.307-0600] {processor.py:176} INFO - Processing /home/Rex/jetbrains-toolbox-1.26.5.13419/Py/Dexter-airflow/venv/lib64/python3.10/site-packages/airflow/example_dags/example_xcomargs.py took 0.280 seconds
[2022-11-23T09:46:53.943-0600] {processor.py:154} INFO - Started process (PID=17028) to work on /home/Rex/jetbrains-toolbox-1.26.5.13419/Py/Dexter-airflow/venv/lib64/python3.10/site-packages/airflow/example_dags/example_xcomargs.py
[2022-11-23T09:46:53.945-0600] {processor.py:756} INFO - Processing file /home/Rex/jetbrains-toolbox-1.26.5.13419/Py/Dexter-airflow/venv/lib64/python3.10/site-packages/airflow/example_dags/example_xcomargs.py for tasks to queue
[2022-11-23T09:46:53.948-0600] {logging_mixin.py:137} INFO - [2022-11-23T09:46:53.948-0600] {dagbag.py:537} INFO - Filling up the DagBag from /home/Rex/jetbrains-toolbox-1.26.5.13419/Py/Dexter-airflow/venv/lib64/python3.10/site-packages/airflow/example_dags/example_xcomargs.py
[2022-11-23T09:46:53.976-0600] {processor.py:766} INFO - DAG(s) dict_keys(['example_xcom_args_with_operators', 'example_xcom_args']) retrieved from /home/Rex/jetbrains-toolbox-1.26.5.13419/Py/Dexter-airflow/venv/lib64/python3.10/site-packages/airflow/example_dags/example_xcomargs.py
[2022-11-23T09:46:54.009-0600] {logging_mixin.py:137} INFO - [2022-11-23T09:46:54.009-0600] {dag.py:2585} INFO - Sync 2 DAGs
[2022-11-23T09:46:54.034-0600] {logging_mixin.py:137} INFO - [2022-11-23T09:46:54.033-0600] {dag.py:3336} INFO - Setting next_dagrun for example_xcom_args to None, run_after=None
[2022-11-23T09:46:54.037-0600] {logging_mixin.py:137} INFO - [2022-11-23T09:46:54.037-0600] {dag.py:3336} INFO - Setting next_dagrun for example_xcom_args_with_operators to None, run_after=None
[2022-11-23T09:46:54.061-0600] {processor.py:176} INFO - Processing /home/Rex/jetbrains-toolbox-1.26.5.13419/Py/Dexter-airflow/venv/lib64/python3.10/site-packages/airflow/example_dags/example_xcomargs.py took 0.124 seconds
[2022-11-23T09:47:34.158-0600] {processor.py:154} INFO - Started process (PID=17100) to work on /home/Rex/jetbrains-toolbox-1.26.5.13419/Py/Dexter-airflow/venv/lib64/python3.10/site-packages/airflow/example_dags/example_xcomargs.py
[2022-11-23T09:47:34.165-0600] {processor.py:756} INFO - Processing file /home/Rex/jetbrains-toolbox-1.26.5.13419/Py/Dexter-airflow/venv/lib64/python3.10/site-packages/airflow/example_dags/example_xcomargs.py for tasks to queue
[2022-11-23T09:47:34.171-0600] {logging_mixin.py:137} INFO - [2022-11-23T09:47:34.171-0600] {dagbag.py:537} INFO - Filling up the DagBag from /home/Rex/jetbrains-toolbox-1.26.5.13419/Py/Dexter-airflow/venv/lib64/python3.10/site-packages/airflow/example_dags/example_xcomargs.py
[2022-11-23T09:47:34.205-0600] {processor.py:766} INFO - DAG(s) dict_keys(['example_xcom_args_with_operators', 'example_xcom_args']) retrieved from /home/Rex/jetbrains-toolbox-1.26.5.13419/Py/Dexter-airflow/venv/lib64/python3.10/site-packages/airflow/example_dags/example_xcomargs.py
[2022-11-23T09:47:34.223-0600] {logging_mixin.py:137} INFO - [2022-11-23T09:47:34.223-0600] {dag.py:2585} INFO - Sync 2 DAGs
[2022-11-23T09:47:34.241-0600] {logging_mixin.py:137} INFO - [2022-11-23T09:47:34.240-0600] {dag.py:3336} INFO - Setting next_dagrun for example_xcom_args to None, run_after=None
[2022-11-23T09:47:34.243-0600] {logging_mixin.py:137} INFO - [2022-11-23T09:47:34.243-0600] {dag.py:3336} INFO - Setting next_dagrun for example_xcom_args_with_operators to None, run_after=None
[2022-11-23T09:47:34.256-0600] {processor.py:176} INFO - Processing /home/Rex/jetbrains-toolbox-1.26.5.13419/Py/Dexter-airflow/venv/lib64/python3.10/site-packages/airflow/example_dags/example_xcomargs.py took 0.103 seconds
