[2022-11-23T09:46:11.054-0600] {processor.py:154} INFO - Started process (PID=16915) to work on /home/Rex/jetbrains-toolbox-1.26.5.13419/Py/Dexter-airflow/venv/lib64/python3.10/site-packages/airflow/example_dags/example_xcom.py
[2022-11-23T09:46:11.056-0600] {processor.py:756} INFO - Processing file /home/Rex/jetbrains-toolbox-1.26.5.13419/Py/Dexter-airflow/venv/lib64/python3.10/site-packages/airflow/example_dags/example_xcom.py for tasks to queue
[2022-11-23T09:46:11.059-0600] {logging_mixin.py:137} INFO - [2022-11-23T09:46:11.058-0600] {dagbag.py:537} INFO - Filling up the DagBag from /home/Rex/jetbrains-toolbox-1.26.5.13419/Py/Dexter-airflow/venv/lib64/python3.10/site-packages/airflow/example_dags/example_xcom.py
[2022-11-23T09:46:11.088-0600] {processor.py:766} INFO - DAG(s) dict_keys(['example_xcom']) retrieved from /home/Rex/jetbrains-toolbox-1.26.5.13419/Py/Dexter-airflow/venv/lib64/python3.10/site-packages/airflow/example_dags/example_xcom.py
[2022-11-23T09:46:11.186-0600] {logging_mixin.py:137} INFO - [2022-11-23T09:46:11.184-0600] {manager.py:507} INFO - Created Permission View: can edit on DAG:example_xcom
[2022-11-23T09:46:11.200-0600] {logging_mixin.py:137} INFO - [2022-11-23T09:46:11.200-0600] {manager.py:507} INFO - Created Permission View: can delete on DAG:example_xcom
[2022-11-23T09:46:11.208-0600] {logging_mixin.py:137} INFO - [2022-11-23T09:46:11.208-0600] {manager.py:507} INFO - Created Permission View: can read on DAG:example_xcom
[2022-11-23T09:46:11.208-0600] {logging_mixin.py:137} INFO - [2022-11-23T09:46:11.208-0600] {dag.py:2585} INFO - Sync 1 DAGs
[2022-11-23T09:46:11.220-0600] {logging_mixin.py:137} INFO - [2022-11-23T09:46:11.219-0600] {dag.py:2606} INFO - Creating ORM DAG for example_xcom
[2022-11-23T09:46:11.226-0600] {logging_mixin.py:137} INFO - [2022-11-23T09:46:11.226-0600] {dag.py:3336} INFO - Setting next_dagrun for example_xcom to 2021-01-01T00:00:00+00:00, run_after=2021-01-01T00:00:00+00:00
[2022-11-23T09:46:11.240-0600] {processor.py:176} INFO - Processing /home/Rex/jetbrains-toolbox-1.26.5.13419/Py/Dexter-airflow/venv/lib64/python3.10/site-packages/airflow/example_dags/example_xcom.py took 0.194 seconds
[2022-11-23T09:46:52.681-0600] {processor.py:154} INFO - Started process (PID=17017) to work on /home/Rex/jetbrains-toolbox-1.26.5.13419/Py/Dexter-airflow/venv/lib64/python3.10/site-packages/airflow/example_dags/example_xcom.py
[2022-11-23T09:46:52.682-0600] {processor.py:756} INFO - Processing file /home/Rex/jetbrains-toolbox-1.26.5.13419/Py/Dexter-airflow/venv/lib64/python3.10/site-packages/airflow/example_dags/example_xcom.py for tasks to queue
[2022-11-23T09:46:52.684-0600] {logging_mixin.py:137} INFO - [2022-11-23T09:46:52.684-0600] {dagbag.py:537} INFO - Filling up the DagBag from /home/Rex/jetbrains-toolbox-1.26.5.13419/Py/Dexter-airflow/venv/lib64/python3.10/site-packages/airflow/example_dags/example_xcom.py
[2022-11-23T09:46:52.712-0600] {processor.py:766} INFO - DAG(s) dict_keys(['example_xcom']) retrieved from /home/Rex/jetbrains-toolbox-1.26.5.13419/Py/Dexter-airflow/venv/lib64/python3.10/site-packages/airflow/example_dags/example_xcom.py
[2022-11-23T09:46:52.743-0600] {logging_mixin.py:137} INFO - [2022-11-23T09:46:52.743-0600] {dag.py:2585} INFO - Sync 1 DAGs
[2022-11-23T09:46:52.771-0600] {logging_mixin.py:137} INFO - [2022-11-23T09:46:52.770-0600] {dag.py:3336} INFO - Setting next_dagrun for example_xcom to 2021-01-01T00:00:00+00:00, run_after=2021-01-01T00:00:00+00:00
[2022-11-23T09:46:52.798-0600] {processor.py:176} INFO - Processing /home/Rex/jetbrains-toolbox-1.26.5.13419/Py/Dexter-airflow/venv/lib64/python3.10/site-packages/airflow/example_dags/example_xcom.py took 0.119 seconds
[2022-11-23T09:47:32.892-0600] {processor.py:154} INFO - Started process (PID=17098) to work on /home/Rex/jetbrains-toolbox-1.26.5.13419/Py/Dexter-airflow/venv/lib64/python3.10/site-packages/airflow/example_dags/example_xcom.py
[2022-11-23T09:47:32.893-0600] {processor.py:756} INFO - Processing file /home/Rex/jetbrains-toolbox-1.26.5.13419/Py/Dexter-airflow/venv/lib64/python3.10/site-packages/airflow/example_dags/example_xcom.py for tasks to queue
[2022-11-23T09:47:32.896-0600] {logging_mixin.py:137} INFO - [2022-11-23T09:47:32.895-0600] {dagbag.py:537} INFO - Filling up the DagBag from /home/Rex/jetbrains-toolbox-1.26.5.13419/Py/Dexter-airflow/venv/lib64/python3.10/site-packages/airflow/example_dags/example_xcom.py
[2022-11-23T09:47:32.928-0600] {processor.py:766} INFO - DAG(s) dict_keys(['example_xcom']) retrieved from /home/Rex/jetbrains-toolbox-1.26.5.13419/Py/Dexter-airflow/venv/lib64/python3.10/site-packages/airflow/example_dags/example_xcom.py
[2022-11-23T09:47:32.952-0600] {logging_mixin.py:137} INFO - [2022-11-23T09:47:32.951-0600] {dag.py:2585} INFO - Sync 1 DAGs
[2022-11-23T09:47:32.966-0600] {logging_mixin.py:137} INFO - [2022-11-23T09:47:32.966-0600] {dag.py:3336} INFO - Setting next_dagrun for example_xcom to 2021-01-01T00:00:00+00:00, run_after=2021-01-01T00:00:00+00:00
[2022-11-23T09:47:32.989-0600] {processor.py:176} INFO - Processing /home/Rex/jetbrains-toolbox-1.26.5.13419/Py/Dexter-airflow/venv/lib64/python3.10/site-packages/airflow/example_dags/example_xcom.py took 0.102 seconds
