[2022-11-23T09:46:04.376-0600] {processor.py:154} INFO - Started process (PID=16874) to work on /home/Rex/jetbrains-toolbox-1.26.5.13419/Py/Dexter-airflow/venv/lib64/python3.10/site-packages/airflow/example_dags/example_task_group.py
[2022-11-23T09:46:04.377-0600] {processor.py:756} INFO - Processing file /home/Rex/jetbrains-toolbox-1.26.5.13419/Py/Dexter-airflow/venv/lib64/python3.10/site-packages/airflow/example_dags/example_task_group.py for tasks to queue
[2022-11-23T09:46:04.378-0600] {logging_mixin.py:137} INFO - [2022-11-23T09:46:04.378-0600] {dagbag.py:537} INFO - Filling up the DagBag from /home/Rex/jetbrains-toolbox-1.26.5.13419/Py/Dexter-airflow/venv/lib64/python3.10/site-packages/airflow/example_dags/example_task_group.py
[2022-11-23T09:46:04.388-0600] {processor.py:766} INFO - DAG(s) dict_keys(['example_task_group']) retrieved from /home/Rex/jetbrains-toolbox-1.26.5.13419/Py/Dexter-airflow/venv/lib64/python3.10/site-packages/airflow/example_dags/example_task_group.py
[2022-11-23T09:46:04.478-0600] {logging_mixin.py:137} INFO - [2022-11-23T09:46:04.478-0600] {manager.py:507} INFO - Created Permission View: can edit on DAG:example_task_group
[2022-11-23T09:46:04.488-0600] {logging_mixin.py:137} INFO - [2022-11-23T09:46:04.488-0600] {manager.py:507} INFO - Created Permission View: can delete on DAG:example_task_group
[2022-11-23T09:46:04.503-0600] {logging_mixin.py:137} INFO - [2022-11-23T09:46:04.503-0600] {manager.py:507} INFO - Created Permission View: can read on DAG:example_task_group
[2022-11-23T09:46:04.504-0600] {logging_mixin.py:137} INFO - [2022-11-23T09:46:04.504-0600] {dag.py:2585} INFO - Sync 1 DAGs
[2022-11-23T09:46:04.514-0600] {logging_mixin.py:137} INFO - [2022-11-23T09:46:04.514-0600] {dag.py:2606} INFO - Creating ORM DAG for example_task_group
[2022-11-23T09:46:04.520-0600] {logging_mixin.py:137} INFO - [2022-11-23T09:46:04.520-0600] {dag.py:3336} INFO - Setting next_dagrun for example_task_group to 2022-11-22T15:46:04.520042+00:00, run_after=2022-11-23T15:46:04.520042+00:00
[2022-11-23T09:46:04.537-0600] {processor.py:176} INFO - Processing /home/Rex/jetbrains-toolbox-1.26.5.13419/Py/Dexter-airflow/venv/lib64/python3.10/site-packages/airflow/example_dags/example_task_group.py took 0.163 seconds
[2022-11-23T09:46:47.366-0600] {processor.py:154} INFO - Started process (PID=16998) to work on /home/Rex/jetbrains-toolbox-1.26.5.13419/Py/Dexter-airflow/venv/lib64/python3.10/site-packages/airflow/example_dags/example_task_group.py
[2022-11-23T09:46:47.368-0600] {processor.py:756} INFO - Processing file /home/Rex/jetbrains-toolbox-1.26.5.13419/Py/Dexter-airflow/venv/lib64/python3.10/site-packages/airflow/example_dags/example_task_group.py for tasks to queue
[2022-11-23T09:46:47.371-0600] {logging_mixin.py:137} INFO - [2022-11-23T09:46:47.371-0600] {dagbag.py:537} INFO - Filling up the DagBag from /home/Rex/jetbrains-toolbox-1.26.5.13419/Py/Dexter-airflow/venv/lib64/python3.10/site-packages/airflow/example_dags/example_task_group.py
[2022-11-23T09:46:47.394-0600] {processor.py:766} INFO - DAG(s) dict_keys(['example_task_group']) retrieved from /home/Rex/jetbrains-toolbox-1.26.5.13419/Py/Dexter-airflow/venv/lib64/python3.10/site-packages/airflow/example_dags/example_task_group.py
[2022-11-23T09:46:47.411-0600] {logging_mixin.py:137} INFO - [2022-11-23T09:46:47.411-0600] {dag.py:2585} INFO - Sync 1 DAGs
[2022-11-23T09:46:47.429-0600] {logging_mixin.py:137} INFO - [2022-11-23T09:46:47.429-0600] {dag.py:3336} INFO - Setting next_dagrun for example_task_group to 2022-11-22T15:46:47.429406+00:00, run_after=2022-11-23T15:46:47.429406+00:00
[2022-11-23T09:46:47.470-0600] {processor.py:176} INFO - Processing /home/Rex/jetbrains-toolbox-1.26.5.13419/Py/Dexter-airflow/venv/lib64/python3.10/site-packages/airflow/example_dags/example_task_group.py took 0.112 seconds
[2022-11-23T09:47:26.526-0600] {processor.py:154} INFO - Started process (PID=17080) to work on /home/Rex/jetbrains-toolbox-1.26.5.13419/Py/Dexter-airflow/venv/lib64/python3.10/site-packages/airflow/example_dags/example_task_group.py
[2022-11-23T09:47:26.527-0600] {processor.py:756} INFO - Processing file /home/Rex/jetbrains-toolbox-1.26.5.13419/Py/Dexter-airflow/venv/lib64/python3.10/site-packages/airflow/example_dags/example_task_group.py for tasks to queue
[2022-11-23T09:47:26.528-0600] {logging_mixin.py:137} INFO - [2022-11-23T09:47:26.527-0600] {dagbag.py:537} INFO - Filling up the DagBag from /home/Rex/jetbrains-toolbox-1.26.5.13419/Py/Dexter-airflow/venv/lib64/python3.10/site-packages/airflow/example_dags/example_task_group.py
[2022-11-23T09:47:26.553-0600] {processor.py:766} INFO - DAG(s) dict_keys(['example_task_group']) retrieved from /home/Rex/jetbrains-toolbox-1.26.5.13419/Py/Dexter-airflow/venv/lib64/python3.10/site-packages/airflow/example_dags/example_task_group.py
[2022-11-23T09:47:26.578-0600] {logging_mixin.py:137} INFO - [2022-11-23T09:47:26.578-0600] {dag.py:2585} INFO - Sync 1 DAGs
[2022-11-23T09:47:26.607-0600] {logging_mixin.py:137} INFO - [2022-11-23T09:47:26.607-0600] {dag.py:3336} INFO - Setting next_dagrun for example_task_group to 2022-11-22T15:47:26.607470+00:00, run_after=2022-11-23T15:47:26.607470+00:00
[2022-11-23T09:47:26.662-0600] {processor.py:176} INFO - Processing /home/Rex/jetbrains-toolbox-1.26.5.13419/Py/Dexter-airflow/venv/lib64/python3.10/site-packages/airflow/example_dags/example_task_group.py took 0.139 seconds
