[2022-11-23T09:46:08.395-0600] {processor.py:154} INFO - Started process (PID=16913) to work on /home/Rex/jetbrains-toolbox-1.26.5.13419/Py/Dexter-airflow/venv/lib64/python3.10/site-packages/airflow/example_dags/example_trigger_controller_dag.py
[2022-11-23T09:46:08.396-0600] {processor.py:756} INFO - Processing file /home/Rex/jetbrains-toolbox-1.26.5.13419/Py/Dexter-airflow/venv/lib64/python3.10/site-packages/airflow/example_dags/example_trigger_controller_dag.py for tasks to queue
[2022-11-23T09:46:08.403-0600] {logging_mixin.py:137} INFO - [2022-11-23T09:46:08.403-0600] {dagbag.py:537} INFO - Filling up the DagBag from /home/Rex/jetbrains-toolbox-1.26.5.13419/Py/Dexter-airflow/venv/lib64/python3.10/site-packages/airflow/example_dags/example_trigger_controller_dag.py
[2022-11-23T09:46:08.419-0600] {processor.py:766} INFO - DAG(s) dict_keys(['example_trigger_controller_dag']) retrieved from /home/Rex/jetbrains-toolbox-1.26.5.13419/Py/Dexter-airflow/venv/lib64/python3.10/site-packages/airflow/example_dags/example_trigger_controller_dag.py
[2022-11-23T09:46:08.511-0600] {logging_mixin.py:137} INFO - [2022-11-23T09:46:08.511-0600] {manager.py:507} INFO - Created Permission View: can edit on DAG:example_trigger_controller_dag
[2022-11-23T09:46:08.519-0600] {logging_mixin.py:137} INFO - [2022-11-23T09:46:08.519-0600] {manager.py:507} INFO - Created Permission View: can delete on DAG:example_trigger_controller_dag
[2022-11-23T09:46:08.526-0600] {logging_mixin.py:137} INFO - [2022-11-23T09:46:08.526-0600] {manager.py:507} INFO - Created Permission View: can read on DAG:example_trigger_controller_dag
[2022-11-23T09:46:08.526-0600] {logging_mixin.py:137} INFO - [2022-11-23T09:46:08.526-0600] {dag.py:2585} INFO - Sync 1 DAGs
[2022-11-23T09:46:08.539-0600] {logging_mixin.py:137} INFO - [2022-11-23T09:46:08.539-0600] {dag.py:2606} INFO - Creating ORM DAG for example_trigger_controller_dag
[2022-11-23T09:46:08.548-0600] {logging_mixin.py:137} INFO - [2022-11-23T09:46:08.547-0600] {dag.py:3336} INFO - Setting next_dagrun for example_trigger_controller_dag to 2021-01-01T00:00:00+00:00, run_after=2021-01-01T00:00:00+00:00
[2022-11-23T09:46:08.569-0600] {processor.py:176} INFO - Processing /home/Rex/jetbrains-toolbox-1.26.5.13419/Py/Dexter-airflow/venv/lib64/python3.10/site-packages/airflow/example_dags/example_trigger_controller_dag.py took 0.182 seconds
[2022-11-23T09:46:50.278-0600] {processor.py:154} INFO - Started process (PID=17001) to work on /home/Rex/jetbrains-toolbox-1.26.5.13419/Py/Dexter-airflow/venv/lib64/python3.10/site-packages/airflow/example_dags/example_trigger_controller_dag.py
[2022-11-23T09:46:50.279-0600] {processor.py:756} INFO - Processing file /home/Rex/jetbrains-toolbox-1.26.5.13419/Py/Dexter-airflow/venv/lib64/python3.10/site-packages/airflow/example_dags/example_trigger_controller_dag.py for tasks to queue
[2022-11-23T09:46:50.280-0600] {logging_mixin.py:137} INFO - [2022-11-23T09:46:50.280-0600] {dagbag.py:537} INFO - Filling up the DagBag from /home/Rex/jetbrains-toolbox-1.26.5.13419/Py/Dexter-airflow/venv/lib64/python3.10/site-packages/airflow/example_dags/example_trigger_controller_dag.py
[2022-11-23T09:46:50.290-0600] {processor.py:766} INFO - DAG(s) dict_keys(['example_trigger_controller_dag']) retrieved from /home/Rex/jetbrains-toolbox-1.26.5.13419/Py/Dexter-airflow/venv/lib64/python3.10/site-packages/airflow/example_dags/example_trigger_controller_dag.py
[2022-11-23T09:46:50.313-0600] {logging_mixin.py:137} INFO - [2022-11-23T09:46:50.313-0600] {dag.py:2585} INFO - Sync 1 DAGs
[2022-11-23T09:46:50.326-0600] {logging_mixin.py:137} INFO - [2022-11-23T09:46:50.326-0600] {dag.py:3336} INFO - Setting next_dagrun for example_trigger_controller_dag to 2021-01-01T00:00:00+00:00, run_after=2021-01-01T00:00:00+00:00
[2022-11-23T09:46:50.362-0600] {processor.py:176} INFO - Processing /home/Rex/jetbrains-toolbox-1.26.5.13419/Py/Dexter-airflow/venv/lib64/python3.10/site-packages/airflow/example_dags/example_trigger_controller_dag.py took 0.086 seconds
[2022-11-23T09:47:30.450-0600] {processor.py:154} INFO - Started process (PID=17096) to work on /home/Rex/jetbrains-toolbox-1.26.5.13419/Py/Dexter-airflow/venv/lib64/python3.10/site-packages/airflow/example_dags/example_trigger_controller_dag.py
[2022-11-23T09:47:30.451-0600] {processor.py:756} INFO - Processing file /home/Rex/jetbrains-toolbox-1.26.5.13419/Py/Dexter-airflow/venv/lib64/python3.10/site-packages/airflow/example_dags/example_trigger_controller_dag.py for tasks to queue
[2022-11-23T09:47:30.452-0600] {logging_mixin.py:137} INFO - [2022-11-23T09:47:30.452-0600] {dagbag.py:537} INFO - Filling up the DagBag from /home/Rex/jetbrains-toolbox-1.26.5.13419/Py/Dexter-airflow/venv/lib64/python3.10/site-packages/airflow/example_dags/example_trigger_controller_dag.py
[2022-11-23T09:47:30.468-0600] {processor.py:766} INFO - DAG(s) dict_keys(['example_trigger_controller_dag']) retrieved from /home/Rex/jetbrains-toolbox-1.26.5.13419/Py/Dexter-airflow/venv/lib64/python3.10/site-packages/airflow/example_dags/example_trigger_controller_dag.py
[2022-11-23T09:47:30.493-0600] {logging_mixin.py:137} INFO - [2022-11-23T09:47:30.493-0600] {dag.py:2585} INFO - Sync 1 DAGs
[2022-11-23T09:47:30.506-0600] {logging_mixin.py:137} INFO - [2022-11-23T09:47:30.506-0600] {dag.py:3336} INFO - Setting next_dagrun for example_trigger_controller_dag to 2021-01-01T00:00:00+00:00, run_after=2021-01-01T00:00:00+00:00
[2022-11-23T09:47:30.527-0600] {processor.py:176} INFO - Processing /home/Rex/jetbrains-toolbox-1.26.5.13419/Py/Dexter-airflow/venv/lib64/python3.10/site-packages/airflow/example_dags/example_trigger_controller_dag.py took 0.081 seconds
