[2022-11-23T09:46:20.118-0600] {processor.py:154} INFO - Started process (PID=16928) to work on /home/Rex/jetbrains-toolbox-1.26.5.13419/Py/Dexter-airflow/venv/lib64/python3.10/site-packages/airflow/example_dags/example_skip_dag.py
[2022-11-23T09:46:20.119-0600] {processor.py:756} INFO - Processing file /home/Rex/jetbrains-toolbox-1.26.5.13419/Py/Dexter-airflow/venv/lib64/python3.10/site-packages/airflow/example_dags/example_skip_dag.py for tasks to queue
[2022-11-23T09:46:20.120-0600] {logging_mixin.py:137} INFO - [2022-11-23T09:46:20.120-0600] {dagbag.py:537} INFO - Filling up the DagBag from /home/Rex/jetbrains-toolbox-1.26.5.13419/Py/Dexter-airflow/venv/lib64/python3.10/site-packages/airflow/example_dags/example_skip_dag.py
[2022-11-23T09:46:20.130-0600] {processor.py:766} INFO - DAG(s) dict_keys(['example_skip_dag']) retrieved from /home/Rex/jetbrains-toolbox-1.26.5.13419/Py/Dexter-airflow/venv/lib64/python3.10/site-packages/airflow/example_dags/example_skip_dag.py
[2022-11-23T09:46:20.243-0600] {logging_mixin.py:137} INFO - [2022-11-23T09:46:20.243-0600] {manager.py:507} INFO - Created Permission View: can edit on DAG:example_skip_dag
[2022-11-23T09:46:20.257-0600] {logging_mixin.py:137} INFO - [2022-11-23T09:46:20.257-0600] {manager.py:507} INFO - Created Permission View: can delete on DAG:example_skip_dag
[2022-11-23T09:46:20.268-0600] {logging_mixin.py:137} INFO - [2022-11-23T09:46:20.268-0600] {manager.py:507} INFO - Created Permission View: can read on DAG:example_skip_dag
[2022-11-23T09:46:20.268-0600] {logging_mixin.py:137} INFO - [2022-11-23T09:46:20.268-0600] {dag.py:2585} INFO - Sync 1 DAGs
[2022-11-23T09:46:20.277-0600] {logging_mixin.py:137} INFO - [2022-11-23T09:46:20.277-0600] {dag.py:2606} INFO - Creating ORM DAG for example_skip_dag
[2022-11-23T09:46:20.287-0600] {logging_mixin.py:137} INFO - [2022-11-23T09:46:20.287-0600] {dag.py:3336} INFO - Setting next_dagrun for example_skip_dag to 2022-11-22T15:46:20.287672+00:00, run_after=2022-11-23T15:46:20.287672+00:00
[2022-11-23T09:46:20.301-0600] {processor.py:176} INFO - Processing /home/Rex/jetbrains-toolbox-1.26.5.13419/Py/Dexter-airflow/venv/lib64/python3.10/site-packages/airflow/example_dags/example_skip_dag.py took 0.185 seconds
[2022-11-23T09:46:59.574-0600] {processor.py:154} INFO - Started process (PID=17041) to work on /home/Rex/jetbrains-toolbox-1.26.5.13419/Py/Dexter-airflow/venv/lib64/python3.10/site-packages/airflow/example_dags/example_skip_dag.py
[2022-11-23T09:46:59.577-0600] {processor.py:756} INFO - Processing file /home/Rex/jetbrains-toolbox-1.26.5.13419/Py/Dexter-airflow/venv/lib64/python3.10/site-packages/airflow/example_dags/example_skip_dag.py for tasks to queue
[2022-11-23T09:46:59.580-0600] {logging_mixin.py:137} INFO - [2022-11-23T09:46:59.580-0600] {dagbag.py:537} INFO - Filling up the DagBag from /home/Rex/jetbrains-toolbox-1.26.5.13419/Py/Dexter-airflow/venv/lib64/python3.10/site-packages/airflow/example_dags/example_skip_dag.py
[2022-11-23T09:46:59.604-0600] {processor.py:766} INFO - DAG(s) dict_keys(['example_skip_dag']) retrieved from /home/Rex/jetbrains-toolbox-1.26.5.13419/Py/Dexter-airflow/venv/lib64/python3.10/site-packages/airflow/example_dags/example_skip_dag.py
[2022-11-23T09:46:59.623-0600] {logging_mixin.py:137} INFO - [2022-11-23T09:46:59.623-0600] {dag.py:2585} INFO - Sync 1 DAGs
[2022-11-23T09:46:59.640-0600] {logging_mixin.py:137} INFO - [2022-11-23T09:46:59.640-0600] {dag.py:3336} INFO - Setting next_dagrun for example_skip_dag to 2022-11-22T15:46:59.640131+00:00, run_after=2022-11-23T15:46:59.640131+00:00
[2022-11-23T09:46:59.668-0600] {processor.py:176} INFO - Processing /home/Rex/jetbrains-toolbox-1.26.5.13419/Py/Dexter-airflow/venv/lib64/python3.10/site-packages/airflow/example_dags/example_skip_dag.py took 0.106 seconds
[2022-11-23T09:47:41.779-0600] {processor.py:154} INFO - Started process (PID=17106) to work on /home/Rex/jetbrains-toolbox-1.26.5.13419/Py/Dexter-airflow/venv/lib64/python3.10/site-packages/airflow/example_dags/example_skip_dag.py
[2022-11-23T09:47:41.781-0600] {processor.py:756} INFO - Processing file /home/Rex/jetbrains-toolbox-1.26.5.13419/Py/Dexter-airflow/venv/lib64/python3.10/site-packages/airflow/example_dags/example_skip_dag.py for tasks to queue
[2022-11-23T09:47:41.785-0600] {logging_mixin.py:137} INFO - [2022-11-23T09:47:41.784-0600] {dagbag.py:537} INFO - Filling up the DagBag from /home/Rex/jetbrains-toolbox-1.26.5.13419/Py/Dexter-airflow/venv/lib64/python3.10/site-packages/airflow/example_dags/example_skip_dag.py
[2022-11-23T09:47:41.806-0600] {processor.py:766} INFO - DAG(s) dict_keys(['example_skip_dag']) retrieved from /home/Rex/jetbrains-toolbox-1.26.5.13419/Py/Dexter-airflow/venv/lib64/python3.10/site-packages/airflow/example_dags/example_skip_dag.py
[2022-11-23T09:47:41.831-0600] {logging_mixin.py:137} INFO - [2022-11-23T09:47:41.831-0600] {dag.py:2585} INFO - Sync 1 DAGs
[2022-11-23T09:47:41.843-0600] {logging_mixin.py:137} INFO - [2022-11-23T09:47:41.843-0600] {dag.py:3336} INFO - Setting next_dagrun for example_skip_dag to 2022-11-22T15:47:41.843702+00:00, run_after=2022-11-23T15:47:41.843702+00:00
[2022-11-23T09:47:41.864-0600] {processor.py:176} INFO - Processing /home/Rex/jetbrains-toolbox-1.26.5.13419/Py/Dexter-airflow/venv/lib64/python3.10/site-packages/airflow/example_dags/example_skip_dag.py took 0.091 seconds
