[2022-11-23T09:46:09.660-0600] {processor.py:154} INFO - Started process (PID=16914) to work on /home/Rex/jetbrains-toolbox-1.26.5.13419/Py/Dexter-airflow/venv/lib64/python3.10/site-packages/airflow/example_dags/example_trigger_target_dag.py
[2022-11-23T09:46:09.663-0600] {processor.py:756} INFO - Processing file /home/Rex/jetbrains-toolbox-1.26.5.13419/Py/Dexter-airflow/venv/lib64/python3.10/site-packages/airflow/example_dags/example_trigger_target_dag.py for tasks to queue
[2022-11-23T09:46:09.667-0600] {logging_mixin.py:137} INFO - [2022-11-23T09:46:09.666-0600] {dagbag.py:537} INFO - Filling up the DagBag from /home/Rex/jetbrains-toolbox-1.26.5.13419/Py/Dexter-airflow/venv/lib64/python3.10/site-packages/airflow/example_dags/example_trigger_target_dag.py
[2022-11-23T09:46:09.693-0600] {processor.py:766} INFO - DAG(s) dict_keys(['example_trigger_target_dag']) retrieved from /home/Rex/jetbrains-toolbox-1.26.5.13419/Py/Dexter-airflow/venv/lib64/python3.10/site-packages/airflow/example_dags/example_trigger_target_dag.py
[2022-11-23T09:46:09.791-0600] {logging_mixin.py:137} INFO - [2022-11-23T09:46:09.790-0600] {manager.py:507} INFO - Created Permission View: can edit on DAG:example_trigger_target_dag
[2022-11-23T09:46:09.807-0600] {logging_mixin.py:137} INFO - [2022-11-23T09:46:09.807-0600] {manager.py:507} INFO - Created Permission View: can delete on DAG:example_trigger_target_dag
[2022-11-23T09:46:09.816-0600] {logging_mixin.py:137} INFO - [2022-11-23T09:46:09.815-0600] {manager.py:507} INFO - Created Permission View: can read on DAG:example_trigger_target_dag
[2022-11-23T09:46:09.816-0600] {logging_mixin.py:137} INFO - [2022-11-23T09:46:09.816-0600] {dag.py:2585} INFO - Sync 1 DAGs
[2022-11-23T09:46:09.832-0600] {logging_mixin.py:137} INFO - [2022-11-23T09:46:09.831-0600] {dag.py:2606} INFO - Creating ORM DAG for example_trigger_target_dag
[2022-11-23T09:46:09.843-0600] {logging_mixin.py:137} INFO - [2022-11-23T09:46:09.843-0600] {dag.py:3336} INFO - Setting next_dagrun for example_trigger_target_dag to None, run_after=None
[2022-11-23T09:46:09.858-0600] {processor.py:176} INFO - Processing /home/Rex/jetbrains-toolbox-1.26.5.13419/Py/Dexter-airflow/venv/lib64/python3.10/site-packages/airflow/example_dags/example_trigger_target_dag.py took 0.207 seconds
[2022-11-23T09:46:51.415-0600] {processor.py:154} INFO - Started process (PID=17004) to work on /home/Rex/jetbrains-toolbox-1.26.5.13419/Py/Dexter-airflow/venv/lib64/python3.10/site-packages/airflow/example_dags/example_trigger_target_dag.py
[2022-11-23T09:46:51.416-0600] {processor.py:756} INFO - Processing file /home/Rex/jetbrains-toolbox-1.26.5.13419/Py/Dexter-airflow/venv/lib64/python3.10/site-packages/airflow/example_dags/example_trigger_target_dag.py for tasks to queue
[2022-11-23T09:46:51.418-0600] {logging_mixin.py:137} INFO - [2022-11-23T09:46:51.418-0600] {dagbag.py:537} INFO - Filling up the DagBag from /home/Rex/jetbrains-toolbox-1.26.5.13419/Py/Dexter-airflow/venv/lib64/python3.10/site-packages/airflow/example_dags/example_trigger_target_dag.py
[2022-11-23T09:46:51.447-0600] {processor.py:766} INFO - DAG(s) dict_keys(['example_trigger_target_dag']) retrieved from /home/Rex/jetbrains-toolbox-1.26.5.13419/Py/Dexter-airflow/venv/lib64/python3.10/site-packages/airflow/example_dags/example_trigger_target_dag.py
[2022-11-23T09:46:51.480-0600] {logging_mixin.py:137} INFO - [2022-11-23T09:46:51.480-0600] {dag.py:2585} INFO - Sync 1 DAGs
[2022-11-23T09:46:51.499-0600] {logging_mixin.py:137} INFO - [2022-11-23T09:46:51.498-0600] {dag.py:3336} INFO - Setting next_dagrun for example_trigger_target_dag to None, run_after=None
[2022-11-23T09:46:51.526-0600] {processor.py:176} INFO - Processing /home/Rex/jetbrains-toolbox-1.26.5.13419/Py/Dexter-airflow/venv/lib64/python3.10/site-packages/airflow/example_dags/example_trigger_target_dag.py took 0.118 seconds
[2022-11-23T09:47:31.622-0600] {processor.py:154} INFO - Started process (PID=17097) to work on /home/Rex/jetbrains-toolbox-1.26.5.13419/Py/Dexter-airflow/venv/lib64/python3.10/site-packages/airflow/example_dags/example_trigger_target_dag.py
[2022-11-23T09:47:31.625-0600] {processor.py:756} INFO - Processing file /home/Rex/jetbrains-toolbox-1.26.5.13419/Py/Dexter-airflow/venv/lib64/python3.10/site-packages/airflow/example_dags/example_trigger_target_dag.py for tasks to queue
[2022-11-23T09:47:31.628-0600] {logging_mixin.py:137} INFO - [2022-11-23T09:47:31.628-0600] {dagbag.py:537} INFO - Filling up the DagBag from /home/Rex/jetbrains-toolbox-1.26.5.13419/Py/Dexter-airflow/venv/lib64/python3.10/site-packages/airflow/example_dags/example_trigger_target_dag.py
[2022-11-23T09:47:31.658-0600] {processor.py:766} INFO - DAG(s) dict_keys(['example_trigger_target_dag']) retrieved from /home/Rex/jetbrains-toolbox-1.26.5.13419/Py/Dexter-airflow/venv/lib64/python3.10/site-packages/airflow/example_dags/example_trigger_target_dag.py
[2022-11-23T09:47:31.688-0600] {logging_mixin.py:137} INFO - [2022-11-23T09:47:31.687-0600] {dag.py:2585} INFO - Sync 1 DAGs
[2022-11-23T09:47:31.712-0600] {logging_mixin.py:137} INFO - [2022-11-23T09:47:31.712-0600] {dag.py:3336} INFO - Setting next_dagrun for example_trigger_target_dag to None, run_after=None
[2022-11-23T09:47:31.741-0600] {processor.py:176} INFO - Processing /home/Rex/jetbrains-toolbox-1.26.5.13419/Py/Dexter-airflow/venv/lib64/python3.10/site-packages/airflow/example_dags/example_trigger_target_dag.py took 0.125 seconds
