[2022-11-23T09:46:07.032-0600] {processor.py:154} INFO - Started process (PID=16912) to work on /home/Rex/jetbrains-toolbox-1.26.5.13419/Py/Dexter-airflow/venv/lib64/python3.10/site-packages/airflow/example_dags/example_time_delta_sensor_async.py
[2022-11-23T09:46:07.034-0600] {processor.py:756} INFO - Processing file /home/Rex/jetbrains-toolbox-1.26.5.13419/Py/Dexter-airflow/venv/lib64/python3.10/site-packages/airflow/example_dags/example_time_delta_sensor_async.py for tasks to queue
[2022-11-23T09:46:07.038-0600] {logging_mixin.py:137} INFO - [2022-11-23T09:46:07.037-0600] {dagbag.py:537} INFO - Filling up the DagBag from /home/Rex/jetbrains-toolbox-1.26.5.13419/Py/Dexter-airflow/venv/lib64/python3.10/site-packages/airflow/example_dags/example_time_delta_sensor_async.py
[2022-11-23T09:46:07.058-0600] {processor.py:766} INFO - DAG(s) dict_keys(['example_time_delta_sensor_async']) retrieved from /home/Rex/jetbrains-toolbox-1.26.5.13419/Py/Dexter-airflow/venv/lib64/python3.10/site-packages/airflow/example_dags/example_time_delta_sensor_async.py
[2022-11-23T09:46:07.243-0600] {logging_mixin.py:137} INFO - [2022-11-23T09:46:07.243-0600] {manager.py:507} INFO - Created Permission View: can edit on DAG:example_time_delta_sensor_async
[2022-11-23T09:46:07.253-0600] {logging_mixin.py:137} INFO - [2022-11-23T09:46:07.253-0600] {manager.py:507} INFO - Created Permission View: can delete on DAG:example_time_delta_sensor_async
[2022-11-23T09:46:07.261-0600] {logging_mixin.py:137} INFO - [2022-11-23T09:46:07.261-0600] {manager.py:507} INFO - Created Permission View: can read on DAG:example_time_delta_sensor_async
[2022-11-23T09:46:07.262-0600] {logging_mixin.py:137} INFO - [2022-11-23T09:46:07.261-0600] {dag.py:2585} INFO - Sync 1 DAGs
[2022-11-23T09:46:07.279-0600] {logging_mixin.py:137} INFO - [2022-11-23T09:46:07.278-0600] {dag.py:2606} INFO - Creating ORM DAG for example_time_delta_sensor_async
[2022-11-23T09:46:07.286-0600] {logging_mixin.py:137} INFO - [2022-11-23T09:46:07.286-0600] {dag.py:3336} INFO - Setting next_dagrun for example_time_delta_sensor_async to None, run_after=None
[2022-11-23T09:46:07.305-0600] {processor.py:176} INFO - Processing /home/Rex/jetbrains-toolbox-1.26.5.13419/Py/Dexter-airflow/venv/lib64/python3.10/site-packages/airflow/example_dags/example_time_delta_sensor_async.py took 0.282 seconds
[2022-11-23T09:46:49.024-0600] {processor.py:154} INFO - Started process (PID=17000) to work on /home/Rex/jetbrains-toolbox-1.26.5.13419/Py/Dexter-airflow/venv/lib64/python3.10/site-packages/airflow/example_dags/example_time_delta_sensor_async.py
[2022-11-23T09:46:49.024-0600] {processor.py:756} INFO - Processing file /home/Rex/jetbrains-toolbox-1.26.5.13419/Py/Dexter-airflow/venv/lib64/python3.10/site-packages/airflow/example_dags/example_time_delta_sensor_async.py for tasks to queue
[2022-11-23T09:46:49.025-0600] {logging_mixin.py:137} INFO - [2022-11-23T09:46:49.025-0600] {dagbag.py:537} INFO - Filling up the DagBag from /home/Rex/jetbrains-toolbox-1.26.5.13419/Py/Dexter-airflow/venv/lib64/python3.10/site-packages/airflow/example_dags/example_time_delta_sensor_async.py
[2022-11-23T09:46:49.034-0600] {processor.py:766} INFO - DAG(s) dict_keys(['example_time_delta_sensor_async']) retrieved from /home/Rex/jetbrains-toolbox-1.26.5.13419/Py/Dexter-airflow/venv/lib64/python3.10/site-packages/airflow/example_dags/example_time_delta_sensor_async.py
[2022-11-23T09:46:49.145-0600] {logging_mixin.py:137} INFO - [2022-11-23T09:46:49.145-0600] {dag.py:2585} INFO - Sync 1 DAGs
[2022-11-23T09:46:49.159-0600] {logging_mixin.py:137} INFO - [2022-11-23T09:46:49.159-0600] {dag.py:3336} INFO - Setting next_dagrun for example_time_delta_sensor_async to None, run_after=None
[2022-11-23T09:46:49.198-0600] {processor.py:176} INFO - Processing /home/Rex/jetbrains-toolbox-1.26.5.13419/Py/Dexter-airflow/venv/lib64/python3.10/site-packages/airflow/example_dags/example_time_delta_sensor_async.py took 0.179 seconds
[2022-11-23T09:47:29.070-0600] {processor.py:154} INFO - Started process (PID=17092) to work on /home/Rex/jetbrains-toolbox-1.26.5.13419/Py/Dexter-airflow/venv/lib64/python3.10/site-packages/airflow/example_dags/example_time_delta_sensor_async.py
[2022-11-23T09:47:29.071-0600] {processor.py:756} INFO - Processing file /home/Rex/jetbrains-toolbox-1.26.5.13419/Py/Dexter-airflow/venv/lib64/python3.10/site-packages/airflow/example_dags/example_time_delta_sensor_async.py for tasks to queue
[2022-11-23T09:47:29.073-0600] {logging_mixin.py:137} INFO - [2022-11-23T09:47:29.073-0600] {dagbag.py:537} INFO - Filling up the DagBag from /home/Rex/jetbrains-toolbox-1.26.5.13419/Py/Dexter-airflow/venv/lib64/python3.10/site-packages/airflow/example_dags/example_time_delta_sensor_async.py
[2022-11-23T09:47:29.093-0600] {processor.py:766} INFO - DAG(s) dict_keys(['example_time_delta_sensor_async']) retrieved from /home/Rex/jetbrains-toolbox-1.26.5.13419/Py/Dexter-airflow/venv/lib64/python3.10/site-packages/airflow/example_dags/example_time_delta_sensor_async.py
[2022-11-23T09:47:29.218-0600] {logging_mixin.py:137} INFO - [2022-11-23T09:47:29.218-0600] {dag.py:2585} INFO - Sync 1 DAGs
[2022-11-23T09:47:29.241-0600] {logging_mixin.py:137} INFO - [2022-11-23T09:47:29.240-0600] {dag.py:3336} INFO - Setting next_dagrun for example_time_delta_sensor_async to None, run_after=None
[2022-11-23T09:47:29.274-0600] {processor.py:176} INFO - Processing /home/Rex/jetbrains-toolbox-1.26.5.13419/Py/Dexter-airflow/venv/lib64/python3.10/site-packages/airflow/example_dags/example_time_delta_sensor_async.py took 0.208 seconds
