[2022-11-23T09:46:31.760-0600] {processor.py:154} INFO - Started process (PID=16947) to work on /home/Rex/jetbrains-toolbox-1.26.5.13419/Py/Dexter-airflow/venv/lib64/python3.10/site-packages/airflow/example_dags/example_branch_datetime_operator.py
[2022-11-23T09:46:31.761-0600] {processor.py:756} INFO - Processing file /home/Rex/jetbrains-toolbox-1.26.5.13419/Py/Dexter-airflow/venv/lib64/python3.10/site-packages/airflow/example_dags/example_branch_datetime_operator.py for tasks to queue
[2022-11-23T09:46:31.762-0600] {logging_mixin.py:137} INFO - [2022-11-23T09:46:31.762-0600] {dagbag.py:537} INFO - Filling up the DagBag from /home/Rex/jetbrains-toolbox-1.26.5.13419/Py/Dexter-airflow/venv/lib64/python3.10/site-packages/airflow/example_dags/example_branch_datetime_operator.py
[2022-11-23T09:46:31.773-0600] {processor.py:766} INFO - DAG(s) dict_keys(['example_branch_datetime_operator_3', 'example_branch_datetime_operator_2', 'example_branch_datetime_operator']) retrieved from /home/Rex/jetbrains-toolbox-1.26.5.13419/Py/Dexter-airflow/venv/lib64/python3.10/site-packages/airflow/example_dags/example_branch_datetime_operator.py
[2022-11-23T09:46:31.862-0600] {logging_mixin.py:137} INFO - [2022-11-23T09:46:31.862-0600] {manager.py:507} INFO - Created Permission View: can edit on DAG:example_branch_datetime_operator_3
[2022-11-23T09:46:31.872-0600] {logging_mixin.py:137} INFO - [2022-11-23T09:46:31.871-0600] {manager.py:507} INFO - Created Permission View: can delete on DAG:example_branch_datetime_operator_3
[2022-11-23T09:46:31.887-0600] {logging_mixin.py:137} INFO - [2022-11-23T09:46:31.886-0600] {manager.py:507} INFO - Created Permission View: can read on DAG:example_branch_datetime_operator_3
[2022-11-23T09:46:31.904-0600] {logging_mixin.py:137} INFO - [2022-11-23T09:46:31.904-0600] {manager.py:507} INFO - Created Permission View: can edit on DAG:example_branch_datetime_operator_2
[2022-11-23T09:46:31.915-0600] {logging_mixin.py:137} INFO - [2022-11-23T09:46:31.914-0600] {manager.py:507} INFO - Created Permission View: can delete on DAG:example_branch_datetime_operator_2
[2022-11-23T09:46:31.926-0600] {logging_mixin.py:137} INFO - [2022-11-23T09:46:31.926-0600] {manager.py:507} INFO - Created Permission View: can read on DAG:example_branch_datetime_operator_2
[2022-11-23T09:46:31.949-0600] {logging_mixin.py:137} INFO - [2022-11-23T09:46:31.949-0600] {manager.py:507} INFO - Created Permission View: can edit on DAG:example_branch_datetime_operator
[2022-11-23T09:46:31.958-0600] {logging_mixin.py:137} INFO - [2022-11-23T09:46:31.958-0600] {manager.py:507} INFO - Created Permission View: can delete on DAG:example_branch_datetime_operator
[2022-11-23T09:46:31.971-0600] {logging_mixin.py:137} INFO - [2022-11-23T09:46:31.971-0600] {manager.py:507} INFO - Created Permission View: can read on DAG:example_branch_datetime_operator
[2022-11-23T09:46:31.971-0600] {logging_mixin.py:137} INFO - [2022-11-23T09:46:31.971-0600] {dag.py:2585} INFO - Sync 3 DAGs
[2022-11-23T09:46:31.984-0600] {logging_mixin.py:137} INFO - [2022-11-23T09:46:31.984-0600] {dag.py:2606} INFO - Creating ORM DAG for example_branch_datetime_operator
[2022-11-23T09:46:31.985-0600] {logging_mixin.py:137} INFO - [2022-11-23T09:46:31.985-0600] {dag.py:2606} INFO - Creating ORM DAG for example_branch_datetime_operator_3
[2022-11-23T09:46:31.985-0600] {logging_mixin.py:137} INFO - [2022-11-23T09:46:31.985-0600] {dag.py:2606} INFO - Creating ORM DAG for example_branch_datetime_operator_2
[2022-11-23T09:46:31.992-0600] {logging_mixin.py:137} INFO - [2022-11-23T09:46:31.992-0600] {dag.py:3336} INFO - Setting next_dagrun for example_branch_datetime_operator to 2022-11-22T00:00:00+00:00, run_after=2022-11-23T00:00:00+00:00
[2022-11-23T09:46:31.993-0600] {logging_mixin.py:137} INFO - [2022-11-23T09:46:31.993-0600] {dag.py:3336} INFO - Setting next_dagrun for example_branch_datetime_operator_2 to 2022-11-22T00:00:00+00:00, run_after=2022-11-23T00:00:00+00:00
[2022-11-23T09:46:31.995-0600] {logging_mixin.py:137} INFO - [2022-11-23T09:46:31.995-0600] {dag.py:3336} INFO - Setting next_dagrun for example_branch_datetime_operator_3 to 2022-11-22T00:00:00+00:00, run_after=2022-11-23T00:00:00+00:00
[2022-11-23T09:46:32.027-0600] {processor.py:176} INFO - Processing /home/Rex/jetbrains-toolbox-1.26.5.13419/Py/Dexter-airflow/venv/lib64/python3.10/site-packages/airflow/example_dags/example_branch_datetime_operator.py took 0.269 seconds
[2022-11-23T09:47:11.017-0600] {processor.py:154} INFO - Started process (PID=17058) to work on /home/Rex/jetbrains-toolbox-1.26.5.13419/Py/Dexter-airflow/venv/lib64/python3.10/site-packages/airflow/example_dags/example_branch_datetime_operator.py
[2022-11-23T09:47:11.025-0600] {processor.py:756} INFO - Processing file /home/Rex/jetbrains-toolbox-1.26.5.13419/Py/Dexter-airflow/venv/lib64/python3.10/site-packages/airflow/example_dags/example_branch_datetime_operator.py for tasks to queue
[2022-11-23T09:47:11.026-0600] {logging_mixin.py:137} INFO - [2022-11-23T09:47:11.026-0600] {dagbag.py:537} INFO - Filling up the DagBag from /home/Rex/jetbrains-toolbox-1.26.5.13419/Py/Dexter-airflow/venv/lib64/python3.10/site-packages/airflow/example_dags/example_branch_datetime_operator.py
[2022-11-23T09:47:11.044-0600] {processor.py:766} INFO - DAG(s) dict_keys(['example_branch_datetime_operator', 'example_branch_datetime_operator_2', 'example_branch_datetime_operator_3']) retrieved from /home/Rex/jetbrains-toolbox-1.26.5.13419/Py/Dexter-airflow/venv/lib64/python3.10/site-packages/airflow/example_dags/example_branch_datetime_operator.py
[2022-11-23T09:47:11.081-0600] {logging_mixin.py:137} INFO - [2022-11-23T09:47:11.080-0600] {dag.py:2585} INFO - Sync 3 DAGs
[2022-11-23T09:47:11.107-0600] {logging_mixin.py:137} INFO - [2022-11-23T09:47:11.107-0600] {dag.py:3336} INFO - Setting next_dagrun for example_branch_datetime_operator to 2022-11-22T00:00:00+00:00, run_after=2022-11-23T00:00:00+00:00
[2022-11-23T09:47:11.115-0600] {logging_mixin.py:137} INFO - [2022-11-23T09:47:11.115-0600] {dag.py:3336} INFO - Setting next_dagrun for example_branch_datetime_operator_2 to 2022-11-22T00:00:00+00:00, run_after=2022-11-23T00:00:00+00:00
[2022-11-23T09:47:11.119-0600] {logging_mixin.py:137} INFO - [2022-11-23T09:47:11.118-0600] {dag.py:3336} INFO - Setting next_dagrun for example_branch_datetime_operator_3 to 2022-11-22T00:00:00+00:00, run_after=2022-11-23T00:00:00+00:00
[2022-11-23T09:47:11.141-0600] {processor.py:176} INFO - Processing /home/Rex/jetbrains-toolbox-1.26.5.13419/Py/Dexter-airflow/venv/lib64/python3.10/site-packages/airflow/example_dags/example_branch_datetime_operator.py took 0.131 seconds
