[2022-11-23T09:46:25.412-0600] {processor.py:154} INFO - Started process (PID=16940) to work on /home/Rex/jetbrains-toolbox-1.26.5.13419/Py/Dexter-airflow/venv/lib64/python3.10/site-packages/airflow/example_dags/example_datasets.py
[2022-11-23T09:46:25.414-0600] {processor.py:756} INFO - Processing file /home/Rex/jetbrains-toolbox-1.26.5.13419/Py/Dexter-airflow/venv/lib64/python3.10/site-packages/airflow/example_dags/example_datasets.py for tasks to queue
[2022-11-23T09:46:25.417-0600] {logging_mixin.py:137} INFO - [2022-11-23T09:46:25.417-0600] {dagbag.py:537} INFO - Filling up the DagBag from /home/Rex/jetbrains-toolbox-1.26.5.13419/Py/Dexter-airflow/venv/lib64/python3.10/site-packages/airflow/example_dags/example_datasets.py
[2022-11-23T09:46:25.438-0600] {processor.py:766} INFO - DAG(s) dict_keys(['dataset_consumes_1_never_scheduled', 'dataset_consumes_1_and_2', 'dataset_consumes_unknown_never_scheduled', 'dataset_produces_1', 'dataset_consumes_1', 'dataset_produces_2']) retrieved from /home/Rex/jetbrains-toolbox-1.26.5.13419/Py/Dexter-airflow/venv/lib64/python3.10/site-packages/airflow/example_dags/example_datasets.py
[2022-11-23T09:46:25.552-0600] {logging_mixin.py:137} INFO - [2022-11-23T09:46:25.551-0600] {manager.py:507} INFO - Created Permission View: can edit on DAG:dataset_consumes_1_never_scheduled
[2022-11-23T09:46:25.565-0600] {logging_mixin.py:137} INFO - [2022-11-23T09:46:25.565-0600] {manager.py:507} INFO - Created Permission View: can delete on DAG:dataset_consumes_1_never_scheduled
[2022-11-23T09:46:25.574-0600] {logging_mixin.py:137} INFO - [2022-11-23T09:46:25.574-0600] {manager.py:507} INFO - Created Permission View: can read on DAG:dataset_consumes_1_never_scheduled
[2022-11-23T09:46:25.599-0600] {logging_mixin.py:137} INFO - [2022-11-23T09:46:25.599-0600] {manager.py:507} INFO - Created Permission View: can edit on DAG:dataset_consumes_1_and_2
[2022-11-23T09:46:25.609-0600] {logging_mixin.py:137} INFO - [2022-11-23T09:46:25.608-0600] {manager.py:507} INFO - Created Permission View: can delete on DAG:dataset_consumes_1_and_2
[2022-11-23T09:46:25.621-0600] {logging_mixin.py:137} INFO - [2022-11-23T09:46:25.621-0600] {manager.py:507} INFO - Created Permission View: can read on DAG:dataset_consumes_1_and_2
[2022-11-23T09:46:25.639-0600] {logging_mixin.py:137} INFO - [2022-11-23T09:46:25.639-0600] {manager.py:507} INFO - Created Permission View: can edit on DAG:dataset_consumes_unknown_never_scheduled
[2022-11-23T09:46:25.651-0600] {logging_mixin.py:137} INFO - [2022-11-23T09:46:25.651-0600] {manager.py:507} INFO - Created Permission View: can delete on DAG:dataset_consumes_unknown_never_scheduled
[2022-11-23T09:46:25.669-0600] {logging_mixin.py:137} INFO - [2022-11-23T09:46:25.668-0600] {manager.py:507} INFO - Created Permission View: can read on DAG:dataset_consumes_unknown_never_scheduled
[2022-11-23T09:46:25.689-0600] {logging_mixin.py:137} INFO - [2022-11-23T09:46:25.689-0600] {manager.py:507} INFO - Created Permission View: can edit on DAG:dataset_produces_1
[2022-11-23T09:46:25.700-0600] {logging_mixin.py:137} INFO - [2022-11-23T09:46:25.700-0600] {manager.py:507} INFO - Created Permission View: can delete on DAG:dataset_produces_1
[2022-11-23T09:46:25.710-0600] {logging_mixin.py:137} INFO - [2022-11-23T09:46:25.709-0600] {manager.py:507} INFO - Created Permission View: can read on DAG:dataset_produces_1
[2022-11-23T09:46:25.733-0600] {logging_mixin.py:137} INFO - [2022-11-23T09:46:25.731-0600] {manager.py:507} INFO - Created Permission View: can edit on DAG:dataset_consumes_1
[2022-11-23T09:46:25.749-0600] {logging_mixin.py:137} INFO - [2022-11-23T09:46:25.746-0600] {manager.py:507} INFO - Created Permission View: can delete on DAG:dataset_consumes_1
[2022-11-23T09:46:25.776-0600] {logging_mixin.py:137} INFO - [2022-11-23T09:46:25.776-0600] {manager.py:507} INFO - Created Permission View: can read on DAG:dataset_consumes_1
[2022-11-23T09:46:25.801-0600] {logging_mixin.py:137} INFO - [2022-11-23T09:46:25.800-0600] {manager.py:507} INFO - Created Permission View: can edit on DAG:dataset_produces_2
[2022-11-23T09:46:25.819-0600] {logging_mixin.py:137} INFO - [2022-11-23T09:46:25.819-0600] {manager.py:507} INFO - Created Permission View: can delete on DAG:dataset_produces_2
[2022-11-23T09:46:25.830-0600] {logging_mixin.py:137} INFO - [2022-11-23T09:46:25.830-0600] {manager.py:507} INFO - Created Permission View: can read on DAG:dataset_produces_2
[2022-11-23T09:46:25.830-0600] {logging_mixin.py:137} INFO - [2022-11-23T09:46:25.830-0600] {dag.py:2585} INFO - Sync 6 DAGs
[2022-11-23T09:46:25.838-0600] {logging_mixin.py:137} INFO - [2022-11-23T09:46:25.838-0600] {dag.py:2606} INFO - Creating ORM DAG for dataset_consumes_1
[2022-11-23T09:46:25.839-0600] {logging_mixin.py:137} INFO - [2022-11-23T09:46:25.838-0600] {dag.py:2606} INFO - Creating ORM DAG for dataset_produces_2
[2022-11-23T09:46:25.839-0600] {logging_mixin.py:137} INFO - [2022-11-23T09:46:25.839-0600] {dag.py:2606} INFO - Creating ORM DAG for dataset_produces_1
[2022-11-23T09:46:25.839-0600] {logging_mixin.py:137} INFO - [2022-11-23T09:46:25.839-0600] {dag.py:2606} INFO - Creating ORM DAG for dataset_consumes_unknown_never_scheduled
[2022-11-23T09:46:25.839-0600] {logging_mixin.py:137} INFO - [2022-11-23T09:46:25.839-0600] {dag.py:2606} INFO - Creating ORM DAG for dataset_consumes_1_and_2
[2022-11-23T09:46:25.840-0600] {logging_mixin.py:137} INFO - [2022-11-23T09:46:25.840-0600] {dag.py:2606} INFO - Creating ORM DAG for dataset_consumes_1_never_scheduled
[2022-11-23T09:46:25.852-0600] {logging_mixin.py:137} INFO - [2022-11-23T09:46:25.852-0600] {dag.py:3336} INFO - Setting next_dagrun for dataset_consumes_1 to None, run_after=None
[2022-11-23T09:46:25.852-0600] {logging_mixin.py:137} INFO - [2022-11-23T09:46:25.852-0600] {dag.py:3336} INFO - Setting next_dagrun for dataset_consumes_1_and_2 to None, run_after=None
[2022-11-23T09:46:25.852-0600] {logging_mixin.py:137} INFO - [2022-11-23T09:46:25.852-0600] {dag.py:3336} INFO - Setting next_dagrun for dataset_consumes_1_never_scheduled to None, run_after=None
[2022-11-23T09:46:25.853-0600] {logging_mixin.py:137} INFO - [2022-11-23T09:46:25.853-0600] {dag.py:3336} INFO - Setting next_dagrun for dataset_consumes_unknown_never_scheduled to None, run_after=None
[2022-11-23T09:46:25.854-0600] {logging_mixin.py:137} INFO - [2022-11-23T09:46:25.854-0600] {dag.py:3336} INFO - Setting next_dagrun for dataset_produces_1 to 2022-11-22T00:00:00+00:00, run_after=2022-11-23T00:00:00+00:00
[2022-11-23T09:46:25.855-0600] {logging_mixin.py:137} INFO - [2022-11-23T09:46:25.855-0600] {dag.py:3336} INFO - Setting next_dagrun for dataset_produces_2 to None, run_after=None
[2022-11-23T09:46:25.888-0600] {processor.py:176} INFO - Processing /home/Rex/jetbrains-toolbox-1.26.5.13419/Py/Dexter-airflow/venv/lib64/python3.10/site-packages/airflow/example_dags/example_datasets.py took 0.482 seconds
[2022-11-23T09:47:04.600-0600] {processor.py:154} INFO - Started process (PID=17046) to work on /home/Rex/jetbrains-toolbox-1.26.5.13419/Py/Dexter-airflow/venv/lib64/python3.10/site-packages/airflow/example_dags/example_datasets.py
[2022-11-23T09:47:04.606-0600] {processor.py:756} INFO - Processing file /home/Rex/jetbrains-toolbox-1.26.5.13419/Py/Dexter-airflow/venv/lib64/python3.10/site-packages/airflow/example_dags/example_datasets.py for tasks to queue
[2022-11-23T09:47:04.608-0600] {logging_mixin.py:137} INFO - [2022-11-23T09:47:04.608-0600] {dagbag.py:537} INFO - Filling up the DagBag from /home/Rex/jetbrains-toolbox-1.26.5.13419/Py/Dexter-airflow/venv/lib64/python3.10/site-packages/airflow/example_dags/example_datasets.py
[2022-11-23T09:47:04.634-0600] {processor.py:766} INFO - DAG(s) dict_keys(['dataset_consumes_1', 'dataset_consumes_unknown_never_scheduled', 'dataset_consumes_1_never_scheduled', 'dataset_consumes_1_and_2', 'dataset_produces_2', 'dataset_produces_1']) retrieved from /home/Rex/jetbrains-toolbox-1.26.5.13419/Py/Dexter-airflow/venv/lib64/python3.10/site-packages/airflow/example_dags/example_datasets.py
[2022-11-23T09:47:04.669-0600] {logging_mixin.py:137} INFO - [2022-11-23T09:47:04.668-0600] {dag.py:2585} INFO - Sync 6 DAGs
[2022-11-23T09:47:04.690-0600] {logging_mixin.py:137} INFO - [2022-11-23T09:47:04.689-0600] {dag.py:3336} INFO - Setting next_dagrun for dataset_consumes_1 to None, run_after=None
[2022-11-23T09:47:04.692-0600] {logging_mixin.py:137} INFO - [2022-11-23T09:47:04.692-0600] {dag.py:3336} INFO - Setting next_dagrun for dataset_consumes_1_and_2 to None, run_after=None
[2022-11-23T09:47:04.692-0600] {logging_mixin.py:137} INFO - [2022-11-23T09:47:04.692-0600] {dag.py:3336} INFO - Setting next_dagrun for dataset_consumes_1_never_scheduled to None, run_after=None
[2022-11-23T09:47:04.693-0600] {logging_mixin.py:137} INFO - [2022-11-23T09:47:04.693-0600] {dag.py:3336} INFO - Setting next_dagrun for dataset_consumes_unknown_never_scheduled to None, run_after=None
[2022-11-23T09:47:04.695-0600] {logging_mixin.py:137} INFO - [2022-11-23T09:47:04.695-0600] {dag.py:3336} INFO - Setting next_dagrun for dataset_produces_1 to 2022-11-22T00:00:00+00:00, run_after=2022-11-23T00:00:00+00:00
[2022-11-23T09:47:04.695-0600] {logging_mixin.py:137} INFO - [2022-11-23T09:47:04.695-0600] {dag.py:3336} INFO - Setting next_dagrun for dataset_produces_2 to None, run_after=None
[2022-11-23T09:47:04.721-0600] {processor.py:176} INFO - Processing /home/Rex/jetbrains-toolbox-1.26.5.13419/Py/Dexter-airflow/venv/lib64/python3.10/site-packages/airflow/example_dags/example_datasets.py took 0.127 seconds
[2022-11-23T09:47:47.000-0600] {processor.py:154} INFO - Started process (PID=17111) to work on /home/Rex/jetbrains-toolbox-1.26.5.13419/Py/Dexter-airflow/venv/lib64/python3.10/site-packages/airflow/example_dags/example_datasets.py
[2022-11-23T09:47:47.006-0600] {processor.py:756} INFO - Processing file /home/Rex/jetbrains-toolbox-1.26.5.13419/Py/Dexter-airflow/venv/lib64/python3.10/site-packages/airflow/example_dags/example_datasets.py for tasks to queue
[2022-11-23T09:47:47.007-0600] {logging_mixin.py:137} INFO - [2022-11-23T09:47:47.007-0600] {dagbag.py:537} INFO - Filling up the DagBag from /home/Rex/jetbrains-toolbox-1.26.5.13419/Py/Dexter-airflow/venv/lib64/python3.10/site-packages/airflow/example_dags/example_datasets.py
[2022-11-23T09:47:47.025-0600] {processor.py:766} INFO - DAG(s) dict_keys(['dataset_consumes_unknown_never_scheduled', 'dataset_consumes_1', 'dataset_consumes_1_and_2', 'dataset_consumes_1_never_scheduled', 'dataset_produces_1', 'dataset_produces_2']) retrieved from /home/Rex/jetbrains-toolbox-1.26.5.13419/Py/Dexter-airflow/venv/lib64/python3.10/site-packages/airflow/example_dags/example_datasets.py
[2022-11-23T09:47:47.061-0600] {logging_mixin.py:137} INFO - [2022-11-23T09:47:47.061-0600] {dag.py:2585} INFO - Sync 6 DAGs
[2022-11-23T09:47:47.085-0600] {logging_mixin.py:137} INFO - [2022-11-23T09:47:47.085-0600] {dag.py:3336} INFO - Setting next_dagrun for dataset_consumes_1 to None, run_after=None
[2022-11-23T09:47:47.088-0600] {logging_mixin.py:137} INFO - [2022-11-23T09:47:47.088-0600] {dag.py:3336} INFO - Setting next_dagrun for dataset_consumes_1_and_2 to None, run_after=None
[2022-11-23T09:47:47.089-0600] {logging_mixin.py:137} INFO - [2022-11-23T09:47:47.089-0600] {dag.py:3336} INFO - Setting next_dagrun for dataset_consumes_1_never_scheduled to None, run_after=None
[2022-11-23T09:47:47.089-0600] {logging_mixin.py:137} INFO - [2022-11-23T09:47:47.089-0600] {dag.py:3336} INFO - Setting next_dagrun for dataset_consumes_unknown_never_scheduled to None, run_after=None
[2022-11-23T09:47:47.091-0600] {logging_mixin.py:137} INFO - [2022-11-23T09:47:47.091-0600] {dag.py:3336} INFO - Setting next_dagrun for dataset_produces_1 to 2022-11-22T00:00:00+00:00, run_after=2022-11-23T00:00:00+00:00
[2022-11-23T09:47:47.091-0600] {logging_mixin.py:137} INFO - [2022-11-23T09:47:47.091-0600] {dag.py:3336} INFO - Setting next_dagrun for dataset_produces_2 to None, run_after=None
[2022-11-23T09:47:47.126-0600] {processor.py:176} INFO - Processing /home/Rex/jetbrains-toolbox-1.26.5.13419/Py/Dexter-airflow/venv/lib64/python3.10/site-packages/airflow/example_dags/example_datasets.py took 0.133 seconds
