[2022-11-23T09:46:21.369-0600] {processor.py:154} INFO - Started process (PID=16929) to work on /home/Rex/jetbrains-toolbox-1.26.5.13419/Py/Dexter-airflow/venv/lib64/python3.10/site-packages/airflow/example_dags/example_sla_dag.py
[2022-11-23T09:46:21.370-0600] {processor.py:756} INFO - Processing file /home/Rex/jetbrains-toolbox-1.26.5.13419/Py/Dexter-airflow/venv/lib64/python3.10/site-packages/airflow/example_dags/example_sla_dag.py for tasks to queue
[2022-11-23T09:46:21.372-0600] {logging_mixin.py:137} INFO - [2022-11-23T09:46:21.372-0600] {dagbag.py:537} INFO - Filling up the DagBag from /home/Rex/jetbrains-toolbox-1.26.5.13419/Py/Dexter-airflow/venv/lib64/python3.10/site-packages/airflow/example_dags/example_sla_dag.py
[2022-11-23T09:46:21.398-0600] {processor.py:766} INFO - DAG(s) dict_keys(['example_sla_dag']) retrieved from /home/Rex/jetbrains-toolbox-1.26.5.13419/Py/Dexter-airflow/venv/lib64/python3.10/site-packages/airflow/example_dags/example_sla_dag.py
[2022-11-23T09:46:21.524-0600] {logging_mixin.py:137} INFO - [2022-11-23T09:46:21.523-0600] {manager.py:507} INFO - Created Permission View: can edit on DAG:example_sla_dag
[2022-11-23T09:46:21.542-0600] {logging_mixin.py:137} INFO - [2022-11-23T09:46:21.541-0600] {manager.py:507} INFO - Created Permission View: can delete on DAG:example_sla_dag
[2022-11-23T09:46:21.551-0600] {logging_mixin.py:137} INFO - [2022-11-23T09:46:21.551-0600] {manager.py:507} INFO - Created Permission View: can read on DAG:example_sla_dag
[2022-11-23T09:46:21.552-0600] {logging_mixin.py:137} INFO - [2022-11-23T09:46:21.552-0600] {dag.py:2585} INFO - Sync 1 DAGs
[2022-11-23T09:46:21.562-0600] {logging_mixin.py:137} INFO - [2022-11-23T09:46:21.562-0600] {dag.py:2606} INFO - Creating ORM DAG for example_sla_dag
[2022-11-23T09:46:21.578-0600] {logging_mixin.py:137} INFO - [2022-11-23T09:46:21.578-0600] {dag.py:3336} INFO - Setting next_dagrun for example_sla_dag to 2022-11-23T15:44:00+00:00, run_after=2022-11-23T15:46:00+00:00
[2022-11-23T09:46:21.593-0600] {processor.py:176} INFO - Processing /home/Rex/jetbrains-toolbox-1.26.5.13419/Py/Dexter-airflow/venv/lib64/python3.10/site-packages/airflow/example_dags/example_sla_dag.py took 0.227 seconds
[2022-11-23T09:47:00.836-0600] {processor.py:154} INFO - Started process (PID=17042) to work on /home/Rex/jetbrains-toolbox-1.26.5.13419/Py/Dexter-airflow/venv/lib64/python3.10/site-packages/airflow/example_dags/example_sla_dag.py
[2022-11-23T09:47:00.838-0600] {processor.py:756} INFO - Processing file /home/Rex/jetbrains-toolbox-1.26.5.13419/Py/Dexter-airflow/venv/lib64/python3.10/site-packages/airflow/example_dags/example_sla_dag.py for tasks to queue
[2022-11-23T09:47:00.841-0600] {logging_mixin.py:137} INFO - [2022-11-23T09:47:00.841-0600] {dagbag.py:537} INFO - Filling up the DagBag from /home/Rex/jetbrains-toolbox-1.26.5.13419/Py/Dexter-airflow/venv/lib64/python3.10/site-packages/airflow/example_dags/example_sla_dag.py
[2022-11-23T09:47:00.871-0600] {processor.py:766} INFO - DAG(s) dict_keys(['example_sla_dag']) retrieved from /home/Rex/jetbrains-toolbox-1.26.5.13419/Py/Dexter-airflow/venv/lib64/python3.10/site-packages/airflow/example_dags/example_sla_dag.py
[2022-11-23T09:47:00.894-0600] {logging_mixin.py:137} INFO - [2022-11-23T09:47:00.894-0600] {dag.py:2585} INFO - Sync 1 DAGs
[2022-11-23T09:47:00.918-0600] {logging_mixin.py:137} INFO - [2022-11-23T09:47:00.916-0600] {dag.py:3336} INFO - Setting next_dagrun for example_sla_dag to 2022-11-23T15:44:00+00:00, run_after=2022-11-23T15:46:00+00:00
[2022-11-23T09:47:00.951-0600] {processor.py:176} INFO - Processing /home/Rex/jetbrains-toolbox-1.26.5.13419/Py/Dexter-airflow/venv/lib64/python3.10/site-packages/airflow/example_dags/example_sla_dag.py took 0.122 seconds
[2022-11-23T09:47:42.934-0600] {processor.py:154} INFO - Started process (PID=17107) to work on /home/Rex/jetbrains-toolbox-1.26.5.13419/Py/Dexter-airflow/venv/lib64/python3.10/site-packages/airflow/example_dags/example_sla_dag.py
[2022-11-23T09:47:42.939-0600] {processor.py:756} INFO - Processing file /home/Rex/jetbrains-toolbox-1.26.5.13419/Py/Dexter-airflow/venv/lib64/python3.10/site-packages/airflow/example_dags/example_sla_dag.py for tasks to queue
[2022-11-23T09:47:42.944-0600] {logging_mixin.py:137} INFO - [2022-11-23T09:47:42.944-0600] {dagbag.py:537} INFO - Filling up the DagBag from /home/Rex/jetbrains-toolbox-1.26.5.13419/Py/Dexter-airflow/venv/lib64/python3.10/site-packages/airflow/example_dags/example_sla_dag.py
[2022-11-23T09:47:42.975-0600] {processor.py:766} INFO - DAG(s) dict_keys(['example_sla_dag']) retrieved from /home/Rex/jetbrains-toolbox-1.26.5.13419/Py/Dexter-airflow/venv/lib64/python3.10/site-packages/airflow/example_dags/example_sla_dag.py
[2022-11-23T09:47:42.990-0600] {logging_mixin.py:137} INFO - [2022-11-23T09:47:42.990-0600] {dag.py:2585} INFO - Sync 1 DAGs
[2022-11-23T09:47:43.010-0600] {logging_mixin.py:137} INFO - [2022-11-23T09:47:43.010-0600] {dag.py:3336} INFO - Setting next_dagrun for example_sla_dag to 2022-11-23T15:44:00+00:00, run_after=2022-11-23T15:46:00+00:00
[2022-11-23T09:47:43.040-0600] {processor.py:176} INFO - Processing /home/Rex/jetbrains-toolbox-1.26.5.13419/Py/Dexter-airflow/venv/lib64/python3.10/site-packages/airflow/example_dags/example_sla_dag.py took 0.112 seconds
