[2022-11-23T09:46:17.396-0600] {processor.py:154} INFO - Started process (PID=16924) to work on /home/Rex/jetbrains-toolbox-1.26.5.13419/Py/Dexter-airflow/venv/lib64/python3.10/site-packages/airflow/example_dags/example_short_circuit_decorator.py
[2022-11-23T09:46:17.399-0600] {processor.py:756} INFO - Processing file /home/Rex/jetbrains-toolbox-1.26.5.13419/Py/Dexter-airflow/venv/lib64/python3.10/site-packages/airflow/example_dags/example_short_circuit_decorator.py for tasks to queue
[2022-11-23T09:46:17.406-0600] {logging_mixin.py:137} INFO - [2022-11-23T09:46:17.405-0600] {dagbag.py:537} INFO - Filling up the DagBag from /home/Rex/jetbrains-toolbox-1.26.5.13419/Py/Dexter-airflow/venv/lib64/python3.10/site-packages/airflow/example_dags/example_short_circuit_decorator.py
[2022-11-23T09:46:17.439-0600] {processor.py:766} INFO - DAG(s) dict_keys(['example_short_circuit_decorator']) retrieved from /home/Rex/jetbrains-toolbox-1.26.5.13419/Py/Dexter-airflow/venv/lib64/python3.10/site-packages/airflow/example_dags/example_short_circuit_decorator.py
[2022-11-23T09:46:17.543-0600] {logging_mixin.py:137} INFO - [2022-11-23T09:46:17.543-0600] {manager.py:507} INFO - Created Permission View: can edit on DAG:example_short_circuit_decorator
[2022-11-23T09:46:17.559-0600] {logging_mixin.py:137} INFO - [2022-11-23T09:46:17.559-0600] {manager.py:507} INFO - Created Permission View: can delete on DAG:example_short_circuit_decorator
[2022-11-23T09:46:17.571-0600] {logging_mixin.py:137} INFO - [2022-11-23T09:46:17.571-0600] {manager.py:507} INFO - Created Permission View: can read on DAG:example_short_circuit_decorator
[2022-11-23T09:46:17.571-0600] {logging_mixin.py:137} INFO - [2022-11-23T09:46:17.571-0600] {dag.py:2585} INFO - Sync 1 DAGs
[2022-11-23T09:46:17.583-0600] {logging_mixin.py:137} INFO - [2022-11-23T09:46:17.583-0600] {dag.py:2606} INFO - Creating ORM DAG for example_short_circuit_decorator
[2022-11-23T09:46:17.591-0600] {logging_mixin.py:137} INFO - [2022-11-23T09:46:17.591-0600] {dag.py:3336} INFO - Setting next_dagrun for example_short_circuit_decorator to 2022-11-22T15:46:17.590994+00:00, run_after=2022-11-23T15:46:17.590994+00:00
[2022-11-23T09:46:17.609-0600] {processor.py:176} INFO - Processing /home/Rex/jetbrains-toolbox-1.26.5.13419/Py/Dexter-airflow/venv/lib64/python3.10/site-packages/airflow/example_dags/example_short_circuit_decorator.py took 0.222 seconds
[2022-11-23T09:46:57.571-0600] {processor.py:154} INFO - Started process (PID=17039) to work on /home/Rex/jetbrains-toolbox-1.26.5.13419/Py/Dexter-airflow/venv/lib64/python3.10/site-packages/airflow/example_dags/example_short_circuit_decorator.py
[2022-11-23T09:46:57.573-0600] {processor.py:756} INFO - Processing file /home/Rex/jetbrains-toolbox-1.26.5.13419/Py/Dexter-airflow/venv/lib64/python3.10/site-packages/airflow/example_dags/example_short_circuit_decorator.py for tasks to queue
[2022-11-23T09:46:57.576-0600] {logging_mixin.py:137} INFO - [2022-11-23T09:46:57.576-0600] {dagbag.py:537} INFO - Filling up the DagBag from /home/Rex/jetbrains-toolbox-1.26.5.13419/Py/Dexter-airflow/venv/lib64/python3.10/site-packages/airflow/example_dags/example_short_circuit_decorator.py
[2022-11-23T09:46:57.615-0600] {processor.py:766} INFO - DAG(s) dict_keys(['example_short_circuit_decorator']) retrieved from /home/Rex/jetbrains-toolbox-1.26.5.13419/Py/Dexter-airflow/venv/lib64/python3.10/site-packages/airflow/example_dags/example_short_circuit_decorator.py
[2022-11-23T09:46:57.637-0600] {logging_mixin.py:137} INFO - [2022-11-23T09:46:57.636-0600] {dag.py:2585} INFO - Sync 1 DAGs
[2022-11-23T09:46:57.660-0600] {logging_mixin.py:137} INFO - [2022-11-23T09:46:57.660-0600] {dag.py:3336} INFO - Setting next_dagrun for example_short_circuit_decorator to 2022-11-22T15:46:57.659894+00:00, run_after=2022-11-23T15:46:57.659894+00:00
[2022-11-23T09:46:57.694-0600] {processor.py:176} INFO - Processing /home/Rex/jetbrains-toolbox-1.26.5.13419/Py/Dexter-airflow/venv/lib64/python3.10/site-packages/airflow/example_dags/example_short_circuit_decorator.py took 0.133 seconds
[2022-11-23T09:47:39.219-0600] {processor.py:154} INFO - Started process (PID=17104) to work on /home/Rex/jetbrains-toolbox-1.26.5.13419/Py/Dexter-airflow/venv/lib64/python3.10/site-packages/airflow/example_dags/example_short_circuit_decorator.py
[2022-11-23T09:47:39.221-0600] {processor.py:756} INFO - Processing file /home/Rex/jetbrains-toolbox-1.26.5.13419/Py/Dexter-airflow/venv/lib64/python3.10/site-packages/airflow/example_dags/example_short_circuit_decorator.py for tasks to queue
[2022-11-23T09:47:39.223-0600] {logging_mixin.py:137} INFO - [2022-11-23T09:47:39.222-0600] {dagbag.py:537} INFO - Filling up the DagBag from /home/Rex/jetbrains-toolbox-1.26.5.13419/Py/Dexter-airflow/venv/lib64/python3.10/site-packages/airflow/example_dags/example_short_circuit_decorator.py
[2022-11-23T09:47:39.257-0600] {processor.py:766} INFO - DAG(s) dict_keys(['example_short_circuit_decorator']) retrieved from /home/Rex/jetbrains-toolbox-1.26.5.13419/Py/Dexter-airflow/venv/lib64/python3.10/site-packages/airflow/example_dags/example_short_circuit_decorator.py
[2022-11-23T09:47:39.286-0600] {logging_mixin.py:137} INFO - [2022-11-23T09:47:39.286-0600] {dag.py:2585} INFO - Sync 1 DAGs
[2022-11-23T09:47:39.304-0600] {logging_mixin.py:137} INFO - [2022-11-23T09:47:39.304-0600] {dag.py:3336} INFO - Setting next_dagrun for example_short_circuit_decorator to 2022-11-22T15:47:39.304256+00:00, run_after=2022-11-23T15:47:39.304256+00:00
[2022-11-23T09:47:39.326-0600] {processor.py:176} INFO - Processing /home/Rex/jetbrains-toolbox-1.26.5.13419/Py/Dexter-airflow/venv/lib64/python3.10/site-packages/airflow/example_dags/example_short_circuit_decorator.py took 0.115 seconds
