[2022-11-23T09:46:29.365-0600] {processor.py:154} INFO - Started process (PID=16945) to work on /home/Rex/jetbrains-toolbox-1.26.5.13419/Py/Dexter-airflow/venv/lib64/python3.10/site-packages/airflow/example_dags/example_latest_only_with_trigger.py
[2022-11-23T09:46:29.371-0600] {processor.py:756} INFO - Processing file /home/Rex/jetbrains-toolbox-1.26.5.13419/Py/Dexter-airflow/venv/lib64/python3.10/site-packages/airflow/example_dags/example_latest_only_with_trigger.py for tasks to queue
[2022-11-23T09:46:29.375-0600] {logging_mixin.py:137} INFO - [2022-11-23T09:46:29.375-0600] {dagbag.py:537} INFO - Filling up the DagBag from /home/Rex/jetbrains-toolbox-1.26.5.13419/Py/Dexter-airflow/venv/lib64/python3.10/site-packages/airflow/example_dags/example_latest_only_with_trigger.py
[2022-11-23T09:46:29.392-0600] {processor.py:766} INFO - DAG(s) dict_keys(['latest_only_with_trigger']) retrieved from /home/Rex/jetbrains-toolbox-1.26.5.13419/Py/Dexter-airflow/venv/lib64/python3.10/site-packages/airflow/example_dags/example_latest_only_with_trigger.py
[2022-11-23T09:46:29.492-0600] {logging_mixin.py:137} INFO - [2022-11-23T09:46:29.492-0600] {manager.py:507} INFO - Created Permission View: can edit on DAG:latest_only_with_trigger
[2022-11-23T09:46:29.507-0600] {logging_mixin.py:137} INFO - [2022-11-23T09:46:29.507-0600] {manager.py:507} INFO - Created Permission View: can delete on DAG:latest_only_with_trigger
[2022-11-23T09:46:29.514-0600] {logging_mixin.py:137} INFO - [2022-11-23T09:46:29.514-0600] {manager.py:507} INFO - Created Permission View: can read on DAG:latest_only_with_trigger
[2022-11-23T09:46:29.514-0600] {logging_mixin.py:137} INFO - [2022-11-23T09:46:29.514-0600] {dag.py:2585} INFO - Sync 1 DAGs
[2022-11-23T09:46:29.522-0600] {logging_mixin.py:137} INFO - [2022-11-23T09:46:29.522-0600] {dag.py:2606} INFO - Creating ORM DAG for latest_only_with_trigger
[2022-11-23T09:46:29.527-0600] {logging_mixin.py:137} INFO - [2022-11-23T09:46:29.527-0600] {dag.py:3336} INFO - Setting next_dagrun for latest_only_with_trigger to 2022-11-23T11:46:29.527282+00:00, run_after=2022-11-23T15:46:29.527282+00:00
[2022-11-23T09:46:29.543-0600] {processor.py:176} INFO - Processing /home/Rex/jetbrains-toolbox-1.26.5.13419/Py/Dexter-airflow/venv/lib64/python3.10/site-packages/airflow/example_dags/example_latest_only_with_trigger.py took 0.185 seconds
[2022-11-23T09:47:08.809-0600] {processor.py:154} INFO - Started process (PID=17053) to work on /home/Rex/jetbrains-toolbox-1.26.5.13419/Py/Dexter-airflow/venv/lib64/python3.10/site-packages/airflow/example_dags/example_latest_only_with_trigger.py
[2022-11-23T09:47:08.810-0600] {processor.py:756} INFO - Processing file /home/Rex/jetbrains-toolbox-1.26.5.13419/Py/Dexter-airflow/venv/lib64/python3.10/site-packages/airflow/example_dags/example_latest_only_with_trigger.py for tasks to queue
[2022-11-23T09:47:08.811-0600] {logging_mixin.py:137} INFO - [2022-11-23T09:47:08.811-0600] {dagbag.py:537} INFO - Filling up the DagBag from /home/Rex/jetbrains-toolbox-1.26.5.13419/Py/Dexter-airflow/venv/lib64/python3.10/site-packages/airflow/example_dags/example_latest_only_with_trigger.py
[2022-11-23T09:47:08.829-0600] {processor.py:766} INFO - DAG(s) dict_keys(['latest_only_with_trigger']) retrieved from /home/Rex/jetbrains-toolbox-1.26.5.13419/Py/Dexter-airflow/venv/lib64/python3.10/site-packages/airflow/example_dags/example_latest_only_with_trigger.py
[2022-11-23T09:47:08.851-0600] {logging_mixin.py:137} INFO - [2022-11-23T09:47:08.850-0600] {dag.py:2585} INFO - Sync 1 DAGs
[2022-11-23T09:47:08.868-0600] {logging_mixin.py:137} INFO - [2022-11-23T09:47:08.868-0600] {dag.py:3336} INFO - Setting next_dagrun for latest_only_with_trigger to 2022-11-23T11:47:08.867978+00:00, run_after=2022-11-23T15:47:08.867978+00:00
[2022-11-23T09:47:08.882-0600] {processor.py:176} INFO - Processing /home/Rex/jetbrains-toolbox-1.26.5.13419/Py/Dexter-airflow/venv/lib64/python3.10/site-packages/airflow/example_dags/example_latest_only_with_trigger.py took 0.077 seconds
[2022-11-23T09:47:52.107-0600] {processor.py:154} INFO - Started process (PID=17123) to work on /home/Rex/jetbrains-toolbox-1.26.5.13419/Py/Dexter-airflow/venv/lib64/python3.10/site-packages/airflow/example_dags/example_latest_only_with_trigger.py
[2022-11-23T09:47:52.108-0600] {processor.py:756} INFO - Processing file /home/Rex/jetbrains-toolbox-1.26.5.13419/Py/Dexter-airflow/venv/lib64/python3.10/site-packages/airflow/example_dags/example_latest_only_with_trigger.py for tasks to queue
[2022-11-23T09:47:52.109-0600] {logging_mixin.py:137} INFO - [2022-11-23T09:47:52.109-0600] {dagbag.py:537} INFO - Filling up the DagBag from /home/Rex/jetbrains-toolbox-1.26.5.13419/Py/Dexter-airflow/venv/lib64/python3.10/site-packages/airflow/example_dags/example_latest_only_with_trigger.py
[2022-11-23T09:47:52.134-0600] {processor.py:766} INFO - DAG(s) dict_keys(['latest_only_with_trigger']) retrieved from /home/Rex/jetbrains-toolbox-1.26.5.13419/Py/Dexter-airflow/venv/lib64/python3.10/site-packages/airflow/example_dags/example_latest_only_with_trigger.py
[2022-11-23T09:47:52.165-0600] {logging_mixin.py:137} INFO - [2022-11-23T09:47:52.165-0600] {dag.py:2585} INFO - Sync 1 DAGs
[2022-11-23T09:47:52.192-0600] {logging_mixin.py:137} INFO - [2022-11-23T09:47:52.192-0600] {dag.py:3336} INFO - Setting next_dagrun for latest_only_with_trigger to 2022-11-23T11:47:52.192150+00:00, run_after=2022-11-23T15:47:52.192150+00:00
[2022-11-23T09:47:52.227-0600] {processor.py:176} INFO - Processing /home/Rex/jetbrains-toolbox-1.26.5.13419/Py/Dexter-airflow/venv/lib64/python3.10/site-packages/airflow/example_dags/example_latest_only_with_trigger.py took 0.125 seconds
