[2022-11-23T09:46:22.734-0600] {processor.py:154} INFO - Started process (PID=16930) to work on /home/Rex/jetbrains-toolbox-1.26.5.13419/Py/Dexter-airflow/venv/lib64/python3.10/site-packages/airflow/example_dags/example_subdag_operator.py
[2022-11-23T09:46:22.740-0600] {processor.py:756} INFO - Processing file /home/Rex/jetbrains-toolbox-1.26.5.13419/Py/Dexter-airflow/venv/lib64/python3.10/site-packages/airflow/example_dags/example_subdag_operator.py for tasks to queue
[2022-11-23T09:46:22.744-0600] {logging_mixin.py:137} INFO - [2022-11-23T09:46:22.743-0600] {dagbag.py:537} INFO - Filling up the DagBag from /home/Rex/jetbrains-toolbox-1.26.5.13419/Py/Dexter-airflow/venv/lib64/python3.10/site-packages/airflow/example_dags/example_subdag_operator.py
[2022-11-23T09:46:22.778-0600] {processor.py:766} INFO - DAG(s) dict_keys(['example_subdag_operator.section-1', 'example_subdag_operator.section-2', 'example_subdag_operator']) retrieved from /home/Rex/jetbrains-toolbox-1.26.5.13419/Py/Dexter-airflow/venv/lib64/python3.10/site-packages/airflow/example_dags/example_subdag_operator.py
[2022-11-23T09:46:22.947-0600] {logging_mixin.py:137} INFO - [2022-11-23T09:46:22.947-0600] {manager.py:507} INFO - Created Permission View: can edit on DAG:example_subdag_operator
[2022-11-23T09:46:22.957-0600] {logging_mixin.py:137} INFO - [2022-11-23T09:46:22.957-0600] {manager.py:507} INFO - Created Permission View: can delete on DAG:example_subdag_operator
[2022-11-23T09:46:22.970-0600] {logging_mixin.py:137} INFO - [2022-11-23T09:46:22.969-0600] {manager.py:507} INFO - Created Permission View: can read on DAG:example_subdag_operator
[2022-11-23T09:46:22.970-0600] {logging_mixin.py:137} INFO - [2022-11-23T09:46:22.970-0600] {dag.py:2585} INFO - Sync 3 DAGs
[2022-11-23T09:46:22.977-0600] {logging_mixin.py:137} INFO - [2022-11-23T09:46:22.977-0600] {dag.py:2606} INFO - Creating ORM DAG for example_subdag_operator.section-1
[2022-11-23T09:46:22.978-0600] {logging_mixin.py:137} INFO - [2022-11-23T09:46:22.978-0600] {dag.py:2606} INFO - Creating ORM DAG for example_subdag_operator.section-2
[2022-11-23T09:46:22.978-0600] {logging_mixin.py:137} INFO - [2022-11-23T09:46:22.978-0600] {dag.py:2606} INFO - Creating ORM DAG for example_subdag_operator
[2022-11-23T09:46:22.983-0600] {logging_mixin.py:137} INFO - [2022-11-23T09:46:22.983-0600] {dag.py:3336} INFO - Setting next_dagrun for example_subdag_operator to 2022-01-01T00:00:00+00:00, run_after=2022-01-01T00:00:00+00:00
[2022-11-23T09:46:22.983-0600] {logging_mixin.py:137} INFO - [2022-11-23T09:46:22.983-0600] {dag.py:3336} INFO - Setting next_dagrun for example_subdag_operator.section-1 to None, run_after=None
[2022-11-23T09:46:22.984-0600] {logging_mixin.py:137} INFO - [2022-11-23T09:46:22.984-0600] {dag.py:3336} INFO - Setting next_dagrun for example_subdag_operator.section-2 to None, run_after=None
[2022-11-23T09:46:22.988-0600] {logging_mixin.py:137} INFO - [2022-11-23T09:46:22.987-0600] {dag.py:2585} INFO - Sync 2 DAGs
[2022-11-23T09:46:22.990-0600] {logging_mixin.py:137} INFO - [2022-11-23T09:46:22.990-0600] {dag.py:3336} INFO - Setting next_dagrun for example_subdag_operator.section-1 to None, run_after=None
[2022-11-23T09:46:22.992-0600] {logging_mixin.py:137} INFO - [2022-11-23T09:46:22.992-0600] {dag.py:3336} INFO - Setting next_dagrun for example_subdag_operator.section-2 to None, run_after=None
[2022-11-23T09:46:23.008-0600] {processor.py:176} INFO - Processing /home/Rex/jetbrains-toolbox-1.26.5.13419/Py/Dexter-airflow/venv/lib64/python3.10/site-packages/airflow/example_dags/example_subdag_operator.py took 0.283 seconds
[2022-11-23T09:47:02.082-0600] {processor.py:154} INFO - Started process (PID=17043) to work on /home/Rex/jetbrains-toolbox-1.26.5.13419/Py/Dexter-airflow/venv/lib64/python3.10/site-packages/airflow/example_dags/example_subdag_operator.py
[2022-11-23T09:47:02.083-0600] {processor.py:756} INFO - Processing file /home/Rex/jetbrains-toolbox-1.26.5.13419/Py/Dexter-airflow/venv/lib64/python3.10/site-packages/airflow/example_dags/example_subdag_operator.py for tasks to queue
[2022-11-23T09:47:02.086-0600] {logging_mixin.py:137} INFO - [2022-11-23T09:47:02.086-0600] {dagbag.py:537} INFO - Filling up the DagBag from /home/Rex/jetbrains-toolbox-1.26.5.13419/Py/Dexter-airflow/venv/lib64/python3.10/site-packages/airflow/example_dags/example_subdag_operator.py
[2022-11-23T09:47:02.122-0600] {processor.py:766} INFO - DAG(s) dict_keys(['example_subdag_operator.section-1', 'example_subdag_operator.section-2', 'example_subdag_operator']) retrieved from /home/Rex/jetbrains-toolbox-1.26.5.13419/Py/Dexter-airflow/venv/lib64/python3.10/site-packages/airflow/example_dags/example_subdag_operator.py
[2022-11-23T09:47:02.228-0600] {logging_mixin.py:137} INFO - [2022-11-23T09:47:02.227-0600] {dag.py:2585} INFO - Sync 3 DAGs
[2022-11-23T09:47:02.239-0600] {logging_mixin.py:137} INFO - [2022-11-23T09:47:02.239-0600] {dag.py:3336} INFO - Setting next_dagrun for example_subdag_operator to 2022-01-01T00:00:00+00:00, run_after=2022-01-01T00:00:00+00:00
[2022-11-23T09:47:02.241-0600] {logging_mixin.py:137} INFO - [2022-11-23T09:47:02.241-0600] {dag.py:3336} INFO - Setting next_dagrun for example_subdag_operator.section-1 to None, run_after=None
[2022-11-23T09:47:02.242-0600] {logging_mixin.py:137} INFO - [2022-11-23T09:47:02.241-0600] {dag.py:3336} INFO - Setting next_dagrun for example_subdag_operator.section-2 to None, run_after=None
[2022-11-23T09:47:02.245-0600] {logging_mixin.py:137} INFO - [2022-11-23T09:47:02.245-0600] {dag.py:2585} INFO - Sync 2 DAGs
[2022-11-23T09:47:02.249-0600] {logging_mixin.py:137} INFO - [2022-11-23T09:47:02.249-0600] {dag.py:3336} INFO - Setting next_dagrun for example_subdag_operator.section-1 to None, run_after=None
[2022-11-23T09:47:02.250-0600] {logging_mixin.py:137} INFO - [2022-11-23T09:47:02.250-0600] {dag.py:3336} INFO - Setting next_dagrun for example_subdag_operator.section-2 to None, run_after=None
[2022-11-23T09:47:02.268-0600] {processor.py:176} INFO - Processing /home/Rex/jetbrains-toolbox-1.26.5.13419/Py/Dexter-airflow/venv/lib64/python3.10/site-packages/airflow/example_dags/example_subdag_operator.py took 0.192 seconds
[2022-11-23T09:47:45.374-0600] {processor.py:154} INFO - Started process (PID=17109) to work on /home/Rex/jetbrains-toolbox-1.26.5.13419/Py/Dexter-airflow/venv/lib64/python3.10/site-packages/airflow/example_dags/example_subdag_operator.py
[2022-11-23T09:47:45.381-0600] {processor.py:756} INFO - Processing file /home/Rex/jetbrains-toolbox-1.26.5.13419/Py/Dexter-airflow/venv/lib64/python3.10/site-packages/airflow/example_dags/example_subdag_operator.py for tasks to queue
[2022-11-23T09:47:45.384-0600] {logging_mixin.py:137} INFO - [2022-11-23T09:47:45.384-0600] {dagbag.py:537} INFO - Filling up the DagBag from /home/Rex/jetbrains-toolbox-1.26.5.13419/Py/Dexter-airflow/venv/lib64/python3.10/site-packages/airflow/example_dags/example_subdag_operator.py
[2022-11-23T09:47:45.416-0600] {processor.py:766} INFO - DAG(s) dict_keys(['example_subdag_operator.section-1', 'example_subdag_operator.section-2', 'example_subdag_operator']) retrieved from /home/Rex/jetbrains-toolbox-1.26.5.13419/Py/Dexter-airflow/venv/lib64/python3.10/site-packages/airflow/example_dags/example_subdag_operator.py
[2022-11-23T09:47:45.525-0600] {logging_mixin.py:137} INFO - [2022-11-23T09:47:45.525-0600] {dag.py:2585} INFO - Sync 3 DAGs
[2022-11-23T09:47:45.543-0600] {logging_mixin.py:137} INFO - [2022-11-23T09:47:45.543-0600] {dag.py:3336} INFO - Setting next_dagrun for example_subdag_operator to 2022-01-01T00:00:00+00:00, run_after=2022-01-01T00:00:00+00:00
[2022-11-23T09:47:45.545-0600] {logging_mixin.py:137} INFO - [2022-11-23T09:47:45.545-0600] {dag.py:3336} INFO - Setting next_dagrun for example_subdag_operator.section-1 to None, run_after=None
[2022-11-23T09:47:45.546-0600] {logging_mixin.py:137} INFO - [2022-11-23T09:47:45.546-0600] {dag.py:3336} INFO - Setting next_dagrun for example_subdag_operator.section-2 to None, run_after=None
[2022-11-23T09:47:45.556-0600] {logging_mixin.py:137} INFO - [2022-11-23T09:47:45.555-0600] {dag.py:2585} INFO - Sync 2 DAGs
[2022-11-23T09:47:45.559-0600] {logging_mixin.py:137} INFO - [2022-11-23T09:47:45.559-0600] {dag.py:3336} INFO - Setting next_dagrun for example_subdag_operator.section-1 to None, run_after=None
[2022-11-23T09:47:45.559-0600] {logging_mixin.py:137} INFO - [2022-11-23T09:47:45.559-0600] {dag.py:3336} INFO - Setting next_dagrun for example_subdag_operator.section-2 to None, run_after=None
[2022-11-23T09:47:45.578-0600] {processor.py:176} INFO - Processing /home/Rex/jetbrains-toolbox-1.26.5.13419/Py/Dexter-airflow/venv/lib64/python3.10/site-packages/airflow/example_dags/example_subdag_operator.py took 0.211 seconds
