[2022-11-23T09:46:38.388-0600] {processor.py:154} INFO - Started process (PID=16958) to work on /home/Rex/jetbrains-toolbox-1.26.5.13419/Py/Dexter-airflow/venv/lib64/python3.10/site-packages/airflow/example_dags/example_complex.py
[2022-11-23T09:46:38.389-0600] {processor.py:756} INFO - Processing file /home/Rex/jetbrains-toolbox-1.26.5.13419/Py/Dexter-airflow/venv/lib64/python3.10/site-packages/airflow/example_dags/example_complex.py for tasks to queue
[2022-11-23T09:46:38.391-0600] {logging_mixin.py:137} INFO - [2022-11-23T09:46:38.391-0600] {dagbag.py:537} INFO - Filling up the DagBag from /home/Rex/jetbrains-toolbox-1.26.5.13419/Py/Dexter-airflow/venv/lib64/python3.10/site-packages/airflow/example_dags/example_complex.py
[2022-11-23T09:46:38.409-0600] {logging_mixin.py:137} INFO - [2022-11-23T09:46:38.409-0600] {taskmixin.py:205} WARNING - Dependency <Task(BashOperator): create_entry_group>, delete_entry_group already registered for DAG: example_complex
[2022-11-23T09:46:38.409-0600] {logging_mixin.py:137} INFO - [2022-11-23T09:46:38.409-0600] {taskmixin.py:205} WARNING - Dependency <Task(BashOperator): delete_entry_group>, create_entry_group already registered for DAG: example_complex
[2022-11-23T09:46:38.409-0600] {logging_mixin.py:137} INFO - [2022-11-23T09:46:38.409-0600] {taskmixin.py:205} WARNING - Dependency <Task(BashOperator): create_entry_gcs>, delete_entry already registered for DAG: example_complex
[2022-11-23T09:46:38.410-0600] {logging_mixin.py:137} INFO - [2022-11-23T09:46:38.410-0600] {taskmixin.py:205} WARNING - Dependency <Task(BashOperator): delete_entry>, create_entry_gcs already registered for DAG: example_complex
[2022-11-23T09:46:38.410-0600] {logging_mixin.py:137} INFO - [2022-11-23T09:46:38.410-0600] {taskmixin.py:205} WARNING - Dependency <Task(BashOperator): create_tag>, delete_tag already registered for DAG: example_complex
[2022-11-23T09:46:38.410-0600] {logging_mixin.py:137} INFO - [2022-11-23T09:46:38.410-0600] {taskmixin.py:205} WARNING - Dependency <Task(BashOperator): delete_tag>, create_tag already registered for DAG: example_complex
[2022-11-23T09:46:38.422-0600] {processor.py:766} INFO - DAG(s) dict_keys(['example_complex']) retrieved from /home/Rex/jetbrains-toolbox-1.26.5.13419/Py/Dexter-airflow/venv/lib64/python3.10/site-packages/airflow/example_dags/example_complex.py
[2022-11-23T09:46:38.527-0600] {logging_mixin.py:137} INFO - [2022-11-23T09:46:38.527-0600] {manager.py:507} INFO - Created Permission View: can edit on DAG:example_complex
[2022-11-23T09:46:38.540-0600] {logging_mixin.py:137} INFO - [2022-11-23T09:46:38.540-0600] {manager.py:507} INFO - Created Permission View: can delete on DAG:example_complex
[2022-11-23T09:46:38.548-0600] {logging_mixin.py:137} INFO - [2022-11-23T09:46:38.548-0600] {manager.py:507} INFO - Created Permission View: can read on DAG:example_complex
[2022-11-23T09:46:38.549-0600] {logging_mixin.py:137} INFO - [2022-11-23T09:46:38.549-0600] {dag.py:2585} INFO - Sync 1 DAGs
[2022-11-23T09:46:38.555-0600] {logging_mixin.py:137} INFO - [2022-11-23T09:46:38.555-0600] {dag.py:2606} INFO - Creating ORM DAG for example_complex
[2022-11-23T09:46:38.560-0600] {logging_mixin.py:137} INFO - [2022-11-23T09:46:38.560-0600] {dag.py:3336} INFO - Setting next_dagrun for example_complex to None, run_after=None
[2022-11-23T09:46:38.578-0600] {processor.py:176} INFO - Processing /home/Rex/jetbrains-toolbox-1.26.5.13419/Py/Dexter-airflow/venv/lib64/python3.10/site-packages/airflow/example_dags/example_complex.py took 0.198 seconds
[2022-11-23T09:47:18.818-0600] {processor.py:154} INFO - Started process (PID=17067) to work on /home/Rex/jetbrains-toolbox-1.26.5.13419/Py/Dexter-airflow/venv/lib64/python3.10/site-packages/airflow/example_dags/example_complex.py
[2022-11-23T09:47:18.819-0600] {processor.py:756} INFO - Processing file /home/Rex/jetbrains-toolbox-1.26.5.13419/Py/Dexter-airflow/venv/lib64/python3.10/site-packages/airflow/example_dags/example_complex.py for tasks to queue
[2022-11-23T09:47:18.821-0600] {logging_mixin.py:137} INFO - [2022-11-23T09:47:18.821-0600] {dagbag.py:537} INFO - Filling up the DagBag from /home/Rex/jetbrains-toolbox-1.26.5.13419/Py/Dexter-airflow/venv/lib64/python3.10/site-packages/airflow/example_dags/example_complex.py
[2022-11-23T09:47:18.838-0600] {logging_mixin.py:137} INFO - [2022-11-23T09:47:18.838-0600] {taskmixin.py:205} WARNING - Dependency <Task(BashOperator): create_entry_group>, delete_entry_group already registered for DAG: example_complex
[2022-11-23T09:47:18.838-0600] {logging_mixin.py:137} INFO - [2022-11-23T09:47:18.838-0600] {taskmixin.py:205} WARNING - Dependency <Task(BashOperator): delete_entry_group>, create_entry_group already registered for DAG: example_complex
[2022-11-23T09:47:18.839-0600] {logging_mixin.py:137} INFO - [2022-11-23T09:47:18.838-0600] {taskmixin.py:205} WARNING - Dependency <Task(BashOperator): create_entry_gcs>, delete_entry already registered for DAG: example_complex
[2022-11-23T09:47:18.839-0600] {logging_mixin.py:137} INFO - [2022-11-23T09:47:18.839-0600] {taskmixin.py:205} WARNING - Dependency <Task(BashOperator): delete_entry>, create_entry_gcs already registered for DAG: example_complex
[2022-11-23T09:47:18.839-0600] {logging_mixin.py:137} INFO - [2022-11-23T09:47:18.839-0600] {taskmixin.py:205} WARNING - Dependency <Task(BashOperator): create_tag>, delete_tag already registered for DAG: example_complex
[2022-11-23T09:47:18.839-0600] {logging_mixin.py:137} INFO - [2022-11-23T09:47:18.839-0600] {taskmixin.py:205} WARNING - Dependency <Task(BashOperator): delete_tag>, create_tag already registered for DAG: example_complex
[2022-11-23T09:47:18.851-0600] {processor.py:766} INFO - DAG(s) dict_keys(['example_complex']) retrieved from /home/Rex/jetbrains-toolbox-1.26.5.13419/Py/Dexter-airflow/venv/lib64/python3.10/site-packages/airflow/example_dags/example_complex.py
[2022-11-23T09:47:18.877-0600] {logging_mixin.py:137} INFO - [2022-11-23T09:47:18.876-0600] {dag.py:2585} INFO - Sync 1 DAGs
[2022-11-23T09:47:18.895-0600] {logging_mixin.py:137} INFO - [2022-11-23T09:47:18.895-0600] {dag.py:3336} INFO - Setting next_dagrun for example_complex to None, run_after=None
[2022-11-23T09:47:18.923-0600] {processor.py:176} INFO - Processing /home/Rex/jetbrains-toolbox-1.26.5.13419/Py/Dexter-airflow/venv/lib64/python3.10/site-packages/airflow/example_dags/example_complex.py took 0.109 seconds
