[2022-11-23T09:46:24.061-0600] {processor.py:154} INFO - Started process (PID=16937) to work on /home/Rex/jetbrains-toolbox-1.26.5.13419/Py/Dexter-airflow/venv/lib64/python3.10/site-packages/airflow/example_dags/example_dag_decorator.py
[2022-11-23T09:46:24.062-0600] {processor.py:756} INFO - Processing file /home/Rex/jetbrains-toolbox-1.26.5.13419/Py/Dexter-airflow/venv/lib64/python3.10/site-packages/airflow/example_dags/example_dag_decorator.py for tasks to queue
[2022-11-23T09:46:24.063-0600] {logging_mixin.py:137} INFO - [2022-11-23T09:46:24.063-0600] {dagbag.py:537} INFO - Filling up the DagBag from /home/Rex/jetbrains-toolbox-1.26.5.13419/Py/Dexter-airflow/venv/lib64/python3.10/site-packages/airflow/example_dags/example_dag_decorator.py
[2022-11-23T09:46:24.082-0600] {logging_mixin.py:137} INFO - [2022-11-23T09:46:24.082-0600] {taskmixin.py:205} WARNING - Dependency <Task(_PythonDecoratedOperator): prepare_email>, send_email already registered for DAG: example_dag_decorator
[2022-11-23T09:46:24.082-0600] {logging_mixin.py:137} INFO - [2022-11-23T09:46:24.082-0600] {taskmixin.py:205} WARNING - Dependency <Task(EmailOperator): send_email>, prepare_email already registered for DAG: example_dag_decorator
[2022-11-23T09:46:24.092-0600] {processor.py:766} INFO - DAG(s) dict_keys(['example_dag_decorator']) retrieved from /home/Rex/jetbrains-toolbox-1.26.5.13419/Py/Dexter-airflow/venv/lib64/python3.10/site-packages/airflow/example_dags/example_dag_decorator.py
[2022-11-23T09:46:24.229-0600] {logging_mixin.py:137} INFO - [2022-11-23T09:46:24.228-0600] {manager.py:507} INFO - Created Permission View: can edit on DAG:example_dag_decorator
[2022-11-23T09:46:24.246-0600] {logging_mixin.py:137} INFO - [2022-11-23T09:46:24.245-0600] {manager.py:507} INFO - Created Permission View: can delete on DAG:example_dag_decorator
[2022-11-23T09:46:24.261-0600] {logging_mixin.py:137} INFO - [2022-11-23T09:46:24.260-0600] {manager.py:507} INFO - Created Permission View: can read on DAG:example_dag_decorator
[2022-11-23T09:46:24.261-0600] {logging_mixin.py:137} INFO - [2022-11-23T09:46:24.261-0600] {dag.py:2585} INFO - Sync 1 DAGs
[2022-11-23T09:46:24.268-0600] {logging_mixin.py:137} INFO - [2022-11-23T09:46:24.268-0600] {dag.py:2606} INFO - Creating ORM DAG for example_dag_decorator
[2022-11-23T09:46:24.275-0600] {logging_mixin.py:137} INFO - [2022-11-23T09:46:24.275-0600] {dag.py:3336} INFO - Setting next_dagrun for example_dag_decorator to None, run_after=None
[2022-11-23T09:46:24.317-0600] {processor.py:176} INFO - Processing /home/Rex/jetbrains-toolbox-1.26.5.13419/Py/Dexter-airflow/venv/lib64/python3.10/site-packages/airflow/example_dags/example_dag_decorator.py took 0.257 seconds
[2022-11-23T09:47:03.351-0600] {processor.py:154} INFO - Started process (PID=17045) to work on /home/Rex/jetbrains-toolbox-1.26.5.13419/Py/Dexter-airflow/venv/lib64/python3.10/site-packages/airflow/example_dags/example_dag_decorator.py
[2022-11-23T09:47:03.354-0600] {processor.py:756} INFO - Processing file /home/Rex/jetbrains-toolbox-1.26.5.13419/Py/Dexter-airflow/venv/lib64/python3.10/site-packages/airflow/example_dags/example_dag_decorator.py for tasks to queue
[2022-11-23T09:47:03.357-0600] {logging_mixin.py:137} INFO - [2022-11-23T09:47:03.357-0600] {dagbag.py:537} INFO - Filling up the DagBag from /home/Rex/jetbrains-toolbox-1.26.5.13419/Py/Dexter-airflow/venv/lib64/python3.10/site-packages/airflow/example_dags/example_dag_decorator.py
[2022-11-23T09:47:03.382-0600] {logging_mixin.py:137} INFO - [2022-11-23T09:47:03.382-0600] {taskmixin.py:205} WARNING - Dependency <Task(_PythonDecoratedOperator): prepare_email>, send_email already registered for DAG: example_dag_decorator
[2022-11-23T09:47:03.382-0600] {logging_mixin.py:137} INFO - [2022-11-23T09:47:03.382-0600] {taskmixin.py:205} WARNING - Dependency <Task(EmailOperator): send_email>, prepare_email already registered for DAG: example_dag_decorator
[2022-11-23T09:47:03.391-0600] {processor.py:766} INFO - DAG(s) dict_keys(['example_dag_decorator']) retrieved from /home/Rex/jetbrains-toolbox-1.26.5.13419/Py/Dexter-airflow/venv/lib64/python3.10/site-packages/airflow/example_dags/example_dag_decorator.py
[2022-11-23T09:47:03.438-0600] {logging_mixin.py:137} INFO - [2022-11-23T09:47:03.438-0600] {dag.py:2585} INFO - Sync 1 DAGs
[2022-11-23T09:47:03.455-0600] {logging_mixin.py:137} INFO - [2022-11-23T09:47:03.455-0600] {dag.py:3336} INFO - Setting next_dagrun for example_dag_decorator to None, run_after=None
[2022-11-23T09:47:03.482-0600] {processor.py:176} INFO - Processing /home/Rex/jetbrains-toolbox-1.26.5.13419/Py/Dexter-airflow/venv/lib64/python3.10/site-packages/airflow/example_dags/example_dag_decorator.py took 0.139 seconds
[2022-11-23T09:47:45.751-0600] {processor.py:154} INFO - Started process (PID=17110) to work on /home/Rex/jetbrains-toolbox-1.26.5.13419/Py/Dexter-airflow/venv/lib64/python3.10/site-packages/airflow/example_dags/example_dag_decorator.py
[2022-11-23T09:47:45.759-0600] {processor.py:756} INFO - Processing file /home/Rex/jetbrains-toolbox-1.26.5.13419/Py/Dexter-airflow/venv/lib64/python3.10/site-packages/airflow/example_dags/example_dag_decorator.py for tasks to queue
[2022-11-23T09:47:45.760-0600] {logging_mixin.py:137} INFO - [2022-11-23T09:47:45.760-0600] {dagbag.py:537} INFO - Filling up the DagBag from /home/Rex/jetbrains-toolbox-1.26.5.13419/Py/Dexter-airflow/venv/lib64/python3.10/site-packages/airflow/example_dags/example_dag_decorator.py
[2022-11-23T09:47:45.777-0600] {logging_mixin.py:137} INFO - [2022-11-23T09:47:45.777-0600] {taskmixin.py:205} WARNING - Dependency <Task(_PythonDecoratedOperator): prepare_email>, send_email already registered for DAG: example_dag_decorator
[2022-11-23T09:47:45.777-0600] {logging_mixin.py:137} INFO - [2022-11-23T09:47:45.777-0600] {taskmixin.py:205} WARNING - Dependency <Task(EmailOperator): send_email>, prepare_email already registered for DAG: example_dag_decorator
[2022-11-23T09:47:45.793-0600] {processor.py:766} INFO - DAG(s) dict_keys(['example_dag_decorator']) retrieved from /home/Rex/jetbrains-toolbox-1.26.5.13419/Py/Dexter-airflow/venv/lib64/python3.10/site-packages/airflow/example_dags/example_dag_decorator.py
[2022-11-23T09:47:45.845-0600] {logging_mixin.py:137} INFO - [2022-11-23T09:47:45.845-0600] {dag.py:2585} INFO - Sync 1 DAGs
[2022-11-23T09:47:45.872-0600] {logging_mixin.py:137} INFO - [2022-11-23T09:47:45.872-0600] {dag.py:3336} INFO - Setting next_dagrun for example_dag_decorator to None, run_after=None
[2022-11-23T09:47:45.897-0600] {processor.py:176} INFO - Processing /home/Rex/jetbrains-toolbox-1.26.5.13419/Py/Dexter-airflow/venv/lib64/python3.10/site-packages/airflow/example_dags/example_dag_decorator.py took 0.151 seconds
