[2022-11-23T09:46:00.868-0600] {processor.py:154} INFO - Started process (PID=16840) to work on /home/Rex/jetbrains-toolbox-1.26.5.13419/Py/Dexter-airflow/venv/lib64/python3.10/site-packages/airflow/example_dags/tutorial_taskflow_api.py
[2022-11-23T09:46:00.871-0600] {processor.py:756} INFO - Processing file /home/Rex/jetbrains-toolbox-1.26.5.13419/Py/Dexter-airflow/venv/lib64/python3.10/site-packages/airflow/example_dags/tutorial_taskflow_api.py for tasks to queue
[2022-11-23T09:46:00.874-0600] {logging_mixin.py:137} INFO - [2022-11-23T09:46:00.874-0600] {dagbag.py:537} INFO - Filling up the DagBag from /home/Rex/jetbrains-toolbox-1.26.5.13419/Py/Dexter-airflow/venv/lib64/python3.10/site-packages/airflow/example_dags/tutorial_taskflow_api.py
[2022-11-23T09:46:00.903-0600] {processor.py:766} INFO - DAG(s) dict_keys(['tutorial_taskflow_api']) retrieved from /home/Rex/jetbrains-toolbox-1.26.5.13419/Py/Dexter-airflow/venv/lib64/python3.10/site-packages/airflow/example_dags/tutorial_taskflow_api.py
[2022-11-23T09:46:01.003-0600] {logging_mixin.py:137} INFO - [2022-11-23T09:46:01.003-0600] {manager.py:507} INFO - Created Permission View: can edit on DAG:tutorial_taskflow_api
[2022-11-23T09:46:01.017-0600] {logging_mixin.py:137} INFO - [2022-11-23T09:46:01.017-0600] {manager.py:507} INFO - Created Permission View: can delete on DAG:tutorial_taskflow_api
[2022-11-23T09:46:01.031-0600] {logging_mixin.py:137} INFO - [2022-11-23T09:46:01.030-0600] {manager.py:507} INFO - Created Permission View: can read on DAG:tutorial_taskflow_api
[2022-11-23T09:46:01.031-0600] {logging_mixin.py:137} INFO - [2022-11-23T09:46:01.031-0600] {dag.py:2585} INFO - Sync 1 DAGs
[2022-11-23T09:46:01.044-0600] {logging_mixin.py:137} INFO - [2022-11-23T09:46:01.044-0600] {dag.py:2606} INFO - Creating ORM DAG for tutorial_taskflow_api
[2022-11-23T09:46:01.055-0600] {logging_mixin.py:137} INFO - [2022-11-23T09:46:01.055-0600] {dag.py:3336} INFO - Setting next_dagrun for tutorial_taskflow_api to None, run_after=None
[2022-11-23T09:46:01.069-0600] {processor.py:176} INFO - Processing /home/Rex/jetbrains-toolbox-1.26.5.13419/Py/Dexter-airflow/venv/lib64/python3.10/site-packages/airflow/example_dags/tutorial_taskflow_api.py took 0.208 seconds
[2022-11-23T09:46:43.762-0600] {processor.py:154} INFO - Started process (PID=16966) to work on /home/Rex/jetbrains-toolbox-1.26.5.13419/Py/Dexter-airflow/venv/lib64/python3.10/site-packages/airflow/example_dags/tutorial_taskflow_api.py
[2022-11-23T09:46:43.765-0600] {processor.py:756} INFO - Processing file /home/Rex/jetbrains-toolbox-1.26.5.13419/Py/Dexter-airflow/venv/lib64/python3.10/site-packages/airflow/example_dags/tutorial_taskflow_api.py for tasks to queue
[2022-11-23T09:46:43.770-0600] {logging_mixin.py:137} INFO - [2022-11-23T09:46:43.770-0600] {dagbag.py:537} INFO - Filling up the DagBag from /home/Rex/jetbrains-toolbox-1.26.5.13419/Py/Dexter-airflow/venv/lib64/python3.10/site-packages/airflow/example_dags/tutorial_taskflow_api.py
[2022-11-23T09:46:43.795-0600] {processor.py:766} INFO - DAG(s) dict_keys(['tutorial_taskflow_api']) retrieved from /home/Rex/jetbrains-toolbox-1.26.5.13419/Py/Dexter-airflow/venv/lib64/python3.10/site-packages/airflow/example_dags/tutorial_taskflow_api.py
[2022-11-23T09:46:43.823-0600] {logging_mixin.py:137} INFO - [2022-11-23T09:46:43.823-0600] {dag.py:2585} INFO - Sync 1 DAGs
[2022-11-23T09:46:43.842-0600] {logging_mixin.py:137} INFO - [2022-11-23T09:46:43.842-0600] {dag.py:3336} INFO - Setting next_dagrun for tutorial_taskflow_api to None, run_after=None
[2022-11-23T09:46:43.873-0600] {processor.py:176} INFO - Processing /home/Rex/jetbrains-toolbox-1.26.5.13419/Py/Dexter-airflow/venv/lib64/python3.10/site-packages/airflow/example_dags/tutorial_taskflow_api.py took 0.116 seconds
[2022-11-23T09:47:23.824-0600] {processor.py:154} INFO - Started process (PID=17076) to work on /home/Rex/jetbrains-toolbox-1.26.5.13419/Py/Dexter-airflow/venv/lib64/python3.10/site-packages/airflow/example_dags/tutorial_taskflow_api.py
[2022-11-23T09:47:23.827-0600] {processor.py:756} INFO - Processing file /home/Rex/jetbrains-toolbox-1.26.5.13419/Py/Dexter-airflow/venv/lib64/python3.10/site-packages/airflow/example_dags/tutorial_taskflow_api.py for tasks to queue
[2022-11-23T09:47:23.830-0600] {logging_mixin.py:137} INFO - [2022-11-23T09:47:23.829-0600] {dagbag.py:537} INFO - Filling up the DagBag from /home/Rex/jetbrains-toolbox-1.26.5.13419/Py/Dexter-airflow/venv/lib64/python3.10/site-packages/airflow/example_dags/tutorial_taskflow_api.py
[2022-11-23T09:47:23.859-0600] {processor.py:766} INFO - DAG(s) dict_keys(['tutorial_taskflow_api']) retrieved from /home/Rex/jetbrains-toolbox-1.26.5.13419/Py/Dexter-airflow/venv/lib64/python3.10/site-packages/airflow/example_dags/tutorial_taskflow_api.py
[2022-11-23T09:47:23.876-0600] {logging_mixin.py:137} INFO - [2022-11-23T09:47:23.876-0600] {dag.py:2585} INFO - Sync 1 DAGs
[2022-11-23T09:47:23.895-0600] {logging_mixin.py:137} INFO - [2022-11-23T09:47:23.895-0600] {dag.py:3336} INFO - Setting next_dagrun for tutorial_taskflow_api to None, run_after=None
[2022-11-23T09:47:23.914-0600] {processor.py:176} INFO - Processing /home/Rex/jetbrains-toolbox-1.26.5.13419/Py/Dexter-airflow/venv/lib64/python3.10/site-packages/airflow/example_dags/tutorial_taskflow_api.py took 0.099 seconds
