[2022-11-23T09:45:58.257-0600] {processor.py:154} INFO - Started process (PID=16822) to work on /home/Rex/jetbrains-toolbox-1.26.5.13419/Py/Dexter-airflow/venv/lib64/python3.10/site-packages/airflow/example_dags/tutorial.py
[2022-11-23T09:45:58.259-0600] {processor.py:756} INFO - Processing file /home/Rex/jetbrains-toolbox-1.26.5.13419/Py/Dexter-airflow/venv/lib64/python3.10/site-packages/airflow/example_dags/tutorial.py for tasks to queue
[2022-11-23T09:45:58.262-0600] {logging_mixin.py:137} INFO - [2022-11-23T09:45:58.262-0600] {dagbag.py:537} INFO - Filling up the DagBag from /home/Rex/jetbrains-toolbox-1.26.5.13419/Py/Dexter-airflow/venv/lib64/python3.10/site-packages/airflow/example_dags/tutorial.py
[2022-11-23T09:45:58.281-0600] {processor.py:766} INFO - DAG(s) dict_keys(['tutorial']) retrieved from /home/Rex/jetbrains-toolbox-1.26.5.13419/Py/Dexter-airflow/venv/lib64/python3.10/site-packages/airflow/example_dags/tutorial.py
[2022-11-23T09:45:58.386-0600] {logging_mixin.py:137} INFO - [2022-11-23T09:45:58.385-0600] {manager.py:507} INFO - Created Permission View: can edit on DAG:tutorial
[2022-11-23T09:45:58.398-0600] {logging_mixin.py:137} INFO - [2022-11-23T09:45:58.398-0600] {manager.py:507} INFO - Created Permission View: can delete on DAG:tutorial
[2022-11-23T09:45:58.411-0600] {logging_mixin.py:137} INFO - [2022-11-23T09:45:58.410-0600] {manager.py:507} INFO - Created Permission View: can read on DAG:tutorial
[2022-11-23T09:45:58.411-0600] {logging_mixin.py:137} INFO - [2022-11-23T09:45:58.411-0600] {dag.py:2585} INFO - Sync 1 DAGs
[2022-11-23T09:45:58.423-0600] {logging_mixin.py:137} INFO - [2022-11-23T09:45:58.423-0600] {dag.py:2606} INFO - Creating ORM DAG for tutorial
[2022-11-23T09:45:58.429-0600] {logging_mixin.py:137} INFO - [2022-11-23T09:45:58.429-0600] {dag.py:3336} INFO - Setting next_dagrun for tutorial to 2022-11-22T15:45:58.429123+00:00, run_after=2022-11-23T15:45:58.429123+00:00
[2022-11-23T09:45:58.442-0600] {processor.py:176} INFO - Processing /home/Rex/jetbrains-toolbox-1.26.5.13419/Py/Dexter-airflow/venv/lib64/python3.10/site-packages/airflow/example_dags/tutorial.py took 0.197 seconds
[2022-11-23T09:46:42.289-0600] {processor.py:154} INFO - Started process (PID=16964) to work on /home/Rex/jetbrains-toolbox-1.26.5.13419/Py/Dexter-airflow/venv/lib64/python3.10/site-packages/airflow/example_dags/tutorial.py
[2022-11-23T09:46:42.293-0600] {processor.py:756} INFO - Processing file /home/Rex/jetbrains-toolbox-1.26.5.13419/Py/Dexter-airflow/venv/lib64/python3.10/site-packages/airflow/example_dags/tutorial.py for tasks to queue
[2022-11-23T09:46:42.297-0600] {logging_mixin.py:137} INFO - [2022-11-23T09:46:42.296-0600] {dagbag.py:537} INFO - Filling up the DagBag from /home/Rex/jetbrains-toolbox-1.26.5.13419/Py/Dexter-airflow/venv/lib64/python3.10/site-packages/airflow/example_dags/tutorial.py
[2022-11-23T09:46:42.322-0600] {processor.py:766} INFO - DAG(s) dict_keys(['tutorial']) retrieved from /home/Rex/jetbrains-toolbox-1.26.5.13419/Py/Dexter-airflow/venv/lib64/python3.10/site-packages/airflow/example_dags/tutorial.py
[2022-11-23T09:46:42.352-0600] {logging_mixin.py:137} INFO - [2022-11-23T09:46:42.352-0600] {dag.py:2585} INFO - Sync 1 DAGs
[2022-11-23T09:46:42.372-0600] {logging_mixin.py:137} INFO - [2022-11-23T09:46:42.372-0600] {dag.py:3336} INFO - Setting next_dagrun for tutorial to 2022-11-22T15:46:42.372647+00:00, run_after=2022-11-23T15:46:42.372647+00:00
[2022-11-23T09:46:42.403-0600] {processor.py:176} INFO - Processing /home/Rex/jetbrains-toolbox-1.26.5.13419/Py/Dexter-airflow/venv/lib64/python3.10/site-packages/airflow/example_dags/tutorial.py took 0.124 seconds
[2022-11-23T09:47:21.375-0600] {processor.py:154} INFO - Started process (PID=17071) to work on /home/Rex/jetbrains-toolbox-1.26.5.13419/Py/Dexter-airflow/venv/lib64/python3.10/site-packages/airflow/example_dags/tutorial.py
[2022-11-23T09:47:21.376-0600] {processor.py:756} INFO - Processing file /home/Rex/jetbrains-toolbox-1.26.5.13419/Py/Dexter-airflow/venv/lib64/python3.10/site-packages/airflow/example_dags/tutorial.py for tasks to queue
[2022-11-23T09:47:21.378-0600] {logging_mixin.py:137} INFO - [2022-11-23T09:47:21.378-0600] {dagbag.py:537} INFO - Filling up the DagBag from /home/Rex/jetbrains-toolbox-1.26.5.13419/Py/Dexter-airflow/venv/lib64/python3.10/site-packages/airflow/example_dags/tutorial.py
[2022-11-23T09:47:21.397-0600] {processor.py:766} INFO - DAG(s) dict_keys(['tutorial']) retrieved from /home/Rex/jetbrains-toolbox-1.26.5.13419/Py/Dexter-airflow/venv/lib64/python3.10/site-packages/airflow/example_dags/tutorial.py
[2022-11-23T09:47:21.421-0600] {logging_mixin.py:137} INFO - [2022-11-23T09:47:21.421-0600] {dag.py:2585} INFO - Sync 1 DAGs
[2022-11-23T09:47:21.436-0600] {logging_mixin.py:137} INFO - [2022-11-23T09:47:21.435-0600] {dag.py:3336} INFO - Setting next_dagrun for tutorial to 2022-11-22T15:47:21.435683+00:00, run_after=2022-11-23T15:47:21.435683+00:00
[2022-11-23T09:47:21.464-0600] {processor.py:176} INFO - Processing /home/Rex/jetbrains-toolbox-1.26.5.13419/Py/Dexter-airflow/venv/lib64/python3.10/site-packages/airflow/example_dags/tutorial.py took 0.093 seconds
